2025-11-27 22:16:56.633 INFO  c.k.k.c.l.logback.LogbackConfigurator    - Logback default configuration initialized from: C:\Users\USER\.katalon\packages\KSE-10.4.2\configuration\org.eclipse.osgi\132\0\.cp\resources\logback\logback-execution.xml
2025-11-27 22:16:56.638 INFO  c.k.k.c.l.logback.LogbackConfigurator    - Logback custom configuration initialized from: T:\Lawencon\Interview\Fix\case01\AutomationPracticeForm\AutomationPracticeForm\Include\config\log.properties
2025-11-27 22:16:57.477 INFO  c.k.katalon.core.main.TestSuiteExecutor  - START Test Suites/TSPracticeFormPositive
2025-11-27 22:16:57.841 INFO  c.k.katalon.core.main.TestSuiteExecutor  - userFullName = Taufik Romadhon
2025-11-27 22:16:57.844 INFO  c.k.katalon.core.main.TestSuiteExecutor  - projectName = AutomationPracticeForm
2025-11-27 22:16:57.886 INFO  c.k.katalon.core.main.TestSuiteExecutor  - hostName = USER - LAPTOP-KNF1HLK6
2025-11-27 22:16:57.889 INFO  c.k.katalon.core.main.TestSuiteExecutor  - os = Windows 11 64bit
2025-11-27 22:16:57.893 INFO  c.k.katalon.core.main.TestSuiteExecutor  - hostAddress = 10.156.170.155
2025-11-27 22:16:57.899 INFO  c.k.katalon.core.main.TestSuiteExecutor  - katalonVersion = 10.4.2.0
2025-11-27 22:17:00.032 INFO  c.k.katalon.core.main.TestCaseExecutor   - --------------------
2025-11-27 22:17:00.032 INFO  c.k.katalon.core.main.TestCaseExecutor   - START Test Cases/Positive/Case01-8-P1 Success Submit Practice Form
2025-11-27 22:17:00.301 INFO  c.k.katalon.core.main.TestCaseExecutor   - Firstname = Awal
2025-11-27 22:17:00.302 INFO  c.k.katalon.core.main.TestCaseExecutor   - Lastname = Akhir
2025-11-27 22:17:00.303 INFO  c.k.katalon.core.main.TestCaseExecutor   - EmailAddress = email@email.com
2025-11-27 22:17:00.305 INFO  c.k.katalon.core.main.TestCaseExecutor   - MobileNumber = 0858567891
2025-11-27 22:17:00.307 INFO  c.k.katalon.core.main.TestCaseExecutor   - DateOfBirth = 17 Aug 1945
2025-11-27 22:17:00.309 INFO  c.k.katalon.core.main.TestCaseExecutor   - FilePathInputBrowse = /Data Files/Images/person-dummy.jpg
2025-11-27 22:17:00.313 INFO  c.k.katalon.core.main.TestCaseExecutor   - Subjects = Math
2025-11-27 22:17:00.314 INFO  c.k.katalon.core.main.TestCaseExecutor   - CurrentAddress = Sample Address A
2025-11-27 22:17:00.316 INFO  c.k.katalon.core.main.TestCaseExecutor   - State = NCR
2025-11-27 22:17:00.317 INFO  c.k.katalon.core.main.TestCaseExecutor   - City = Delhi
2025-11-27 22:17:01.710 DEBUG Case01-8-P1 Success Submit Practice Form - 1: openBrowser("")
2025-11-27 22:17:02.185 INFO  c.k.k.core.webui.driver.DriverFactory    - Starting 'Chrome (headless)' driver
2025-11-27 22:17:02.304 INFO  c.k.k.core.webui.driver.DriverFactory    - Action delay is set to 0 milliseconds
Nov 27, 2025 10:17:04 PM org.openqa.selenium.devtools.CdpVersionFinder findNearestMatch
WARNING: Unable to find an exact match for CDP version 142, returning the closest version; found: 138; Please update to a Selenium version that supports CDP version 142
2025-11-27 22:17:05.241 INFO  c.k.k.core.webui.driver.DriverFactory    - sessionId = 67cdfe8b268d1c2188879cf8cbe97303
2025-11-27 22:17:05.242 INFO  c.k.k.core.webui.driver.DriverFactory    - browser = Chrome 142.0.7444.176
2025-11-27 22:17:05.243 INFO  c.k.k.core.webui.driver.DriverFactory    - platform = Windows 11
2025-11-27 22:17:05.243 INFO  c.k.k.core.webui.driver.DriverFactory    - seleniumVersion = 4.34.0
2025-11-27 22:17:05.280 INFO  c.k.k.core.webui.driver.DriverFactory    - proxyInformation = ProxyInformation { proxyOption=NO_PROXY, proxyServerType=HTTP, username=, password=********, proxyServerAddress=, proxyServerPort=0, executionList="", isApplyToDesiredCapabilities=true }
2025-11-27 22:17:05.353 DEBUG Case01-8-P1 Success Submit Practice Form - 2: navigateToUrl("https://demoqa.com/automation-practice-form")
2025-11-27 22:17:15.404 DEBUG Case01-8-P1 Success Submit Practice Form - 3: delay(2)
2025-11-27 22:17:17.490 DEBUG Case01-8-P1 Success Submit Practice Form - 4: maximizeWindow()
2025-11-27 22:17:17.572 DEBUG Case01-8-P1 Success Submit Practice Form - 5: verifyElementPresent(findTestObject("Page_DEMOQA/input_Name_firstName"), 8)
2025-11-27 22:17:18.089 DEBUG Case01-8-P1 Success Submit Practice Form - 6: verifyElementVisible(findTestObject("Page_DEMOQA/input_Name_firstName"), STOP_ON_FAILURE)
2025-11-27 22:17:18.502 DEBUG Case01-8-P1 Success Submit Practice Form - 7: setText(findTestObject("Page_DEMOQA/input_Name_firstName"), Firstname)
2025-11-27 22:17:19.510 DEBUG Case01-8-P1 Success Submit Practice Form - 8: verifyElementPresent(findTestObject("Page_DEMOQA/input_Name_lastName"), 8)
2025-11-27 22:17:19.804 DEBUG Case01-8-P1 Success Submit Practice Form - 9: verifyElementVisible(findTestObject("Page_DEMOQA/input_Name_lastName"), STOP_ON_FAILURE)
2025-11-27 22:17:20.167 DEBUG Case01-8-P1 Success Submit Practice Form - 10: setText(findTestObject("Page_DEMOQA/input_Name_lastName"), Lastname)
2025-11-27 22:17:21.100 DEBUG Case01-8-P1 Success Submit Practice Form - 11: verifyElementPresent(findTestObject("Page_DEMOQA/input_Email_userEmail"), 8)
2025-11-27 22:17:21.386 DEBUG Case01-8-P1 Success Submit Practice Form - 12: scrollToElement(findTestObject("Page_DEMOQA/input_Email_userEmail"), 8)
2025-11-27 22:17:21.692 DEBUG Case01-8-P1 Success Submit Practice Form - 13: delay(2)
2025-11-27 22:17:23.714 DEBUG Case01-8-P1 Success Submit Practice Form - 14: verifyElementVisible(findTestObject("Page_DEMOQA/input_Email_userEmail"), STOP_ON_FAILURE)
2025-11-27 22:17:24.070 DEBUG Case01-8-P1 Success Submit Practice Form - 15: setText(findTestObject("Page_DEMOQA/input_Email_userEmail"), EmailAddress)
2025-11-27 22:17:24.855 DEBUG Case01-8-P1 Success Submit Practice Form - 16: verifyElementPresent(findTestObject("Page_DEMOQA/input_Gender_Male"), 8)
2025-11-27 22:17:25.117 DEBUG Case01-8-P1 Success Submit Practice Form - 17: verifyElementPresent(findTestObject("Page_DEMOQA/input_Gender_Female"), 8)
2025-11-27 22:17:25.497 DEBUG Case01-8-P1 Success Submit Practice Form - 18: verifyElementPresent(findTestObject("Page_DEMOQA/input_Gender_Other"), 8)
2025-11-27 22:17:25.836 DEBUG Case01-8-P1 Success Submit Practice Form - 19: scrollToElement(findTestObject("Page_DEMOQA/input_Gender_Male"), 100)
2025-11-27 22:17:26.232 DEBUG Case01-8-P1 Success Submit Practice Form - 20: delay(2)
2025-11-27 22:17:28.254 DEBUG Case01-8-P1 Success Submit Practice Form - 21: verifyElementClickable(findTestObject("Page_DEMOQA/input_Gender_Male"), STOP_ON_FAILURE)
2025-11-27 22:17:28.256 WARN  Case01-8-P1 Success Submit Practice Form - SKIPPED NOT_RUN: verifyElementClickable(findTestObject("Page_DEMOQA/input_Gender_Male"), STOP_ON_FAILURE)
2025-11-27 22:17:28.259 DEBUG Case01-8-P1 Success Submit Practice Form - 22: enhancedClick(findTestObject("Page_DEMOQA/input_Gender_Male"))
2025-11-27 22:17:40.583 DEBUG Case01-8-P1 Success Submit Practice Form - 23: verifyElementPresent(findTestObject("Page_DEMOQA/input_(10 Digits)_userNumber"), 8)
2025-11-27 22:17:40.851 DEBUG Case01-8-P1 Success Submit Practice Form - 24: scrollToElement(findTestObject("Page_DEMOQA/input_(10 Digits)_userNumber"), 8)
2025-11-27 22:17:41.121 DEBUG Case01-8-P1 Success Submit Practice Form - 25: delay(2)
2025-11-27 22:17:43.136 DEBUG Case01-8-P1 Success Submit Practice Form - 26: verifyElementVisible(findTestObject("Page_DEMOQA/input_(10 Digits)_userNumber"), STOP_ON_FAILURE)
2025-11-27 22:17:43.405 DEBUG Case01-8-P1 Success Submit Practice Form - 27: setText(findTestObject("Page_DEMOQA/input_(10 Digits)_userNumber"), MobileNumber)
2025-11-27 22:17:44.151 DEBUG Case01-8-P1 Success Submit Practice Form - 28: verifyElementPresent(findTestObject("Page_DEMOQA/input_DateOfBirth"), 8)
2025-11-27 22:17:44.430 DEBUG Case01-8-P1 Success Submit Practice Form - 29: verifyElementVisible(findTestObject("Page_DEMOQA/input_DateOfBirth"), STOP_ON_FAILURE)
2025-11-27 22:17:44.705 DEBUG Case01-8-P1 Success Submit Practice Form - 30: sendKeys(findTestObject("Page_DEMOQA/input_DateOfBirth"), Keys.chord(ARROW_LEFT, ARROW_LEFT, ARROW_LEFT, ARROW_LEFT, ARROW_LEFT, ARROW_LEFT, ARROW_LEFT, ARROW_LEFT, ARROW_LEFT, ARROW_LEFT, ARROW_LEFT))
2025-11-27 22:17:45.208 DEBUG Case01-8-P1 Success Submit Practice Form - 31: delay(2)
2025-11-27 22:17:47.219 DEBUG Case01-8-P1 Success Submit Practice Form - 32: sendKeys(findTestObject("Page_DEMOQA/input_DateOfBirth"), Keys.chord(DELETE, DELETE, DELETE, DELETE, DELETE, DELETE, DELETE, DELETE, DELETE, DELETE))
2025-11-27 22:17:47.705 DEBUG Case01-8-P1 Success Submit Practice Form - 33: setText(findTestObject("Page_DEMOQA/input_DateOfBirth"), DateOfBirth)
2025-11-27 22:17:48.706 DEBUG Case01-8-P1 Success Submit Practice Form - 34: sendKeys(findTestObject("Page_DEMOQA/input_DateOfBirth"), Keys.chord(ARROW_LEFT, ARROW_LEFT, ARROW_LEFT, ARROW_LEFT, ARROW_LEFT, ARROW_LEFT, ARROW_LEFT, ARROW_LEFT, ARROW_LEFT, ARROW_LEFT, ARROW_LEFT))
2025-11-27 22:17:49.167 DEBUG Case01-8-P1 Success Submit Practice Form - 35: delay(2)
2025-11-27 22:17:51.184 DEBUG Case01-8-P1 Success Submit Practice Form - 36: sendKeys(findTestObject("Page_DEMOQA/input_DateOfBirth"), Keys.chord(BACK_SPACE, ENTER))
2025-11-27 22:17:51.586 DEBUG Case01-8-P1 Success Submit Practice Form - 37: delay(2)
2025-11-27 22:17:53.608 DEBUG Case01-8-P1 Success Submit Practice Form - 38: verifyElementPresent(findTestObject("Page_DEMOQA/input_SubjectsInput"), 8)
2025-11-27 22:17:53.871 DEBUG Case01-8-P1 Success Submit Practice Form - 39: scrollToElement(findTestObject("Page_DEMOQA/input_SubjectsInput"), 8)
2025-11-27 22:17:54.197 DEBUG Case01-8-P1 Success Submit Practice Form - 40: delay(2)
2025-11-27 22:17:56.218 DEBUG Case01-8-P1 Success Submit Practice Form - 41: verifyElementVisible(findTestObject("Page_DEMOQA/input_SubjectsInput"), STOP_ON_FAILURE)
2025-11-27 22:17:56.500 DEBUG Case01-8-P1 Success Submit Practice Form - 42: setText(findTestObject("Page_DEMOQA/input_SubjectsInput"), Subjects)
2025-11-27 22:17:57.268 DEBUG Case01-8-P1 Success Submit Practice Form - 43: sendKeys(findTestObject("Page_DEMOQA/input_SubjectsInput"), Keys.chord(ENTER))
2025-11-27 22:17:57.886 DEBUG Case01-8-P1 Success Submit Practice Form - 44: verifyElementPresent(findTestObject("Page_DEMOQA/input_Hobbies_Sports"), 8)
2025-11-27 22:17:58.365 DEBUG Case01-8-P1 Success Submit Practice Form - 45: verifyElementPresent(findTestObject("Page_DEMOQA/input_Hobbies_Reading"), 8)
2025-11-27 22:17:58.608 DEBUG Case01-8-P1 Success Submit Practice Form - 46: verifyElementPresent(findTestObject("Page_DEMOQA/input_Hobbies_Music"), 8)
2025-11-27 22:17:58.856 DEBUG Case01-8-P1 Success Submit Practice Form - 47: scrollToElement(findTestObject("Page_DEMOQA/input_Hobbies_Sports"), 8)
2025-11-27 22:17:59.125 DEBUG Case01-8-P1 Success Submit Practice Form - 48: delay(2)
2025-11-27 22:18:01.148 DEBUG Case01-8-P1 Success Submit Practice Form - 49: enhancedClick(findTestObject("Page_DEMOQA/input_Hobbies_Sports"))
2025-11-27 22:18:13.053 DEBUG Case01-8-P1 Success Submit Practice Form - 50: verifyElementPresent(findTestObject("Page_DEMOQA/input_Browse"), 8)
2025-11-27 22:18:13.314 DEBUG Case01-8-P1 Success Submit Practice Form - 51: verifyElementPresent(findTestObject("Page_DEMOQA/input_Browse"), 8)
2025-11-27 22:18:13.555 DEBUG Case01-8-P1 Success Submit Practice Form - 52: uploadFile(findTestObject("Page_DEMOQA/input_Browse"), getProjectDir() + FilePathInputBrowse)
2025-11-27 22:18:13.866 DEBUG Case01-8-P1 Success Submit Practice Form - 53: delay(2)
2025-11-27 22:18:15.872 DEBUG Case01-8-P1 Success Submit Practice Form - 54: switchToDefaultContent(STOP_ON_FAILURE)
2025-11-27 22:18:15.905 DEBUG Case01-8-P1 Success Submit Practice Form - 55: delay(2)
2025-11-27 22:18:17.922 DEBUG Case01-8-P1 Success Submit Practice Form - 56: verifyElementPresent(findTestObject("Page_DEMOQA/textarea_CurrentAddress"), 8)
2025-11-27 22:18:18.172 DEBUG Case01-8-P1 Success Submit Practice Form - 57: scrollToElement(findTestObject("Page_DEMOQA/textarea_CurrentAddress"), 8)
2025-11-27 22:18:18.438 DEBUG Case01-8-P1 Success Submit Practice Form - 58: verifyElementVisible(findTestObject("Page_DEMOQA/textarea_CurrentAddress"), STOP_ON_FAILURE)
2025-11-27 22:18:18.701 DEBUG Case01-8-P1 Success Submit Practice Form - 59: setText(findTestObject("Page_DEMOQA/textarea_CurrentAddress"), CurrentAddress)
2025-11-27 22:18:19.396 DEBUG Case01-8-P1 Success Submit Practice Form - 60: verifyElementPresent(findTestObject("Page_DEMOQA/input_Select_State_old"), 8)
2025-11-27 22:18:19.652 DEBUG Case01-8-P1 Success Submit Practice Form - 61: scrollToElement(findTestObject("Page_DEMOQA/input_Select_State_old"), 8)
2025-11-27 22:18:19.904 DEBUG Case01-8-P1 Success Submit Practice Form - 62: delay(2)
2025-11-27 22:18:21.921 DEBUG Case01-8-P1 Success Submit Practice Form - 63: enhancedClick(findTestObject("Page_DEMOQA/input_Select_State_old"), STOP_ON_FAILURE)
2025-11-27 22:18:24.535 DEBUG Case01-8-P1 Success Submit Practice Form - 64: setText(findTestObject("Page_DEMOQA/input_Select_State_old"), State)
2025-11-27 22:18:34.564 WARN  c.k.k.c.w.k.builtin.SetTextKeyword       - Waiting for element timed out
2025-11-27 22:18:34.852 WARN  c.k.k.c.w.k.builtin.SetTextKeyword       - Waiting for element timed out
2025-11-27 22:18:34.972 DEBUG Case01-8-P1 Success Submit Practice Form - 65: sendKeys(findTestObject("Page_DEMOQA/input_Select_State_old"), Keys.chord(ENTER))
2025-11-27 22:18:35.620 DEBUG Case01-8-P1 Success Submit Practice Form - 66: delay(2)
2025-11-27 22:18:37.702 DEBUG Case01-8-P1 Success Submit Practice Form - 67: verifyElementPresent(findTestObject("Page_DEMOQA/input_Select_City"), 0)
2025-11-27 22:18:37.740 WARN  c.k.k.c.webui.common.WebUiCommonHelper   - Timeout '0' is invalid. Using default page load timeout: '10'
2025-11-27 22:18:38.049 DEBUG Case01-8-P1 Success Submit Practice Form - 68: enhancedClick(findTestObject("Page_DEMOQA/input_Select_City"), STOP_ON_FAILURE)
2025-11-27 22:18:41.029 DEBUG Case01-8-P1 Success Submit Practice Form - 69: setText(findTestObject("Page_DEMOQA/input_Select_City"), City)
2025-11-27 22:18:51.071 WARN  c.k.k.c.w.k.builtin.SetTextKeyword       - Waiting for element timed out
2025-11-27 22:18:51.448 WARN  c.k.k.c.w.k.builtin.SetTextKeyword       - Waiting for element timed out
2025-11-27 22:18:51.672 DEBUG Case01-8-P1 Success Submit Practice Form - 70: sendKeys(findTestObject("Page_DEMOQA/input_Select_City"), Keys.chord(ENTER))
2025-11-27 22:18:52.189 DEBUG Case01-8-P1 Success Submit Practice Form - 71: delay(2)
2025-11-27 22:18:54.202 DEBUG Case01-8-P1 Success Submit Practice Form - 72: verifyElementPresent(findTestObject("Object Repository/Page_DEMOQA/button_Submit"), 0)
2025-11-27 22:18:54.218 WARN  c.k.k.c.webui.common.WebUiCommonHelper   - Timeout '0' is invalid. Using default page load timeout: '10'
2025-11-27 22:18:54.485 DEBUG Case01-8-P1 Success Submit Practice Form - 73: scrollToElement(findTestObject("Object Repository/Page_DEMOQA/button_Submit"), 0)
2025-11-27 22:18:54.501 WARN  c.k.k.c.webui.common.WebUiCommonHelper   - Timeout '0' is invalid. Using default page load timeout: '10'
2025-11-27 22:18:54.803 DEBUG Case01-8-P1 Success Submit Practice Form - 74: delay(2)
2025-11-27 22:18:56.843 DEBUG Case01-8-P1 Success Submit Practice Form - 75: verifyElementVisible(findTestObject("Object Repository/Page_DEMOQA/button_Submit"), STOP_ON_FAILURE)
2025-11-27 22:18:57.130 DEBUG Case01-8-P1 Success Submit Practice Form - 76: delay(2)
2025-11-27 22:18:59.145 DEBUG Case01-8-P1 Success Submit Practice Form - 77: click(findTestObject("Object Repository/Page_DEMOQA/button_Submit"))
2025-11-27 22:18:59.634 DEBUG Case01-8-P1 Success Submit Practice Form - 78: delay(2)
2025-11-27 22:19:01.654 DEBUG Case01-8-P1 Success Submit Practice Form - 79: verifyElementVisible(findTestObject("Page_DEMOQA/div_Modal_Success"))
2025-11-27 22:19:01.966 DEBUG Case01-8-P1 Success Submit Practice Form - 80: verifyElementPresent(findTestObject("Page_DEMOQA/button_Close"), 0)
2025-11-27 22:19:01.971 WARN  c.k.k.c.webui.common.WebUiCommonHelper   - Timeout '0' is invalid. Using default page load timeout: '10'
2025-11-27 22:19:02.235 DEBUG Case01-8-P1 Success Submit Practice Form - 81: verifyElementVisible(findTestObject("Page_DEMOQA/button_Close"))
2025-11-27 22:19:02.522 INFO  c.k.katalon.core.main.TestCaseExecutor   - END Test Cases/Positive/Case01-8-P1 Success Submit Practice Form
2025-11-27 22:19:02.613 INFO  c.k.katalon.core.main.TestCaseExecutor   - --------------------
2025-11-27 22:19:02.613 INFO  c.k.katalon.core.main.TestCaseExecutor   - START Test Cases/Positive/Case01-8-P1 Success Submit Practice Form
2025-11-27 22:19:02.647 INFO  c.k.katalon.core.main.TestCaseExecutor   - Firstname = Awaal
2025-11-27 22:19:02.647 INFO  c.k.katalon.core.main.TestCaseExecutor   - Lastname = Akhiir
2025-11-27 22:19:02.648 INFO  c.k.katalon.core.main.TestCaseExecutor   - EmailAddress = email@email.com
2025-11-27 22:19:02.648 INFO  c.k.katalon.core.main.TestCaseExecutor   - MobileNumber = 0858567892
2025-11-27 22:19:02.649 INFO  c.k.katalon.core.main.TestCaseExecutor   - DateOfBirth = 18 Jan 1945
2025-11-27 22:19:02.650 INFO  c.k.katalon.core.main.TestCaseExecutor   - FilePathInputBrowse = /Data Files/Images/person-dummy.jpg
2025-11-27 22:19:02.651 INFO  c.k.katalon.core.main.TestCaseExecutor   - Subjects = Math
2025-11-27 22:19:02.652 INFO  c.k.katalon.core.main.TestCaseExecutor   - CurrentAddress = Sample Address B
2025-11-27 22:19:02.653 INFO  c.k.katalon.core.main.TestCaseExecutor   - State = NCR
2025-11-27 22:19:02.654 INFO  c.k.katalon.core.main.TestCaseExecutor   - City = Delhi
2025-11-27 22:19:02.658 DEBUG Case01-8-P1 Success Submit Practice Form - 1: openBrowser("")
2025-11-27 22:19:02.666 WARN  c.k.k.core.webui.driver.DriverFactory    - A browser is already opened. Closing browser and opening a new one
2025-11-27 22:19:03.072 INFO  c.k.k.core.webui.driver.DriverFactory    - Starting 'Chrome (headless)' driver
2025-11-27 22:19:03.080 INFO  c.k.k.core.webui.driver.DriverFactory    - Action delay is set to 0 milliseconds
Nov 27, 2025 10:19:04 PM org.openqa.selenium.devtools.CdpVersionFinder findNearestMatch
WARNING: Unable to find an exact match for CDP version 142, returning the closest version; found: 138; Please update to a Selenium version that supports CDP version 142
2025-11-27 22:19:04.081 INFO  c.k.k.core.webui.driver.DriverFactory    - sessionId = 655a5d979bbb5c401ed0e44d4ff0c447
2025-11-27 22:19:04.081 INFO  c.k.k.core.webui.driver.DriverFactory    - browser = Chrome 142.0.7444.176
2025-11-27 22:19:04.082 INFO  c.k.k.core.webui.driver.DriverFactory    - platform = Windows 11
2025-11-27 22:19:04.083 INFO  c.k.k.core.webui.driver.DriverFactory    - seleniumVersion = 4.34.0
2025-11-27 22:19:04.083 INFO  c.k.k.core.webui.driver.DriverFactory    - proxyInformation = ProxyInformation { proxyOption=NO_PROXY, proxyServerType=HTTP, username=, password=********, proxyServerAddress=, proxyServerPort=0, executionList="", isApplyToDesiredCapabilities=true }
2025-11-27 22:19:04.104 DEBUG Case01-8-P1 Success Submit Practice Form - 2: navigateToUrl("https://demoqa.com/automation-practice-form")
