2025-11-27 22:22:53.888 INFO  c.k.k.c.l.logback.LogbackConfigurator    - Logback default configuration initialized from: C:\Users\USER\.katalon\packages\KSE-10.4.2\configuration\org.eclipse.osgi\132\0\.cp\resources\logback\logback-execution.xml
2025-11-27 22:22:53.893 INFO  c.k.k.c.l.logback.LogbackConfigurator    - Logback custom configuration initialized from: T:\Lawencon\Interview\Fix\case01\AutomationPracticeForm\AutomationPracticeForm\Include\config\log.properties
2025-11-27 22:22:54.581 INFO  c.k.katalon.core.main.TestSuiteExecutor  - START Test Suites/TSPracticeFormNegativeMandatory
2025-11-27 22:22:54.824 INFO  c.k.katalon.core.main.TestSuiteExecutor  - userFullName = Taufik Romadhon
2025-11-27 22:22:54.826 INFO  c.k.katalon.core.main.TestSuiteExecutor  - projectName = AutomationPracticeForm
2025-11-27 22:22:54.827 INFO  c.k.katalon.core.main.TestSuiteExecutor  - hostName = USER - LAPTOP-KNF1HLK6
2025-11-27 22:22:54.828 INFO  c.k.katalon.core.main.TestSuiteExecutor  - os = Windows 11 64bit
2025-11-27 22:22:54.829 INFO  c.k.katalon.core.main.TestSuiteExecutor  - hostAddress = 10.156.170.155
2025-11-27 22:22:54.830 INFO  c.k.katalon.core.main.TestSuiteExecutor  - katalonVersion = 10.4.2.0
2025-11-27 22:22:55.827 INFO  c.k.katalon.core.main.TestCaseExecutor   - --------------------
2025-11-27 22:22:55.827 INFO  c.k.katalon.core.main.TestCaseExecutor   - START Test Cases/Negative/Case01-2-N2 Alert Notification For Mandatory Field On First Name Field
2025-11-27 22:22:56.025 INFO  c.k.katalon.core.main.TestCaseExecutor   - (Default) Firstname = 
2025-11-27 22:22:56.627 DEBUG  For Mandatory Field On First Name Field - 1: openBrowser("")
2025-11-27 22:22:57.019 INFO  c.k.k.core.webui.driver.DriverFactory    - Starting 'Chrome (headless)' driver
2025-11-27 22:22:57.104 INFO  c.k.k.core.webui.driver.DriverFactory    - Action delay is set to 0 milliseconds
Nov 27, 2025 10:22:59 PM org.openqa.selenium.devtools.CdpVersionFinder findNearestMatch
WARNING: Unable to find an exact match for CDP version 142, returning the closest version; found: 138; Please update to a Selenium version that supports CDP version 142
2025-11-27 22:23:00.124 INFO  c.k.k.core.webui.driver.DriverFactory    - sessionId = 9ca9f5172798c7c50eb4a17165fbea21
2025-11-27 22:23:00.125 INFO  c.k.k.core.webui.driver.DriverFactory    - browser = Chrome 142.0.7444.176
2025-11-27 22:23:00.126 INFO  c.k.k.core.webui.driver.DriverFactory    - platform = Windows 11
2025-11-27 22:23:00.126 INFO  c.k.k.core.webui.driver.DriverFactory    - seleniumVersion = 4.34.0
2025-11-27 22:23:00.142 INFO  c.k.k.core.webui.driver.DriverFactory    - proxyInformation = ProxyInformation { proxyOption=NO_PROXY, proxyServerType=HTTP, username=, password=********, proxyServerAddress=, proxyServerPort=0, executionList="", isApplyToDesiredCapabilities=true }
2025-11-27 22:23:00.221 DEBUG  For Mandatory Field On First Name Field - 2: navigateToUrl("https://demoqa.com/automation-practice-form")
2025-11-27 22:23:09.570 DEBUG  For Mandatory Field On First Name Field - 3: maximizeWindow()
2025-11-27 22:23:09.627 DEBUG  For Mandatory Field On First Name Field - 4: delay(2)
2025-11-27 22:23:11.694 DEBUG  For Mandatory Field On First Name Field - 5: verifyElementPresent(findTestObject("Page_DEMOQA/input_Name_firstName"), 8)
2025-11-27 22:23:12.078 DEBUG  For Mandatory Field On First Name Field - 6: verifyElementVisible(findTestObject("Page_DEMOQA/input_Name_firstName"), STOP_ON_FAILURE)
2025-11-27 22:23:12.426 DEBUG  For Mandatory Field On First Name Field - 7: delay(2)
2025-11-27 22:23:14.444 DEBUG  For Mandatory Field On First Name Field - 8: setText(findTestObject("Page_DEMOQA/input_Name_firstName"), Firstname)
2025-11-27 22:23:15.308 DEBUG  For Mandatory Field On First Name Field - 9: delay(2)
2025-11-27 22:23:17.336 DEBUG  For Mandatory Field On First Name Field - 10: verifyElementPresent(findTestObject("Object Repository/Page_DEMOQA/button_Submit"), 0)
2025-11-27 22:23:17.353 WARN  c.k.k.c.webui.common.WebUiCommonHelper   - Timeout '0' is invalid. Using default page load timeout: '10'
2025-11-27 22:23:17.618 DEBUG  For Mandatory Field On First Name Field - 11: delay(2)
2025-11-27 22:23:19.635 DEBUG  For Mandatory Field On First Name Field - 12: scrollToElement(findTestObject("Page_DEMOQA/button_Submit"), 100)
2025-11-27 22:23:19.935 DEBUG  For Mandatory Field On First Name Field - 13: delay(2)
2025-11-27 22:23:21.956 DEBUG  For Mandatory Field On First Name Field - 14: verifyElementVisible(findTestObject("Object Repository/Page_DEMOQA/button_Submit"), STOP_ON_FAILURE)
2025-11-27 22:23:22.252 DEBUG  For Mandatory Field On First Name Field - 15: delay(2)
2025-11-27 22:23:24.268 DEBUG  For Mandatory Field On First Name Field - 16: click(findTestObject("Object Repository/Page_DEMOQA/button_Submit"))
2025-11-27 22:23:24.669 DEBUG  For Mandatory Field On First Name Field - 17: delay(2)
2025-11-27 22:23:26.676 DEBUG  For Mandatory Field On First Name Field - 18: scrollToElement(findTestObject("Page_DEMOQA/input_Name_firstName"), 0)
2025-11-27 22:23:26.688 WARN  c.k.k.c.webui.common.WebUiCommonHelper   - Timeout '0' is invalid. Using default page load timeout: '10'
2025-11-27 22:23:26.967 DEBUG  For Mandatory Field On First Name Field - 19: delay(2)
2025-11-27 22:23:28.986 DEBUG  For Mandatory Field On First Name Field - 20: verifyElementPresent(findTestObject("Page_DEMOQA/input_Name_firstName"), 8)
2025-11-27 22:23:29.251 DEBUG  For Mandatory Field On First Name Field - 21: click(findTestObject("Page_DEMOQA/input_Name_firstName"))
2025-11-27 22:23:29.702 DEBUG  For Mandatory Field On First Name Field - 22: verifyElementPresent(findTestObject("Page_DEMOQA/class_Firstname_Invalid"), 8)
2025-11-27 22:23:29.983 INFO  c.k.katalon.core.main.TestCaseExecutor   - END Test Cases/Negative/Case01-2-N2 Alert Notification For Mandatory Field On First Name Field
2025-11-27 22:23:29.990 INFO  c.k.katalon.core.main.TestCaseExecutor   - --------------------
2025-11-27 22:23:29.990 INFO  c.k.katalon.core.main.TestCaseExecutor   - START Test Cases/Negative/Case01-2-N2 Alert Notification For Mandatory Field On First Name Field
2025-11-27 22:23:30.016 INFO  c.k.katalon.core.main.TestCaseExecutor   - (Default) Firstname = 
2025-11-27 22:23:30.020 DEBUG  For Mandatory Field On First Name Field - 1: openBrowser("")
2025-11-27 22:23:30.025 WARN  c.k.k.core.webui.driver.DriverFactory    - A browser is already opened. Closing browser and opening a new one
2025-11-27 22:23:31.355 INFO  c.k.k.core.webui.driver.DriverFactory    - Starting 'Chrome (headless)' driver
2025-11-27 22:23:31.356 INFO  c.k.k.core.webui.driver.DriverFactory    - Action delay is set to 0 milliseconds
Nov 27, 2025 10:23:32 PM org.openqa.selenium.devtools.CdpVersionFinder findNearestMatch
WARNING: Unable to find an exact match for CDP version 142, returning the closest version; found: 138; Please update to a Selenium version that supports CDP version 142
2025-11-27 22:23:32.853 INFO  c.k.k.core.webui.driver.DriverFactory    - sessionId = 3bd4ea43e001cca6998eaadcd51d4c03
2025-11-27 22:23:32.854 INFO  c.k.k.core.webui.driver.DriverFactory    - browser = Chrome 142.0.7444.176
2025-11-27 22:23:32.855 INFO  c.k.k.core.webui.driver.DriverFactory    - platform = Windows 11
2025-11-27 22:23:32.856 INFO  c.k.k.core.webui.driver.DriverFactory    - seleniumVersion = 4.34.0
2025-11-27 22:23:32.858 INFO  c.k.k.core.webui.driver.DriverFactory    - proxyInformation = ProxyInformation { proxyOption=NO_PROXY, proxyServerType=HTTP, username=, password=********, proxyServerAddress=, proxyServerPort=0, executionList="", isApplyToDesiredCapabilities=true }
2025-11-27 22:23:32.901 DEBUG  For Mandatory Field On First Name Field - 2: navigateToUrl("https://demoqa.com/automation-practice-form")
2025-11-27 22:23:41.853 DEBUG  For Mandatory Field On First Name Field - 3: maximizeWindow()
2025-11-27 22:23:41.929 DEBUG  For Mandatory Field On First Name Field - 4: delay(2)
2025-11-27 22:23:43.953 DEBUG  For Mandatory Field On First Name Field - 5: verifyElementPresent(findTestObject("Page_DEMOQA/input_Name_firstName"), 8)
2025-11-27 22:23:44.306 DEBUG  For Mandatory Field On First Name Field - 6: verifyElementVisible(findTestObject("Page_DEMOQA/input_Name_firstName"), STOP_ON_FAILURE)
2025-11-27 22:23:44.675 DEBUG  For Mandatory Field On First Name Field - 7: delay(2)
2025-11-27 22:23:46.704 DEBUG  For Mandatory Field On First Name Field - 8: setText(findTestObject("Page_DEMOQA/input_Name_firstName"), Firstname)
2025-11-27 22:23:48.041 DEBUG  For Mandatory Field On First Name Field - 9: delay(2)
2025-11-27 22:23:50.055 DEBUG  For Mandatory Field On First Name Field - 10: verifyElementPresent(findTestObject("Object Repository/Page_DEMOQA/button_Submit"), 0)
2025-11-27 22:23:50.075 WARN  c.k.k.c.webui.common.WebUiCommonHelper   - Timeout '0' is invalid. Using default page load timeout: '10'
2025-11-27 22:23:50.421 DEBUG  For Mandatory Field On First Name Field - 11: delay(2)
2025-11-27 22:23:52.438 DEBUG  For Mandatory Field On First Name Field - 12: scrollToElement(findTestObject("Page_DEMOQA/button_Submit"), 100)
2025-11-27 22:23:52.793 DEBUG  For Mandatory Field On First Name Field - 13: delay(2)
2025-11-27 22:23:54.817 DEBUG  For Mandatory Field On First Name Field - 14: verifyElementVisible(findTestObject("Object Repository/Page_DEMOQA/button_Submit"), STOP_ON_FAILURE)
2025-11-27 22:23:55.082 DEBUG  For Mandatory Field On First Name Field - 15: delay(2)
2025-11-27 22:23:57.092 DEBUG  For Mandatory Field On First Name Field - 16: click(findTestObject("Object Repository/Page_DEMOQA/button_Submit"))
2025-11-27 22:23:57.510 DEBUG  For Mandatory Field On First Name Field - 17: delay(2)
2025-11-27 22:23:59.536 DEBUG  For Mandatory Field On First Name Field - 18: scrollToElement(findTestObject("Page_DEMOQA/input_Name_firstName"), 0)
2025-11-27 22:23:59.543 WARN  c.k.k.c.webui.common.WebUiCommonHelper   - Timeout '0' is invalid. Using default page load timeout: '10'
2025-11-27 22:23:59.818 DEBUG  For Mandatory Field On First Name Field - 19: delay(2)
2025-11-27 22:24:01.838 DEBUG  For Mandatory Field On First Name Field - 20: verifyElementPresent(findTestObject("Page_DEMOQA/input_Name_firstName"), 8)
2025-11-27 22:24:02.125 DEBUG  For Mandatory Field On First Name Field - 21: click(findTestObject("Page_DEMOQA/input_Name_firstName"))
2025-11-27 22:24:02.555 DEBUG  For Mandatory Field On First Name Field - 22: verifyElementPresent(findTestObject("Page_DEMOQA/class_Firstname_Invalid"), 8)
2025-11-27 22:24:02.825 INFO  c.k.katalon.core.main.TestCaseExecutor   - END Test Cases/Negative/Case01-2-N2 Alert Notification For Mandatory Field On First Name Field
2025-11-27 22:24:02.833 INFO  c.k.katalon.core.main.TestCaseExecutor   - --------------------
2025-11-27 22:24:02.833 INFO  c.k.katalon.core.main.TestCaseExecutor   - START Test Cases/Negative/Case01-2-N2 Alert Notification For Mandatory Field On First Name Field
2025-11-27 22:24:02.873 INFO  c.k.katalon.core.main.TestCaseExecutor   - (Default) Firstname = 
2025-11-27 22:24:02.876 DEBUG  For Mandatory Field On First Name Field - 1: openBrowser("")
2025-11-27 22:24:02.887 WARN  c.k.k.core.webui.driver.DriverFactory    - A browser is already opened. Closing browser and opening a new one
2025-11-27 22:24:03.670 INFO  c.k.k.core.webui.driver.DriverFactory    - Starting 'Chrome (headless)' driver
2025-11-27 22:24:03.672 INFO  c.k.k.core.webui.driver.DriverFactory    - Action delay is set to 0 milliseconds
Nov 27, 2025 10:24:04 PM org.openqa.selenium.devtools.CdpVersionFinder findNearestMatch
WARNING: Unable to find an exact match for CDP version 142, returning the closest version; found: 138; Please update to a Selenium version that supports CDP version 142
2025-11-27 22:24:04.772 INFO  c.k.k.core.webui.driver.DriverFactory    - sessionId = a5eae38dd0fdd107d399c6ea7f68c701
2025-11-27 22:24:04.774 INFO  c.k.k.core.webui.driver.DriverFactory    - browser = Chrome 142.0.7444.176
2025-11-27 22:24:04.775 INFO  c.k.k.core.webui.driver.DriverFactory    - platform = Windows 11
2025-11-27 22:24:04.775 INFO  c.k.k.core.webui.driver.DriverFactory    - seleniumVersion = 4.34.0
2025-11-27 22:24:04.777 INFO  c.k.k.core.webui.driver.DriverFactory    - proxyInformation = ProxyInformation { proxyOption=NO_PROXY, proxyServerType=HTTP, username=, password=********, proxyServerAddress=, proxyServerPort=0, executionList="", isApplyToDesiredCapabilities=true }
2025-11-27 22:24:04.804 DEBUG  For Mandatory Field On First Name Field - 2: navigateToUrl("https://demoqa.com/automation-practice-form")
2025-11-27 22:24:18.283 DEBUG  For Mandatory Field On First Name Field - 3: maximizeWindow()
2025-11-27 22:24:18.324 DEBUG  For Mandatory Field On First Name Field - 4: delay(2)
2025-11-27 22:24:20.333 DEBUG  For Mandatory Field On First Name Field - 5: verifyElementPresent(findTestObject("Page_DEMOQA/input_Name_firstName"), 8)
2025-11-27 22:24:20.822 DEBUG  For Mandatory Field On First Name Field - 6: verifyElementVisible(findTestObject("Page_DEMOQA/input_Name_firstName"), STOP_ON_FAILURE)
2025-11-27 22:24:21.094 DEBUG  For Mandatory Field On First Name Field - 7: delay(2)
2025-11-27 22:24:23.107 DEBUG  For Mandatory Field On First Name Field - 8: setText(findTestObject("Page_DEMOQA/input_Name_firstName"), Firstname)
2025-11-27 22:24:23.823 DEBUG  For Mandatory Field On First Name Field - 9: delay(2)
2025-11-27 22:24:25.834 DEBUG  For Mandatory Field On First Name Field - 10: verifyElementPresent(findTestObject("Object Repository/Page_DEMOQA/button_Submit"), 0)
2025-11-27 22:24:25.838 WARN  c.k.k.c.webui.common.WebUiCommonHelper   - Timeout '0' is invalid. Using default page load timeout: '10'
2025-11-27 22:24:26.097 DEBUG  For Mandatory Field On First Name Field - 11: delay(2)
2025-11-27 22:24:28.115 DEBUG  For Mandatory Field On First Name Field - 12: scrollToElement(findTestObject("Page_DEMOQA/button_Submit"), 100)
2025-11-27 22:24:28.370 DEBUG  For Mandatory Field On First Name Field - 13: delay(2)
2025-11-27 22:24:30.381 DEBUG  For Mandatory Field On First Name Field - 14: verifyElementVisible(findTestObject("Object Repository/Page_DEMOQA/button_Submit"), STOP_ON_FAILURE)
2025-11-27 22:24:30.651 DEBUG  For Mandatory Field On First Name Field - 15: delay(2)
2025-11-27 22:24:32.666 DEBUG  For Mandatory Field On First Name Field - 16: click(findTestObject("Object Repository/Page_DEMOQA/button_Submit"))
2025-11-27 22:24:33.038 DEBUG  For Mandatory Field On First Name Field - 17: delay(2)
2025-11-27 22:24:35.049 DEBUG  For Mandatory Field On First Name Field - 18: scrollToElement(findTestObject("Page_DEMOQA/input_Name_firstName"), 0)
2025-11-27 22:24:35.053 WARN  c.k.k.c.webui.common.WebUiCommonHelper   - Timeout '0' is invalid. Using default page load timeout: '10'
2025-11-27 22:24:35.302 DEBUG  For Mandatory Field On First Name Field - 19: delay(2)
2025-11-27 22:24:37.309 DEBUG  For Mandatory Field On First Name Field - 20: verifyElementPresent(findTestObject("Page_DEMOQA/input_Name_firstName"), 8)
2025-11-27 22:24:37.557 DEBUG  For Mandatory Field On First Name Field - 21: click(findTestObject("Page_DEMOQA/input_Name_firstName"))
2025-11-27 22:24:37.936 DEBUG  For Mandatory Field On First Name Field - 22: verifyElementPresent(findTestObject("Page_DEMOQA/class_Firstname_Invalid"), 8)
2025-11-27 22:24:38.192 INFO  c.k.katalon.core.main.TestCaseExecutor   - END Test Cases/Negative/Case01-2-N2 Alert Notification For Mandatory Field On First Name Field
2025-11-27 22:24:38.202 INFO  c.k.katalon.core.main.TestCaseExecutor   - --------------------
2025-11-27 22:24:38.202 INFO  c.k.katalon.core.main.TestCaseExecutor   - START Test Cases/Negative/Case01-3-N3 Alert Notification For Mandatory Field On Last Name Field
2025-11-27 22:24:38.216 INFO  c.k.katalon.core.main.TestCaseExecutor   - (Default) Lastname = 
2025-11-27 22:24:38.351 DEBUG  For Mandatory Field On First Name Field - 1: openBrowser("")
2025-11-27 22:24:38.355 WARN  c.k.k.core.webui.driver.DriverFactory    - A browser is already opened. Closing browser and opening a new one
2025-11-27 22:24:39.714 INFO  c.k.k.core.webui.driver.DriverFactory    - Starting 'Chrome (headless)' driver
2025-11-27 22:24:39.716 INFO  c.k.k.core.webui.driver.DriverFactory    - Action delay is set to 0 milliseconds
Nov 27, 2025 10:24:40 PM org.openqa.selenium.devtools.CdpVersionFinder findNearestMatch
WARNING: Unable to find an exact match for CDP version 142, returning the closest version; found: 138; Please update to a Selenium version that supports CDP version 142
2025-11-27 22:24:40.956 INFO  c.k.k.core.webui.driver.DriverFactory    - sessionId = 892d3029899250c36495902e7ca0f682
2025-11-27 22:24:40.956 INFO  c.k.k.core.webui.driver.DriverFactory    - browser = Chrome 142.0.7444.176
2025-11-27 22:24:40.956 INFO  c.k.k.core.webui.driver.DriverFactory    - platform = Windows 11
2025-11-27 22:24:40.957 INFO  c.k.k.core.webui.driver.DriverFactory    - seleniumVersion = 4.34.0
2025-11-27 22:24:40.957 INFO  c.k.k.core.webui.driver.DriverFactory    - proxyInformation = ProxyInformation { proxyOption=NO_PROXY, proxyServerType=HTTP, username=, password=********, proxyServerAddress=, proxyServerPort=0, executionList="", isApplyToDesiredCapabilities=true }
2025-11-27 22:24:40.976 DEBUG  For Mandatory Field On First Name Field - 2: navigateToUrl("https://demoqa.com/automation-practice-form")
2025-11-27 22:25:23.368 ERROR c.k.k.core.keyword.internal.KeywordMain  - ❌ Unable to navigate to 'https://demoqa.com/automation-practice-form' (Root cause: com.kms.katalon.core.exception.StepFailedException: Unable to navigate to 'https://demoqa.com/automation-practice-form'
	at com.kms.katalon.core.webui.keyword.internal.WebUIKeywordMain.stepFailed(WebUIKeywordMain.groovy:177)
	at com.kms.katalon.core.webui.keyword.internal.WebUIKeywordMain.runKeyword(WebUIKeywordMain.groovy:49)
	at com.kms.katalon.core.webui.keyword.builtin.NavigateToUrlKeyword.navigateToUrl(NavigateToUrlKeyword.groovy:90)
	at com.kms.katalon.core.webui.keyword.builtin.NavigateToUrlKeyword.execute(NavigateToUrlKeyword.groovy:70)
	at com.kms.katalon.core.keyword.internal.KeywordExecutor.executeKeywordForPlatform(KeywordExecutor.groovy:90)
	at com.kms.katalon.core.webui.keyword.WebUiBuiltInKeywords.navigateToUrl(WebUiBuiltInKeywords.groovy:185)
	at Case01-3-N3 Alert Notification For Mandatory Field On Last Name Field.run(Case01-3-N3 Alert Notification For Mandatory Field On Last Name Field:24)
	at com.kms.katalon.core.main.ScriptEngine.run(ScriptEngine.java:194)
	at com.kms.katalon.core.main.ScriptEngine.runScriptAsRawText(ScriptEngine.java:119)
	at com.kms.katalon.core.main.TestCaseExecutor.runScript(TestCaseExecutor.java:490)
	at com.kms.katalon.core.main.TestCaseExecutor.doExecute(TestCaseExecutor.java:481)
	at com.kms.katalon.core.main.TestCaseExecutor.processExecutionPhase(TestCaseExecutor.java:460)
	at com.kms.katalon.core.main.TestCaseExecutor.accessMainPhase(TestCaseExecutor.java:452)
	at com.kms.katalon.core.main.TestCaseExecutor.execute(TestCaseExecutor.java:322)
	at com.kms.katalon.core.common.CommonExecutor.accessTestCaseMainPhase(CommonExecutor.java:71)
	at com.kms.katalon.core.main.TestSuiteExecutor.accessTestSuiteMainPhase(TestSuiteExecutor.java:153)
	at com.kms.katalon.core.main.TestSuiteExecutor.execute(TestSuiteExecutor.java:110)
	at com.kms.katalon.core.main.TestCaseMain.startTestSuite(TestCaseMain.java:205)
	at TempTestSuite1764256968984.run(TempTestSuite1764256968984.groovy:35)
	at java.base/jdk.internal.reflect.NativeMethodAccessorImpl.invoke0(Native Method)
	at java.base/jdk.internal.reflect.NativeMethodAccessorImpl.invoke(NativeMethodAccessorImpl.java:77)
	at java.base/jdk.internal.reflect.DelegatingMethodAccessorImpl.invoke(DelegatingMethodAccessorImpl.java:43)
Caused by: org.openqa.selenium.WebDriverException: unknown error: net::ERR_CONNECTION_TIMED_OUT
  (Session info: chrome=142.0.7444.176)
Build info: version: '4.34.0', revision: '707dcb4246*'
System info: os.name: 'Windows 11', os.arch: 'amd64', os.version: '10.0', java.version: '17.0.14'
Driver info: com.kms.katalon.selenium.driver.CChromeDriver
Command: [892d3029899250c36495902e7ca0f682, get {url=https://demoqa.com/automation-practice-form}]
Capabilities {acceptInsecureCerts: false, browserName: chrome, browserVersion: 142.0.7444.176, chrome: {chromedriverVersion: 142.0.7444.59 (4b8153ab58d3..., userDataDir: C:\Users\USER\AppData\Local...}, fedcm:accounts: true, goog:chromeOptions: {debuggerAddress: localhost:64779}, goog:processID: 81792, networkConnectionEnabled: false, pageLoadStrategy: normal, platformName: windows, proxy: Proxy(), se:cdp: ws://localhost:64779/devtoo..., se:cdpVersion: 142.0.7444.176, setWindowRect: true, strictFileInteractability: false, timeouts: {implicit: 0, pageLoad: 300000, script: 30000}, unhandledPromptBehavior: {alert: ignore, beforeUnload: ignore, confirm: ignore, default: ignore, file: ignore, prompt: ignore}, webSocketUrl: ws://localhost:23707/sessio..., webauthn:extension:credBlob: true, webauthn:extension:largeBlob: true, webauthn:extension:minPinLength: true, webauthn:extension:prf: true, webauthn:virtualAuthenticators: true}
Session ID: 892d3029899250c36495902e7ca0f682
	at java.base/jdk.internal.reflect.NativeConstructorAccessorImpl.newInstance0(Native Method)
	at java.base/jdk.internal.reflect.NativeConstructorAccessorImpl.newInstance(NativeConstructorAccessorImpl.java:77)
	at java.base/jdk.internal.reflect.DelegatingConstructorAccessorImpl.newInstance(DelegatingConstructorAccessorImpl.java:45)
	at org.openqa.selenium.remote.ErrorCodec.decode(ErrorCodec.java:167)
	at org.openqa.selenium.remote.codec.w3c.W3CHttpResponseCodec.decode(W3CHttpResponseCodec.java:138)
	at org.openqa.selenium.remote.codec.w3c.W3CHttpResponseCodec.decode(W3CHttpResponseCodec.java:50)
	at org.openqa.selenium.remote.HttpCommandExecutor.execute(HttpCommandExecutor.java:215)
	at org.openqa.selenium.remote.service.DriverCommandExecutor.invokeExecute(DriverCommandExecutor.java:216)
	at org.openqa.selenium.remote.service.DriverCommandExecutor.execute(DriverCommandExecutor.java:174)
	at org.openqa.selenium.remote.RemoteWebDriver.execute(RemoteWebDriver.java:544)
	at org.openqa.selenium.remote.RemoteWebDriver.get(RemoteWebDriver.java:312)
	at org.openqa.selenium.remote.RemoteWebDriver$RemoteNavigation.to(RemoteWebDriver.java:1076)
	at java.base/jdk.internal.reflect.NativeMethodAccessorImpl.invoke0(Native Method)
	at java.base/jdk.internal.reflect.NativeMethodAccessorImpl.invoke(NativeMethodAccessorImpl.java:77)
	at java.base/jdk.internal.reflect.DelegatingMethodAccessorImpl.invoke(DelegatingMethodAccessorImpl.java:43)
	at org.openqa.selenium.support.decorators.WebDriverDecorator.call(WebDriverDecorator.java:315)
	at org.openqa.selenium.support.decorators.DefaultDecorated.call(DefaultDecorated.java:48)
	at org.openqa.selenium.support.decorators.WebDriverDecorator.lambda$createProxyFactory$3(WebDriverDecorator.java:405)
	at net.bytebuddy.renamed.java.lang.Object$ByteBuddy$1SFAN8bh.to(Unknown Source)
	at com.kms.katalon.core.webui.keyword.builtin.NavigateToUrlKeyword$_navigateToUrl_closure1.doCall(NavigateToUrlKeyword.groovy:84)
	at com.kms.katalon.core.webui.keyword.builtin.NavigateToUrlKeyword$_navigateToUrl_closure1.call(NavigateToUrlKeyword.groovy)
	at com.kms.katalon.core.webui.keyword.internal.WebUIKeywordMain.runKeyword(WebUIKeywordMain.groovy:41)
	at com.kms.katalon.core.webui.keyword.builtin.NavigateToUrlKeyword.navigateToUrl(NavigateToUrlKeyword.groovy:90)
	at com.kms.katalon.core.webui.keyword.builtin.NavigateToUrlKeyword.execute(NavigateToUrlKeyword.groovy:70)
	at com.kms.katalon.core.keyword.internal.KeywordExecutor.executeKeywordForPlatform(KeywordExecutor.groovy:90)
	at com.kms.katalon.core.webui.keyword.WebUiBuiltInKeywords.navigateToUrl(WebUiBuiltInKeywords.groovy:185)
	at Script1763805219923.run(Script1763805219923.groovy:24)
	... 15 more
)
2025-11-27 22:25:23.373 ERROR c.k.katalon.core.main.TestCaseExecutor   - ❌ Test Cases/Negative/Case01-3-N3 Alert Notification For Mandatory Field On Last Name Field FAILED.
Reason:
com.kms.katalon.core.exception.StepFailedException: Unable to navigate to 'https://demoqa.com/automation-practice-form'
	at com.kms.katalon.core.webui.keyword.internal.WebUIKeywordMain.stepFailed(WebUIKeywordMain.groovy:177)
	at com.kms.katalon.core.webui.keyword.internal.WebUIKeywordMain.runKeyword(WebUIKeywordMain.groovy:49)
	at com.kms.katalon.core.webui.keyword.builtin.NavigateToUrlKeyword.navigateToUrl(NavigateToUrlKeyword.groovy:90)
	at com.kms.katalon.core.webui.keyword.builtin.NavigateToUrlKeyword.execute(NavigateToUrlKeyword.groovy:70)
	at com.kms.katalon.core.keyword.internal.KeywordExecutor.executeKeywordForPlatform(KeywordExecutor.groovy:90)
	at com.kms.katalon.core.webui.keyword.WebUiBuiltInKeywords.navigateToUrl(WebUiBuiltInKeywords.groovy:185)
	at Case01-3-N3 Alert Notification For Mandatory Field On Last Name Field.run(Case01-3-N3 Alert Notification For Mandatory Field On Last Name Field:24)
	at com.kms.katalon.core.main.ScriptEngine.run(ScriptEngine.java:194)
	at com.kms.katalon.core.main.ScriptEngine.runScriptAsRawText(ScriptEngine.java:119)
	at com.kms.katalon.core.main.TestCaseExecutor.runScript(TestCaseExecutor.java:490)
	at com.kms.katalon.core.main.TestCaseExecutor.doExecute(TestCaseExecutor.java:481)
	at com.kms.katalon.core.main.TestCaseExecutor.processExecutionPhase(TestCaseExecutor.java:460)
	at com.kms.katalon.core.main.TestCaseExecutor.accessMainPhase(TestCaseExecutor.java:452)
	at com.kms.katalon.core.main.TestCaseExecutor.execute(TestCaseExecutor.java:322)
	at com.kms.katalon.core.common.CommonExecutor.accessTestCaseMainPhase(CommonExecutor.java:71)
	at com.kms.katalon.core.main.TestSuiteExecutor.accessTestSuiteMainPhase(TestSuiteExecutor.java:153)
	at com.kms.katalon.core.main.TestSuiteExecutor.execute(TestSuiteExecutor.java:110)
	at com.kms.katalon.core.main.TestCaseMain.startTestSuite(TestCaseMain.java:205)
	at TempTestSuite1764256968984.run(TempTestSuite1764256968984.groovy:35)
	at java.base/jdk.internal.reflect.NativeMethodAccessorImpl.invoke0(Native Method)
	at java.base/jdk.internal.reflect.NativeMethodAccessorImpl.invoke(NativeMethodAccessorImpl.java:77)
	at java.base/jdk.internal.reflect.DelegatingMethodAccessorImpl.invoke(DelegatingMethodAccessorImpl.java:43)
Caused by: org.openqa.selenium.WebDriverException: unknown error: net::ERR_CONNECTION_TIMED_OUT
  (Session info: chrome=142.0.7444.176)
Build info: version: '4.34.0', revision: '707dcb4246*'
System info: os.name: 'Windows 11', os.arch: 'amd64', os.version: '10.0', java.version: '17.0.14'
Driver info: com.kms.katalon.selenium.driver.CChromeDriver
Command: [892d3029899250c36495902e7ca0f682, get {url=https://demoqa.com/automation-practice-form}]
Capabilities {acceptInsecureCerts: false, browserName: chrome, browserVersion: 142.0.7444.176, chrome: {chromedriverVersion: 142.0.7444.59 (4b8153ab58d3..., userDataDir: C:\Users\USER\AppData\Local...}, fedcm:accounts: true, goog:chromeOptions: {debuggerAddress: localhost:64779}, goog:processID: 81792, networkConnectionEnabled: false, pageLoadStrategy: normal, platformName: windows, proxy: Proxy(), se:cdp: ws://localhost:64779/devtoo..., se:cdpVersion: 142.0.7444.176, setWindowRect: true, strictFileInteractability: false, timeouts: {implicit: 0, pageLoad: 300000, script: 30000}, unhandledPromptBehavior: {alert: ignore, beforeUnload: ignore, confirm: ignore, default: ignore, file: ignore, prompt: ignore}, webSocketUrl: ws://localhost:23707/sessio..., webauthn:extension:credBlob: true, webauthn:extension:largeBlob: true, webauthn:extension:minPinLength: true, webauthn:extension:prf: true, webauthn:virtualAuthenticators: true}
Session ID: 892d3029899250c36495902e7ca0f682
	at java.base/jdk.internal.reflect.NativeConstructorAccessorImpl.newInstance0(Native Method)
	at java.base/jdk.internal.reflect.NativeConstructorAccessorImpl.newInstance(NativeConstructorAccessorImpl.java:77)
	at java.base/jdk.internal.reflect.DelegatingConstructorAccessorImpl.newInstance(DelegatingConstructorAccessorImpl.java:45)
	at org.openqa.selenium.remote.ErrorCodec.decode(ErrorCodec.java:167)
	at org.openqa.selenium.remote.codec.w3c.W3CHttpResponseCodec.decode(W3CHttpResponseCodec.java:138)
	at org.openqa.selenium.remote.codec.w3c.W3CHttpResponseCodec.decode(W3CHttpResponseCodec.java:50)
	at org.openqa.selenium.remote.HttpCommandExecutor.execute(HttpCommandExecutor.java:215)
	at org.openqa.selenium.remote.service.DriverCommandExecutor.invokeExecute(DriverCommandExecutor.java:216)
	at org.openqa.selenium.remote.service.DriverCommandExecutor.execute(DriverCommandExecutor.java:174)
	at org.openqa.selenium.remote.RemoteWebDriver.execute(RemoteWebDriver.java:544)
	at org.openqa.selenium.remote.RemoteWebDriver.get(RemoteWebDriver.java:312)
	at org.openqa.selenium.remote.RemoteWebDriver$RemoteNavigation.to(RemoteWebDriver.java:1076)
	at java.base/jdk.internal.reflect.NativeMethodAccessorImpl.invoke0(Native Method)
	at java.base/jdk.internal.reflect.NativeMethodAccessorImpl.invoke(NativeMethodAccessorImpl.java:77)
	at java.base/jdk.internal.reflect.DelegatingMethodAccessorImpl.invoke(DelegatingMethodAccessorImpl.java:43)
	at org.openqa.selenium.support.decorators.WebDriverDecorator.call(WebDriverDecorator.java:315)
	at org.openqa.selenium.support.decorators.DefaultDecorated.call(DefaultDecorated.java:48)
	at org.openqa.selenium.support.decorators.WebDriverDecorator.lambda$createProxyFactory$3(WebDriverDecorator.java:405)
	at net.bytebuddy.renamed.java.lang.Object$ByteBuddy$1SFAN8bh.to(Unknown Source)
	at com.kms.katalon.core.webui.keyword.builtin.NavigateToUrlKeyword$_navigateToUrl_closure1.doCall(NavigateToUrlKeyword.groovy:84)
	at com.kms.katalon.core.webui.keyword.builtin.NavigateToUrlKeyword$_navigateToUrl_closure1.call(NavigateToUrlKeyword.groovy)
	at com.kms.katalon.core.webui.keyword.internal.WebUIKeywordMain.runKeyword(WebUIKeywordMain.groovy:41)
	... 20 more

2025-11-27 22:25:23.381 INFO  c.k.katalon.core.main.TestCaseExecutor   - END Test Cases/Negative/Case01-3-N3 Alert Notification For Mandatory Field On Last Name Field
2025-11-27 22:25:23.384 INFO  c.k.katalon.core.main.TestCaseExecutor   - --------------------
2025-11-27 22:25:23.384 INFO  c.k.katalon.core.main.TestCaseExecutor   - START Test Cases/Negative/Case01-3-N3 Alert Notification For Mandatory Field On Last Name Field
2025-11-27 22:25:23.403 INFO  c.k.katalon.core.main.TestCaseExecutor   - (Default) Lastname = 
2025-11-27 22:25:23.404 DEBUG  For Mandatory Field On First Name Field - 1: openBrowser("")
2025-11-27 22:25:23.407 WARN  c.k.k.core.webui.driver.DriverFactory    - A browser is already opened. Closing browser and opening a new one
2025-11-27 22:25:24.722 INFO  c.k.k.core.webui.driver.DriverFactory    - Starting 'Chrome (headless)' driver
2025-11-27 22:25:24.723 INFO  c.k.k.core.webui.driver.DriverFactory    - Action delay is set to 0 milliseconds
Nov 27, 2025 10:25:25 PM org.openqa.selenium.devtools.CdpVersionFinder findNearestMatch
WARNING: Unable to find an exact match for CDP version 142, returning the closest version; found: 138; Please update to a Selenium version that supports CDP version 142
2025-11-27 22:25:25.596 INFO  c.k.k.core.webui.driver.DriverFactory    - sessionId = b8277785b18eed99aa4549c22882e3bf
2025-11-27 22:25:25.597 INFO  c.k.k.core.webui.driver.DriverFactory    - browser = Chrome 142.0.7444.176
2025-11-27 22:25:25.597 INFO  c.k.k.core.webui.driver.DriverFactory    - platform = Windows 11
2025-11-27 22:25:25.598 INFO  c.k.k.core.webui.driver.DriverFactory    - seleniumVersion = 4.34.0
2025-11-27 22:25:25.599 INFO  c.k.k.core.webui.driver.DriverFactory    - proxyInformation = ProxyInformation { proxyOption=NO_PROXY, proxyServerType=HTTP, username=, password=********, proxyServerAddress=, proxyServerPort=0, executionList="", isApplyToDesiredCapabilities=true }
2025-11-27 22:25:25.621 DEBUG  For Mandatory Field On First Name Field - 2: navigateToUrl("https://demoqa.com/automation-practice-form")
2025-11-27 22:26:07.917 ERROR c.k.k.core.keyword.internal.KeywordMain  - ❌ Unable to navigate to 'https://demoqa.com/automation-practice-form' (Root cause: com.kms.katalon.core.exception.StepFailedException: Unable to navigate to 'https://demoqa.com/automation-practice-form'
	at com.kms.katalon.core.webui.keyword.internal.WebUIKeywordMain.stepFailed(WebUIKeywordMain.groovy:177)
	at com.kms.katalon.core.webui.keyword.internal.WebUIKeywordMain.runKeyword(WebUIKeywordMain.groovy:49)
	at com.kms.katalon.core.webui.keyword.builtin.NavigateToUrlKeyword.navigateToUrl(NavigateToUrlKeyword.groovy:90)
	at com.kms.katalon.core.webui.keyword.builtin.NavigateToUrlKeyword.execute(NavigateToUrlKeyword.groovy:70)
	at com.kms.katalon.core.keyword.internal.KeywordExecutor.executeKeywordForPlatform(KeywordExecutor.groovy:90)
	at com.kms.katalon.core.webui.keyword.WebUiBuiltInKeywords.navigateToUrl(WebUiBuiltInKeywords.groovy:185)
	at Case01-3-N3 Alert Notification For Mandatory Field On Last Name Field.run(Case01-3-N3 Alert Notification For Mandatory Field On Last Name Field:24)
	at com.kms.katalon.core.main.ScriptEngine.run(ScriptEngine.java:194)
	at com.kms.katalon.core.main.ScriptEngine.runScriptAsRawText(ScriptEngine.java:119)
	at com.kms.katalon.core.main.TestCaseExecutor.runScript(TestCaseExecutor.java:490)
	at com.kms.katalon.core.main.TestCaseExecutor.doExecute(TestCaseExecutor.java:481)
	at com.kms.katalon.core.main.TestCaseExecutor.processExecutionPhase(TestCaseExecutor.java:460)
	at com.kms.katalon.core.main.TestCaseExecutor.accessMainPhase(TestCaseExecutor.java:452)
	at com.kms.katalon.core.main.TestCaseExecutor.execute(TestCaseExecutor.java:322)
	at com.kms.katalon.core.common.CommonExecutor.accessTestCaseMainPhase(CommonExecutor.java:71)
	at com.kms.katalon.core.main.TestSuiteExecutor.accessTestSuiteMainPhase(TestSuiteExecutor.java:153)
	at com.kms.katalon.core.main.TestSuiteExecutor.execute(TestSuiteExecutor.java:110)
	at com.kms.katalon.core.main.TestCaseMain.startTestSuite(TestCaseMain.java:205)
	at TempTestSuite1764256968984.run(TempTestSuite1764256968984.groovy:35)
	at java.base/jdk.internal.reflect.NativeMethodAccessorImpl.invoke0(Native Method)
	at java.base/jdk.internal.reflect.NativeMethodAccessorImpl.invoke(NativeMethodAccessorImpl.java:77)
	at java.base/jdk.internal.reflect.DelegatingMethodAccessorImpl.invoke(DelegatingMethodAccessorImpl.java:43)
Caused by: org.openqa.selenium.WebDriverException: unknown error: net::ERR_CONNECTION_TIMED_OUT
  (Session info: chrome=142.0.7444.176)
Build info: version: '4.34.0', revision: '707dcb4246*'
System info: os.name: 'Windows 11', os.arch: 'amd64', os.version: '10.0', java.version: '17.0.14'
Driver info: com.kms.katalon.selenium.driver.CChromeDriver
Command: [b8277785b18eed99aa4549c22882e3bf, get {url=https://demoqa.com/automation-practice-form}]
Capabilities {acceptInsecureCerts: false, browserName: chrome, browserVersion: 142.0.7444.176, chrome: {chromedriverVersion: 142.0.7444.59 (4b8153ab58d3..., userDataDir: C:\Users\USER\AppData\Local...}, fedcm:accounts: true, goog:chromeOptions: {debuggerAddress: localhost:55799}, goog:processID: 74348, networkConnectionEnabled: false, pageLoadStrategy: normal, platformName: windows, proxy: Proxy(), se:cdp: ws://localhost:55799/devtoo..., se:cdpVersion: 142.0.7444.176, setWindowRect: true, strictFileInteractability: false, timeouts: {implicit: 0, pageLoad: 300000, script: 30000}, unhandledPromptBehavior: {alert: ignore, beforeUnload: ignore, confirm: ignore, default: ignore, file: ignore, prompt: ignore}, webSocketUrl: ws://localhost:41550/sessio..., webauthn:extension:credBlob: true, webauthn:extension:largeBlob: true, webauthn:extension:minPinLength: true, webauthn:extension:prf: true, webauthn:virtualAuthenticators: true}
Session ID: b8277785b18eed99aa4549c22882e3bf
	at java.base/jdk.internal.reflect.NativeConstructorAccessorImpl.newInstance0(Native Method)
	at java.base/jdk.internal.reflect.NativeConstructorAccessorImpl.newInstance(NativeConstructorAccessorImpl.java:77)
	at java.base/jdk.internal.reflect.DelegatingConstructorAccessorImpl.newInstance(DelegatingConstructorAccessorImpl.java:45)
	at org.openqa.selenium.remote.ErrorCodec.decode(ErrorCodec.java:167)
	at org.openqa.selenium.remote.codec.w3c.W3CHttpResponseCodec.decode(W3CHttpResponseCodec.java:138)
	at org.openqa.selenium.remote.codec.w3c.W3CHttpResponseCodec.decode(W3CHttpResponseCodec.java:50)
	at org.openqa.selenium.remote.HttpCommandExecutor.execute(HttpCommandExecutor.java:215)
	at org.openqa.selenium.remote.service.DriverCommandExecutor.invokeExecute(DriverCommandExecutor.java:216)
	at org.openqa.selenium.remote.service.DriverCommandExecutor.execute(DriverCommandExecutor.java:174)
	at org.openqa.selenium.remote.RemoteWebDriver.execute(RemoteWebDriver.java:544)
	at org.openqa.selenium.remote.RemoteWebDriver.get(RemoteWebDriver.java:312)
	at org.openqa.selenium.remote.RemoteWebDriver$RemoteNavigation.to(RemoteWebDriver.java:1076)
	at java.base/jdk.internal.reflect.NativeMethodAccessorImpl.invoke0(Native Method)
	at java.base/jdk.internal.reflect.NativeMethodAccessorImpl.invoke(NativeMethodAccessorImpl.java:77)
	at java.base/jdk.internal.reflect.DelegatingMethodAccessorImpl.invoke(DelegatingMethodAccessorImpl.java:43)
	at org.openqa.selenium.support.decorators.WebDriverDecorator.call(WebDriverDecorator.java:315)
	at org.openqa.selenium.support.decorators.DefaultDecorated.call(DefaultDecorated.java:48)
	at org.openqa.selenium.support.decorators.WebDriverDecorator.lambda$createProxyFactory$3(WebDriverDecorator.java:405)
	at net.bytebuddy.renamed.java.lang.Object$ByteBuddy$vO5DZQmS.to(Unknown Source)
	at com.kms.katalon.core.webui.keyword.builtin.NavigateToUrlKeyword$_navigateToUrl_closure1.doCall(NavigateToUrlKeyword.groovy:84)
	at com.kms.katalon.core.webui.keyword.builtin.NavigateToUrlKeyword$_navigateToUrl_closure1.call(NavigateToUrlKeyword.groovy)
	at com.kms.katalon.core.webui.keyword.internal.WebUIKeywordMain.runKeyword(WebUIKeywordMain.groovy:41)
	at com.kms.katalon.core.webui.keyword.builtin.NavigateToUrlKeyword.navigateToUrl(NavigateToUrlKeyword.groovy:90)
	at com.kms.katalon.core.webui.keyword.builtin.NavigateToUrlKeyword.execute(NavigateToUrlKeyword.groovy:70)
	at com.kms.katalon.core.keyword.internal.KeywordExecutor.executeKeywordForPlatform(KeywordExecutor.groovy:90)
	at com.kms.katalon.core.webui.keyword.WebUiBuiltInKeywords.navigateToUrl(WebUiBuiltInKeywords.groovy:185)
	at Script1763805219923.run(Script1763805219923.groovy:24)
	... 15 more
)
2025-11-27 22:26:07.919 ERROR c.k.katalon.core.main.TestCaseExecutor   - ❌ Test Cases/Negative/Case01-3-N3 Alert Notification For Mandatory Field On Last Name Field FAILED.
Reason:
com.kms.katalon.core.exception.StepFailedException: Unable to navigate to 'https://demoqa.com/automation-practice-form'
	at com.kms.katalon.core.webui.keyword.internal.WebUIKeywordMain.stepFailed(WebUIKeywordMain.groovy:177)
	at com.kms.katalon.core.webui.keyword.internal.WebUIKeywordMain.runKeyword(WebUIKeywordMain.groovy:49)
	at com.kms.katalon.core.webui.keyword.builtin.NavigateToUrlKeyword.navigateToUrl(NavigateToUrlKeyword.groovy:90)
	at com.kms.katalon.core.webui.keyword.builtin.NavigateToUrlKeyword.execute(NavigateToUrlKeyword.groovy:70)
	at com.kms.katalon.core.keyword.internal.KeywordExecutor.executeKeywordForPlatform(KeywordExecutor.groovy:90)
	at com.kms.katalon.core.webui.keyword.WebUiBuiltInKeywords.navigateToUrl(WebUiBuiltInKeywords.groovy:185)
	at Case01-3-N3 Alert Notification For Mandatory Field On Last Name Field.run(Case01-3-N3 Alert Notification For Mandatory Field On Last Name Field:24)
	at com.kms.katalon.core.main.ScriptEngine.run(ScriptEngine.java:194)
	at com.kms.katalon.core.main.ScriptEngine.runScriptAsRawText(ScriptEngine.java:119)
	at com.kms.katalon.core.main.TestCaseExecutor.runScript(TestCaseExecutor.java:490)
	at com.kms.katalon.core.main.TestCaseExecutor.doExecute(TestCaseExecutor.java:481)
	at com.kms.katalon.core.main.TestCaseExecutor.processExecutionPhase(TestCaseExecutor.java:460)
	at com.kms.katalon.core.main.TestCaseExecutor.accessMainPhase(TestCaseExecutor.java:452)
	at com.kms.katalon.core.main.TestCaseExecutor.execute(TestCaseExecutor.java:322)
	at com.kms.katalon.core.common.CommonExecutor.accessTestCaseMainPhase(CommonExecutor.java:71)
	at com.kms.katalon.core.main.TestSuiteExecutor.accessTestSuiteMainPhase(TestSuiteExecutor.java:153)
	at com.kms.katalon.core.main.TestSuiteExecutor.execute(TestSuiteExecutor.java:110)
	at com.kms.katalon.core.main.TestCaseMain.startTestSuite(TestCaseMain.java:205)
	at TempTestSuite1764256968984.run(TempTestSuite1764256968984.groovy:35)
	at java.base/jdk.internal.reflect.NativeMethodAccessorImpl.invoke0(Native Method)
	at java.base/jdk.internal.reflect.NativeMethodAccessorImpl.invoke(NativeMethodAccessorImpl.java:77)
	at java.base/jdk.internal.reflect.DelegatingMethodAccessorImpl.invoke(DelegatingMethodAccessorImpl.java:43)
Caused by: org.openqa.selenium.WebDriverException: unknown error: net::ERR_CONNECTION_TIMED_OUT
  (Session info: chrome=142.0.7444.176)
Build info: version: '4.34.0', revision: '707dcb4246*'
System info: os.name: 'Windows 11', os.arch: 'amd64', os.version: '10.0', java.version: '17.0.14'
Driver info: com.kms.katalon.selenium.driver.CChromeDriver
Command: [b8277785b18eed99aa4549c22882e3bf, get {url=https://demoqa.com/automation-practice-form}]
Capabilities {acceptInsecureCerts: false, browserName: chrome, browserVersion: 142.0.7444.176, chrome: {chromedriverVersion: 142.0.7444.59 (4b8153ab58d3..., userDataDir: C:\Users\USER\AppData\Local...}, fedcm:accounts: true, goog:chromeOptions: {debuggerAddress: localhost:55799}, goog:processID: 74348, networkConnectionEnabled: false, pageLoadStrategy: normal, platformName: windows, proxy: Proxy(), se:cdp: ws://localhost:55799/devtoo..., se:cdpVersion: 142.0.7444.176, setWindowRect: true, strictFileInteractability: false, timeouts: {implicit: 0, pageLoad: 300000, script: 30000}, unhandledPromptBehavior: {alert: ignore, beforeUnload: ignore, confirm: ignore, default: ignore, file: ignore, prompt: ignore}, webSocketUrl: ws://localhost:41550/sessio..., webauthn:extension:credBlob: true, webauthn:extension:largeBlob: true, webauthn:extension:minPinLength: true, webauthn:extension:prf: true, webauthn:virtualAuthenticators: true}
Session ID: b8277785b18eed99aa4549c22882e3bf
	at java.base/jdk.internal.reflect.NativeConstructorAccessorImpl.newInstance0(Native Method)
	at java.base/jdk.internal.reflect.NativeConstructorAccessorImpl.newInstance(NativeConstructorAccessorImpl.java:77)
	at java.base/jdk.internal.reflect.DelegatingConstructorAccessorImpl.newInstance(DelegatingConstructorAccessorImpl.java:45)
	at org.openqa.selenium.remote.ErrorCodec.decode(ErrorCodec.java:167)
	at org.openqa.selenium.remote.codec.w3c.W3CHttpResponseCodec.decode(W3CHttpResponseCodec.java:138)
	at org.openqa.selenium.remote.codec.w3c.W3CHttpResponseCodec.decode(W3CHttpResponseCodec.java:50)
	at org.openqa.selenium.remote.HttpCommandExecutor.execute(HttpCommandExecutor.java:215)
	at org.openqa.selenium.remote.service.DriverCommandExecutor.invokeExecute(DriverCommandExecutor.java:216)
	at org.openqa.selenium.remote.service.DriverCommandExecutor.execute(DriverCommandExecutor.java:174)
	at org.openqa.selenium.remote.RemoteWebDriver.execute(RemoteWebDriver.java:544)
	at org.openqa.selenium.remote.RemoteWebDriver.get(RemoteWebDriver.java:312)
	at org.openqa.selenium.remote.RemoteWebDriver$RemoteNavigation.to(RemoteWebDriver.java:1076)
	at java.base/jdk.internal.reflect.NativeMethodAccessorImpl.invoke0(Native Method)
	at java.base/jdk.internal.reflect.NativeMethodAccessorImpl.invoke(NativeMethodAccessorImpl.java:77)
	at java.base/jdk.internal.reflect.DelegatingMethodAccessorImpl.invoke(DelegatingMethodAccessorImpl.java:43)
	at org.openqa.selenium.support.decorators.WebDriverDecorator.call(WebDriverDecorator.java:315)
	at org.openqa.selenium.support.decorators.DefaultDecorated.call(DefaultDecorated.java:48)
	at org.openqa.selenium.support.decorators.WebDriverDecorator.lambda$createProxyFactory$3(WebDriverDecorator.java:405)
	at net.bytebuddy.renamed.java.lang.Object$ByteBuddy$vO5DZQmS.to(Unknown Source)
	at com.kms.katalon.core.webui.keyword.builtin.NavigateToUrlKeyword$_navigateToUrl_closure1.doCall(NavigateToUrlKeyword.groovy:84)
	at com.kms.katalon.core.webui.keyword.builtin.NavigateToUrlKeyword$_navigateToUrl_closure1.call(NavigateToUrlKeyword.groovy)
	at com.kms.katalon.core.webui.keyword.internal.WebUIKeywordMain.runKeyword(WebUIKeywordMain.groovy:41)
	... 20 more

2025-11-27 22:26:07.922 INFO  c.k.katalon.core.main.TestCaseExecutor   - END Test Cases/Negative/Case01-3-N3 Alert Notification For Mandatory Field On Last Name Field
2025-11-27 22:26:07.928 INFO  c.k.katalon.core.main.TestCaseExecutor   - --------------------
2025-11-27 22:26:07.928 INFO  c.k.katalon.core.main.TestCaseExecutor   - START Test Cases/Negative/Case01-3-N3 Alert Notification For Mandatory Field On Last Name Field
2025-11-27 22:26:07.938 INFO  c.k.katalon.core.main.TestCaseExecutor   - (Default) Lastname = 
2025-11-27 22:26:07.945 DEBUG  For Mandatory Field On First Name Field - 1: openBrowser("")
2025-11-27 22:26:07.948 WARN  c.k.k.core.webui.driver.DriverFactory    - A browser is already opened. Closing browser and opening a new one
2025-11-27 22:26:09.250 INFO  c.k.k.core.webui.driver.DriverFactory    - Starting 'Chrome (headless)' driver
2025-11-27 22:26:09.251 INFO  c.k.k.core.webui.driver.DriverFactory    - Action delay is set to 0 milliseconds
Nov 27, 2025 10:26:10 PM org.openqa.selenium.devtools.CdpVersionFinder findNearestMatch
WARNING: Unable to find an exact match for CDP version 142, returning the closest version; found: 138; Please update to a Selenium version that supports CDP version 142
2025-11-27 22:26:10.534 INFO  c.k.k.core.webui.driver.DriverFactory    - sessionId = 67301607e3e893680db6ddaa9522917c
2025-11-27 22:26:10.534 INFO  c.k.k.core.webui.driver.DriverFactory    - browser = Chrome 142.0.7444.176
2025-11-27 22:26:10.534 INFO  c.k.k.core.webui.driver.DriverFactory    - platform = Windows 11
2025-11-27 22:26:10.535 INFO  c.k.k.core.webui.driver.DriverFactory    - seleniumVersion = 4.34.0
2025-11-27 22:26:10.535 INFO  c.k.k.core.webui.driver.DriverFactory    - proxyInformation = ProxyInformation { proxyOption=NO_PROXY, proxyServerType=HTTP, username=, password=********, proxyServerAddress=, proxyServerPort=0, executionList="", isApplyToDesiredCapabilities=true }
2025-11-27 22:26:10.553 DEBUG  For Mandatory Field On First Name Field - 2: navigateToUrl("https://demoqa.com/automation-practice-form")
2025-11-27 22:28:09.178 DEBUG  For Mandatory Field On First Name Field - 3: maximizeWindow()
2025-11-27 22:28:09.233 DEBUG  For Mandatory Field On First Name Field - 4: delay(2)
2025-11-27 22:28:11.248 DEBUG  For Mandatory Field On First Name Field - 5: verifyElementPresent(findTestObject("Page_DEMOQA/input_Name_lastName"), 8)
2025-11-27 22:28:13.542 DEBUG  For Mandatory Field On First Name Field - 6: verifyElementVisible(findTestObject("Page_DEMOQA/input_Name_lastName"), STOP_ON_FAILURE)
2025-11-27 22:28:13.808 DEBUG  For Mandatory Field On First Name Field - 7: delay(2)
2025-11-27 22:28:15.825 DEBUG  For Mandatory Field On First Name Field - 8: setText(findTestObject("Page_DEMOQA/input_Name_lastName"), Lastname)
2025-11-27 22:28:16.495 DEBUG  For Mandatory Field On First Name Field - 9: delay(2)
2025-11-27 22:28:18.508 DEBUG  For Mandatory Field On First Name Field - 10: verifyElementPresent(findTestObject("Object Repository/Page_DEMOQA/button_Submit"), 8)
2025-11-27 22:28:18.757 DEBUG  For Mandatory Field On First Name Field - 11: delay(2)
2025-11-27 22:28:20.763 DEBUG  For Mandatory Field On First Name Field - 12: scrollToElement(findTestObject("Page_DEMOQA/button_Submit"), 100)
2025-11-27 22:28:21.025 DEBUG  For Mandatory Field On First Name Field - 13: delay(2)
2025-11-27 22:28:23.045 DEBUG  For Mandatory Field On First Name Field - 14: verifyElementVisible(findTestObject("Object Repository/Page_DEMOQA/button_Submit"), STOP_ON_FAILURE)
2025-11-27 22:28:23.311 DEBUG  For Mandatory Field On First Name Field - 15: delay(2)
2025-11-27 22:28:25.325 DEBUG  For Mandatory Field On First Name Field - 16: click(findTestObject("Object Repository/Page_DEMOQA/button_Submit"))
2025-11-27 22:28:25.706 DEBUG  For Mandatory Field On First Name Field - 17: delay(2)
2025-11-27 22:28:27.726 DEBUG  For Mandatory Field On First Name Field - 18: scrollToElement(findTestObject("Page_DEMOQA/input_Name_lastName"), 0)
2025-11-27 22:28:27.732 WARN  c.k.k.c.webui.common.WebUiCommonHelper   - Timeout '0' is invalid. Using default page load timeout: '10'
2025-11-27 22:28:27.981 DEBUG  For Mandatory Field On First Name Field - 19: delay(2)
2025-11-27 22:28:29.992 DEBUG  For Mandatory Field On First Name Field - 20: verifyElementPresent(findTestObject("Page_DEMOQA/input_Name_lastName"), 8)
2025-11-27 22:28:30.247 DEBUG  For Mandatory Field On First Name Field - 21: click(findTestObject("Page_DEMOQA/input_Name_lastName"))
2025-11-27 22:28:30.663 DEBUG  For Mandatory Field On First Name Field - 22: verifyElementPresent(findTestObject("Page_DEMOQA/class_Lastname_Invalid"), 8)
2025-11-27 22:28:30.915 INFO  c.k.katalon.core.main.TestCaseExecutor   - END Test Cases/Negative/Case01-3-N3 Alert Notification For Mandatory Field On Last Name Field
2025-11-27 22:28:30.924 INFO  c.k.katalon.core.main.TestCaseExecutor   - --------------------
2025-11-27 22:28:30.925 INFO  c.k.katalon.core.main.TestCaseExecutor   - START Test Cases/Negative/Case01-4-N4 Alert Notification For Mandatory Field On Gender Field
2025-11-27 22:28:30.937 INFO  c.k.katalon.core.main.TestCaseExecutor   - (Default) Gender = 
2025-11-27 22:28:31.011 DEBUG  For Mandatory Field On First Name Field - 1: openBrowser("")
2025-11-27 22:28:31.014 WARN  c.k.k.core.webui.driver.DriverFactory    - A browser is already opened. Closing browser and opening a new one
2025-11-27 22:28:31.645 INFO  c.k.k.core.webui.driver.DriverFactory    - Starting 'Chrome (headless)' driver
2025-11-27 22:28:31.648 INFO  c.k.k.core.webui.driver.DriverFactory    - Action delay is set to 0 milliseconds
Nov 27, 2025 10:28:32 PM org.openqa.selenium.devtools.CdpVersionFinder findNearestMatch
WARNING: Unable to find an exact match for CDP version 142, returning the closest version; found: 138; Please update to a Selenium version that supports CDP version 142
2025-11-27 22:28:32.581 INFO  c.k.k.core.webui.driver.DriverFactory    - sessionId = b8897c8136fd906c55782b65a6ec9e91
2025-11-27 22:28:32.582 INFO  c.k.k.core.webui.driver.DriverFactory    - browser = Chrome 142.0.7444.176
2025-11-27 22:28:32.583 INFO  c.k.k.core.webui.driver.DriverFactory    - platform = Windows 11
2025-11-27 22:28:32.583 INFO  c.k.k.core.webui.driver.DriverFactory    - seleniumVersion = 4.34.0
2025-11-27 22:28:32.586 INFO  c.k.k.core.webui.driver.DriverFactory    - proxyInformation = ProxyInformation { proxyOption=NO_PROXY, proxyServerType=HTTP, username=, password=********, proxyServerAddress=, proxyServerPort=0, executionList="", isApplyToDesiredCapabilities=true }
2025-11-27 22:28:32.609 DEBUG  For Mandatory Field On First Name Field - 2: navigateToUrl("https://demoqa.com/automation-practice-form")
2025-11-27 22:28:40.396 DEBUG  For Mandatory Field On First Name Field - 3: maximizeWindow()
2025-11-27 22:28:40.427 DEBUG  For Mandatory Field On First Name Field - 4: delay(2)
2025-11-27 22:28:42.438 DEBUG  For Mandatory Field On First Name Field - 5: verifyElementPresent(findTestObject("Page_DEMOQA/label_Male"), 0)
2025-11-27 22:28:42.445 WARN  c.k.k.c.webui.common.WebUiCommonHelper   - Timeout '0' is invalid. Using default page load timeout: '10'
2025-11-27 22:28:42.709 DEBUG  For Mandatory Field On First Name Field - 6: verifyElementVisible(findTestObject("Page_DEMOQA/label_Male"), STOP_ON_FAILURE)
2025-11-27 22:28:42.994 DEBUG  For Mandatory Field On First Name Field - 7: delay(2)
2025-11-27 22:28:45.012 DEBUG  For Mandatory Field On First Name Field - 8: verifyElementPresent(findTestObject("Object Repository/Page_DEMOQA/button_Submit"), 0)
2025-11-27 22:28:45.022 WARN  c.k.k.c.webui.common.WebUiCommonHelper   - Timeout '0' is invalid. Using default page load timeout: '10'
2025-11-27 22:28:45.271 DEBUG  For Mandatory Field On First Name Field - 9: delay(2)
2025-11-27 22:28:47.277 DEBUG  For Mandatory Field On First Name Field - 10: scrollToElement(findTestObject("Page_DEMOQA/button_Submit"), 100)
2025-11-27 22:28:47.544 DEBUG  For Mandatory Field On First Name Field - 11: delay(2)
2025-11-27 22:28:49.555 DEBUG  For Mandatory Field On First Name Field - 12: verifyElementVisible(findTestObject("Object Repository/Page_DEMOQA/button_Submit"), STOP_ON_FAILURE)
2025-11-27 22:28:49.828 DEBUG  For Mandatory Field On First Name Field - 13: delay(2)
2025-11-27 22:28:51.836 DEBUG  For Mandatory Field On First Name Field - 14: click(findTestObject("Object Repository/Page_DEMOQA/button_Submit"))
2025-11-27 22:28:52.213 DEBUG  For Mandatory Field On First Name Field - 15: delay(2)
2025-11-27 22:28:54.229 DEBUG  For Mandatory Field On First Name Field - 16: scrollToElement(findTestObject("Page_DEMOQA/label_Male"), 0)
2025-11-27 22:28:54.237 WARN  c.k.k.c.webui.common.WebUiCommonHelper   - Timeout '0' is invalid. Using default page load timeout: '10'
2025-11-27 22:28:54.481 DEBUG  For Mandatory Field On First Name Field - 17: delay(2)
2025-11-27 22:28:56.498 DEBUG  For Mandatory Field On First Name Field - 18: verifyElementPresent(findTestObject("Page_DEMOQA/label_Male"), 0)
2025-11-27 22:28:56.508 WARN  c.k.k.c.webui.common.WebUiCommonHelper   - Timeout '0' is invalid. Using default page load timeout: '10'
2025-11-27 22:28:56.751 DEBUG  For Mandatory Field On First Name Field - 19: delay(2)
2025-11-27 22:28:58.771 DEBUG  For Mandatory Field On First Name Field - 20: verifyElementPresent(findTestObject("Page_DEMOQA/class_Gender_Invalid"), 8)
2025-11-27 22:28:59.023 INFO  c.k.katalon.core.main.TestCaseExecutor   - END Test Cases/Negative/Case01-4-N4 Alert Notification For Mandatory Field On Gender Field
2025-11-27 22:28:59.026 INFO  c.k.katalon.core.main.TestCaseExecutor   - --------------------
2025-11-27 22:28:59.026 INFO  c.k.katalon.core.main.TestCaseExecutor   - START Test Cases/Negative/Case01-4-N4 Alert Notification For Mandatory Field On Gender Field
2025-11-27 22:28:59.041 INFO  c.k.katalon.core.main.TestCaseExecutor   - (Default) Gender = 
2025-11-27 22:28:59.042 DEBUG  For Mandatory Field On First Name Field - 1: openBrowser("")
2025-11-27 22:28:59.044 WARN  c.k.k.core.webui.driver.DriverFactory    - A browser is already opened. Closing browser and opening a new one
2025-11-27 22:29:00.359 INFO  c.k.k.core.webui.driver.DriverFactory    - Starting 'Chrome (headless)' driver
2025-11-27 22:29:00.361 INFO  c.k.k.core.webui.driver.DriverFactory    - Action delay is set to 0 milliseconds
Nov 27, 2025 10:29:01 PM org.openqa.selenium.devtools.CdpVersionFinder findNearestMatch
WARNING: Unable to find an exact match for CDP version 142, returning the closest version; found: 138; Please update to a Selenium version that supports CDP version 142
2025-11-27 22:29:01.590 INFO  c.k.k.core.webui.driver.DriverFactory    - sessionId = 9a12b054bca63be22558ef7c6251e2ea
2025-11-27 22:29:01.591 INFO  c.k.k.core.webui.driver.DriverFactory    - browser = Chrome 142.0.7444.176
2025-11-27 22:29:01.592 INFO  c.k.k.core.webui.driver.DriverFactory    - platform = Windows 11
2025-11-27 22:29:01.592 INFO  c.k.k.core.webui.driver.DriverFactory    - seleniumVersion = 4.34.0
2025-11-27 22:29:01.593 INFO  c.k.k.core.webui.driver.DriverFactory    - proxyInformation = ProxyInformation { proxyOption=NO_PROXY, proxyServerType=HTTP, username=, password=********, proxyServerAddress=, proxyServerPort=0, executionList="", isApplyToDesiredCapabilities=true }
2025-11-27 22:29:01.606 DEBUG  For Mandatory Field On First Name Field - 2: navigateToUrl("https://demoqa.com/automation-practice-form")
2025-11-27 22:29:07.146 DEBUG  For Mandatory Field On First Name Field - 3: maximizeWindow()
2025-11-27 22:29:07.179 DEBUG  For Mandatory Field On First Name Field - 4: delay(2)
2025-11-27 22:29:09.196 DEBUG  For Mandatory Field On First Name Field - 5: verifyElementPresent(findTestObject("Page_DEMOQA/label_Male"), 0)
2025-11-27 22:29:09.204 WARN  c.k.k.c.webui.common.WebUiCommonHelper   - Timeout '0' is invalid. Using default page load timeout: '10'
2025-11-27 22:29:09.465 DEBUG  For Mandatory Field On First Name Field - 6: verifyElementVisible(findTestObject("Page_DEMOQA/label_Male"), STOP_ON_FAILURE)
2025-11-27 22:29:09.728 DEBUG  For Mandatory Field On First Name Field - 7: delay(2)
2025-11-27 22:29:11.742 DEBUG  For Mandatory Field On First Name Field - 8: verifyElementPresent(findTestObject("Object Repository/Page_DEMOQA/button_Submit"), 0)
2025-11-27 22:29:11.746 WARN  c.k.k.c.webui.common.WebUiCommonHelper   - Timeout '0' is invalid. Using default page load timeout: '10'
2025-11-27 22:29:12.002 DEBUG  For Mandatory Field On First Name Field - 9: delay(2)
2025-11-27 22:29:14.007 DEBUG  For Mandatory Field On First Name Field - 10: scrollToElement(findTestObject("Page_DEMOQA/button_Submit"), 100)
2025-11-27 22:29:14.273 DEBUG  For Mandatory Field On First Name Field - 11: delay(2)
2025-11-27 22:29:16.288 DEBUG  For Mandatory Field On First Name Field - 12: verifyElementVisible(findTestObject("Object Repository/Page_DEMOQA/button_Submit"), STOP_ON_FAILURE)
