2025-11-27 21:57:59.049 INFO  c.k.k.c.l.logback.LogbackConfigurator    - Logback default configuration initialized from: C:\Users\USER\.katalon\packages\KSE-10.4.2\configuration\org.eclipse.osgi\132\0\.cp\resources\logback\logback-execution.xml
2025-11-27 21:57:59.053 INFO  c.k.k.c.l.logback.LogbackConfigurator    - Logback custom configuration initialized from: T:\Lawencon\Interview\Fix\case01\AutomationPracticeForm\AutomationPracticeForm\Include\config\log.properties
2025-11-27 21:57:59.634 INFO  c.k.katalon.core.main.TestSuiteExecutor  - START Test Suites/TSPractiveFormInvalidFormatEmail
2025-11-27 21:57:59.831 INFO  c.k.katalon.core.main.TestSuiteExecutor  - userFullName = Taufik Romadhon
2025-11-27 21:57:59.833 INFO  c.k.katalon.core.main.TestSuiteExecutor  - projectName = AutomationPracticeForm
2025-11-27 21:57:59.834 INFO  c.k.katalon.core.main.TestSuiteExecutor  - hostName = USER - LAPTOP-KNF1HLK6
2025-11-27 21:57:59.835 INFO  c.k.katalon.core.main.TestSuiteExecutor  - os = Windows 11 64bit
2025-11-27 21:57:59.836 INFO  c.k.katalon.core.main.TestSuiteExecutor  - hostAddress = 10.156.170.155
2025-11-27 21:57:59.837 INFO  c.k.katalon.core.main.TestSuiteExecutor  - katalonVersion = 10.4.2.0
2025-11-27 21:58:00.943 INFO  c.k.katalon.core.main.TestCaseExecutor   - --------------------
2025-11-27 21:58:00.944 INFO  c.k.katalon.core.main.TestCaseExecutor   - START Test Cases/Negative/Case01-1-N1 Alert Notification For Invalid Format Email On Email Field
2025-11-27 21:58:01.047 INFO  c.k.katalon.core.main.TestCaseExecutor   - EmailAddress = NotAnEmail1
2025-11-27 21:58:01.731 DEBUG  For Invalid Format Email On Email Field - 1: openBrowser("")
2025-11-27 21:58:02.184 INFO  c.k.k.core.webui.driver.DriverFactory    - Starting 'Chrome (headless)' driver
2025-11-27 21:58:02.271 INFO  c.k.k.core.webui.driver.DriverFactory    - Action delay is set to 0 milliseconds
Nov 27, 2025 9:58:03 PM org.openqa.selenium.devtools.CdpVersionFinder findNearestMatch
WARNING: Unable to find an exact match for CDP version 142, returning the closest version; found: 138; Please update to a Selenium version that supports CDP version 142
2025-11-27 21:58:04.885 INFO  c.k.k.core.webui.driver.DriverFactory    - sessionId = b86674d15b43812e304866b4ecee61d4
2025-11-27 21:58:04.888 INFO  c.k.k.core.webui.driver.DriverFactory    - browser = Chrome 142.0.7444.176
2025-11-27 21:58:04.889 INFO  c.k.k.core.webui.driver.DriverFactory    - platform = Windows 11
2025-11-27 21:58:04.894 INFO  c.k.k.core.webui.driver.DriverFactory    - seleniumVersion = 4.34.0
2025-11-27 21:58:04.911 INFO  c.k.k.core.webui.driver.DriverFactory    - proxyInformation = ProxyInformation { proxyOption=NO_PROXY, proxyServerType=HTTP, username=, password=********, proxyServerAddress=, proxyServerPort=0, executionList="", isApplyToDesiredCapabilities=true }
2025-11-27 21:58:04.993 DEBUG  For Invalid Format Email On Email Field - 2: navigateToUrl("https://demoqa.com/automation-practice-form")
2025-11-27 21:58:11.786 DEBUG  For Invalid Format Email On Email Field - 3: maximizeWindow()
2025-11-27 21:58:11.887 DEBUG  For Invalid Format Email On Email Field - 4: delay(2)
2025-11-27 21:58:13.988 DEBUG  For Invalid Format Email On Email Field - 5: verifyElementPresent(findTestObject("Object Repository/Page_DEMOQA/input_Email_userEmail"), 8)
2025-11-27 21:58:14.613 DEBUG  For Invalid Format Email On Email Field - 6: verifyElementVisible(findTestObject("Object Repository/Page_DEMOQA/input_Email_userEmail"), STOP_ON_FAILURE)
2025-11-27 21:58:15.107 DEBUG  For Invalid Format Email On Email Field - 7: delay(2)
2025-11-27 21:58:17.123 DEBUG  For Invalid Format Email On Email Field - 8: setText(findTestObject("Object Repository/Page_DEMOQA/input_Email_userEmail"), EmailAddress)
2025-11-27 21:58:18.132 DEBUG  For Invalid Format Email On Email Field - 9: delay(2)
2025-11-27 21:58:20.151 DEBUG  For Invalid Format Email On Email Field - 10: verifyElementPresent(findTestObject("Object Repository/Page_DEMOQA/button_Submit"), 8)
2025-11-27 21:58:20.433 DEBUG  For Invalid Format Email On Email Field - 11: delay(2)
2025-11-27 21:58:22.447 DEBUG  For Invalid Format Email On Email Field - 12: scrollToElement(findTestObject("Page_DEMOQA/button_Submit"), 100)
2025-11-27 21:58:22.752 DEBUG  For Invalid Format Email On Email Field - 13: delay(2)
2025-11-27 21:58:24.772 DEBUG  For Invalid Format Email On Email Field - 14: verifyElementVisible(findTestObject("Object Repository/Page_DEMOQA/button_Submit"), STOP_ON_FAILURE)
2025-11-27 21:58:25.079 DEBUG  For Invalid Format Email On Email Field - 15: delay(2)
2025-11-27 21:58:27.094 DEBUG  For Invalid Format Email On Email Field - 16: click(findTestObject("Object Repository/Page_DEMOQA/button_Submit"))
2025-11-27 21:58:27.529 DEBUG  For Invalid Format Email On Email Field - 17: delay(2)
2025-11-27 21:58:29.544 DEBUG  For Invalid Format Email On Email Field - 18: scrollToElement(findTestObject("Page_DEMOQA/input_Email_userEmail"), 0)
2025-11-27 21:58:29.558 WARN  c.k.k.c.webui.common.WebUiCommonHelper   - Timeout '0' is invalid. Using default page load timeout: '10'
2025-11-27 21:58:29.838 DEBUG  For Invalid Format Email On Email Field - 19: delay(2)
2025-11-27 21:58:31.863 DEBUG  For Invalid Format Email On Email Field - 20: verifyElementPresent(findTestObject("Page_DEMOQA/div_Email"), 8)
2025-11-27 21:58:32.151 DEBUG  For Invalid Format Email On Email Field - 21: click(findTestObject("Page_DEMOQA/input_Email_userEmail"))
2025-11-27 21:58:32.579 DEBUG  For Invalid Format Email On Email Field - 22: verifyElementPresent(findTestObject("Page_DEMOQA/class_Email_Invalid"), 8)
2025-11-27 21:58:32.848 INFO  c.k.katalon.core.main.TestCaseExecutor   - END Test Cases/Negative/Case01-1-N1 Alert Notification For Invalid Format Email On Email Field
2025-11-27 21:58:32.877 INFO  c.k.katalon.core.main.TestCaseExecutor   - --------------------
2025-11-27 21:58:32.878 INFO  c.k.katalon.core.main.TestCaseExecutor   - START Test Cases/Negative/Case01-1-N1 Alert Notification For Invalid Format Email On Email Field
2025-11-27 21:58:32.901 INFO  c.k.katalon.core.main.TestCaseExecutor   - EmailAddress = NotAnEmail2
2025-11-27 21:58:32.904 DEBUG  For Invalid Format Email On Email Field - 1: openBrowser("")
2025-11-27 21:58:32.910 WARN  c.k.k.core.webui.driver.DriverFactory    - A browser is already opened. Closing browser and opening a new one
2025-11-27 21:58:33.693 INFO  c.k.k.core.webui.driver.DriverFactory    - Starting 'Chrome (headless)' driver
2025-11-27 21:58:33.695 INFO  c.k.k.core.webui.driver.DriverFactory    - Action delay is set to 0 milliseconds
Nov 27, 2025 9:58:35 PM org.openqa.selenium.devtools.CdpVersionFinder findNearestMatch
WARNING: Unable to find an exact match for CDP version 142, returning the closest version; found: 138; Please update to a Selenium version that supports CDP version 142
2025-11-27 21:58:35.334 INFO  c.k.k.core.webui.driver.DriverFactory    - sessionId = ddc85fc3f9c5ece906c38c21228d5896
2025-11-27 21:58:35.336 INFO  c.k.k.core.webui.driver.DriverFactory    - browser = Chrome 142.0.7444.176
2025-11-27 21:58:35.336 INFO  c.k.k.core.webui.driver.DriverFactory    - platform = Windows 11
2025-11-27 21:58:35.337 INFO  c.k.k.core.webui.driver.DriverFactory    - seleniumVersion = 4.34.0
2025-11-27 21:58:35.338 INFO  c.k.k.core.webui.driver.DriverFactory    - proxyInformation = ProxyInformation { proxyOption=NO_PROXY, proxyServerType=HTTP, username=, password=********, proxyServerAddress=, proxyServerPort=0, executionList="", isApplyToDesiredCapabilities=true }
2025-11-27 21:58:35.364 DEBUG  For Invalid Format Email On Email Field - 2: navigateToUrl("https://demoqa.com/automation-practice-form")
2025-11-27 21:59:08.278 DEBUG  For Invalid Format Email On Email Field - 3: maximizeWindow()
2025-11-27 21:59:08.334 DEBUG  For Invalid Format Email On Email Field - 4: delay(2)
2025-11-27 21:59:10.357 DEBUG  For Invalid Format Email On Email Field - 5: verifyElementPresent(findTestObject("Object Repository/Page_DEMOQA/input_Email_userEmail"), 8)
2025-11-27 21:59:12.888 DEBUG  For Invalid Format Email On Email Field - 6: verifyElementVisible(findTestObject("Object Repository/Page_DEMOQA/input_Email_userEmail"), STOP_ON_FAILURE)
2025-11-27 21:59:13.162 DEBUG  For Invalid Format Email On Email Field - 7: delay(2)
2025-11-27 21:59:15.180 DEBUG  For Invalid Format Email On Email Field - 8: setText(findTestObject("Object Repository/Page_DEMOQA/input_Email_userEmail"), EmailAddress)
2025-11-27 21:59:15.950 DEBUG  For Invalid Format Email On Email Field - 9: delay(2)
2025-11-27 21:59:17.967 DEBUG  For Invalid Format Email On Email Field - 10: verifyElementPresent(findTestObject("Object Repository/Page_DEMOQA/button_Submit"), 8)
2025-11-27 21:59:18.218 DEBUG  For Invalid Format Email On Email Field - 11: delay(2)
2025-11-27 21:59:20.232 DEBUG  For Invalid Format Email On Email Field - 12: scrollToElement(findTestObject("Page_DEMOQA/button_Submit"), 100)
2025-11-27 21:59:20.487 DEBUG  For Invalid Format Email On Email Field - 13: delay(2)
2025-11-27 21:59:22.500 DEBUG  For Invalid Format Email On Email Field - 14: verifyElementVisible(findTestObject("Object Repository/Page_DEMOQA/button_Submit"), STOP_ON_FAILURE)
2025-11-27 21:59:22.770 DEBUG  For Invalid Format Email On Email Field - 15: delay(2)
2025-11-27 21:59:24.790 DEBUG  For Invalid Format Email On Email Field - 16: click(findTestObject("Object Repository/Page_DEMOQA/button_Submit"))
2025-11-27 21:59:25.209 DEBUG  For Invalid Format Email On Email Field - 17: delay(2)
2025-11-27 21:59:27.218 DEBUG  For Invalid Format Email On Email Field - 18: scrollToElement(findTestObject("Page_DEMOQA/input_Email_userEmail"), 0)
2025-11-27 21:59:27.229 WARN  c.k.k.c.webui.common.WebUiCommonHelper   - Timeout '0' is invalid. Using default page load timeout: '10'
2025-11-27 21:59:27.477 DEBUG  For Invalid Format Email On Email Field - 19: delay(2)
2025-11-27 21:59:29.485 DEBUG  For Invalid Format Email On Email Field - 20: verifyElementPresent(findTestObject("Page_DEMOQA/div_Email"), 8)
2025-11-27 21:59:29.753 DEBUG  For Invalid Format Email On Email Field - 21: click(findTestObject("Page_DEMOQA/input_Email_userEmail"))
2025-11-27 21:59:30.431 DEBUG  For Invalid Format Email On Email Field - 22: verifyElementPresent(findTestObject("Page_DEMOQA/class_Email_Invalid"), 8)
2025-11-27 21:59:30.694 INFO  c.k.katalon.core.main.TestCaseExecutor   - END Test Cases/Negative/Case01-1-N1 Alert Notification For Invalid Format Email On Email Field
2025-11-27 21:59:30.714 INFO  c.k.katalon.core.main.TestCaseExecutor   - --------------------
2025-11-27 21:59:30.714 INFO  c.k.katalon.core.main.TestCaseExecutor   - START Test Cases/Negative/Case01-1-N1 Alert Notification For Invalid Format Email On Email Field
2025-11-27 21:59:30.734 INFO  c.k.katalon.core.main.TestCaseExecutor   - EmailAddress = NotAnEmail3
2025-11-27 21:59:30.736 DEBUG  For Invalid Format Email On Email Field - 1: openBrowser("")
2025-11-27 21:59:30.744 WARN  c.k.k.core.webui.driver.DriverFactory    - A browser is already opened. Closing browser and opening a new one
2025-11-27 21:59:31.451 INFO  c.k.k.core.webui.driver.DriverFactory    - Starting 'Chrome (headless)' driver
2025-11-27 21:59:31.452 INFO  c.k.k.core.webui.driver.DriverFactory    - Action delay is set to 0 milliseconds
Nov 27, 2025 9:59:32 PM org.openqa.selenium.devtools.CdpVersionFinder findNearestMatch
WARNING: Unable to find an exact match for CDP version 142, returning the closest version; found: 138; Please update to a Selenium version that supports CDP version 142
2025-11-27 21:59:33.028 INFO  c.k.k.core.webui.driver.DriverFactory    - sessionId = 5f4a5c980cc93718ec8df3923f6e16be
2025-11-27 21:59:33.029 INFO  c.k.k.core.webui.driver.DriverFactory    - browser = Chrome 142.0.7444.176
2025-11-27 21:59:33.030 INFO  c.k.k.core.webui.driver.DriverFactory    - platform = Windows 11
2025-11-27 21:59:33.031 INFO  c.k.k.core.webui.driver.DriverFactory    - seleniumVersion = 4.34.0
2025-11-27 21:59:33.033 INFO  c.k.k.core.webui.driver.DriverFactory    - proxyInformation = ProxyInformation { proxyOption=NO_PROXY, proxyServerType=HTTP, username=, password=********, proxyServerAddress=, proxyServerPort=0, executionList="", isApplyToDesiredCapabilities=true }
2025-11-27 21:59:33.075 DEBUG  For Invalid Format Email On Email Field - 2: navigateToUrl("https://demoqa.com/automation-practice-form")
2025-11-27 21:59:41.593 DEBUG  For Invalid Format Email On Email Field - 3: maximizeWindow()
2025-11-27 21:59:41.627 DEBUG  For Invalid Format Email On Email Field - 4: delay(2)
2025-11-27 21:59:43.644 DEBUG  For Invalid Format Email On Email Field - 5: verifyElementPresent(findTestObject("Object Repository/Page_DEMOQA/input_Email_userEmail"), 8)
2025-11-27 21:59:43.910 DEBUG  For Invalid Format Email On Email Field - 6: verifyElementVisible(findTestObject("Object Repository/Page_DEMOQA/input_Email_userEmail"), STOP_ON_FAILURE)
2025-11-27 21:59:44.160 DEBUG  For Invalid Format Email On Email Field - 7: delay(2)
2025-11-27 21:59:46.177 DEBUG  For Invalid Format Email On Email Field - 8: setText(findTestObject("Object Repository/Page_DEMOQA/input_Email_userEmail"), EmailAddress)
2025-11-27 21:59:46.864 DEBUG  For Invalid Format Email On Email Field - 9: delay(2)
2025-11-27 21:59:48.872 DEBUG  For Invalid Format Email On Email Field - 10: verifyElementPresent(findTestObject("Object Repository/Page_DEMOQA/button_Submit"), 8)
2025-11-27 21:59:49.141 DEBUG  For Invalid Format Email On Email Field - 11: delay(2)
2025-11-27 21:59:51.158 DEBUG  For Invalid Format Email On Email Field - 12: scrollToElement(findTestObject("Page_DEMOQA/button_Submit"), 100)
2025-11-27 21:59:51.428 DEBUG  For Invalid Format Email On Email Field - 13: delay(2)
2025-11-27 21:59:53.441 DEBUG  For Invalid Format Email On Email Field - 14: verifyElementVisible(findTestObject("Object Repository/Page_DEMOQA/button_Submit"), STOP_ON_FAILURE)
2025-11-27 21:59:53.711 DEBUG  For Invalid Format Email On Email Field - 15: delay(2)
2025-11-27 21:59:55.728 DEBUG  For Invalid Format Email On Email Field - 16: click(findTestObject("Object Repository/Page_DEMOQA/button_Submit"))
2025-11-27 21:59:56.097 DEBUG  For Invalid Format Email On Email Field - 17: delay(2)
2025-11-27 21:59:58.104 DEBUG  For Invalid Format Email On Email Field - 18: scrollToElement(findTestObject("Page_DEMOQA/input_Email_userEmail"), 0)
2025-11-27 21:59:58.111 WARN  c.k.k.c.webui.common.WebUiCommonHelper   - Timeout '0' is invalid. Using default page load timeout: '10'
2025-11-27 21:59:58.360 DEBUG  For Invalid Format Email On Email Field - 19: delay(2)
2025-11-27 22:00:00.364 DEBUG  For Invalid Format Email On Email Field - 20: verifyElementPresent(findTestObject("Page_DEMOQA/div_Email"), 8)
2025-11-27 22:00:00.627 DEBUG  For Invalid Format Email On Email Field - 21: click(findTestObject("Page_DEMOQA/input_Email_userEmail"))
2025-11-27 22:00:00.980 DEBUG  For Invalid Format Email On Email Field - 22: verifyElementPresent(findTestObject("Page_DEMOQA/class_Email_Invalid"), 8)
2025-11-27 22:00:01.229 INFO  c.k.katalon.core.main.TestCaseExecutor   - END Test Cases/Negative/Case01-1-N1 Alert Notification For Invalid Format Email On Email Field
2025-11-27 22:00:02.560 INFO  c.k.katalon.core.main.TestSuiteExecutor  - --------------------
2025-11-27 22:00:02.560 INFO  c.k.katalon.core.main.TestSuiteExecutor  - END Test Suites/TSPractiveFormInvalidFormatEmail
2025-11-27 22:00:02.560 INFO  c.k.katalon.core.main.TestSuiteExecutor  - ====================
