2025-11-27 21:57:29.538 INFO  c.k.k.c.l.logback.LogbackConfigurator    - Logback default configuration initialized from: C:\Users\USER\.katalon\packages\KSE-10.4.2\configuration\org.eclipse.osgi\132\0\.cp\resources\logback\logback-execution.xml
2025-11-27 21:57:29.546 INFO  c.k.k.c.l.logback.LogbackConfigurator    - Logback custom configuration initialized from: T:\Lawencon\Interview\Fix\case01\AutomationPracticeForm\AutomationPracticeForm\Include\config\log.properties
2025-11-27 21:57:30.175 INFO  c.k.katalon.core.main.TestSuiteExecutor  - START Test Suites/TSPracticeFormNegativeMandatory
2025-11-27 21:57:30.383 INFO  c.k.katalon.core.main.TestSuiteExecutor  - userFullName = Taufik Romadhon
2025-11-27 21:57:30.384 INFO  c.k.katalon.core.main.TestSuiteExecutor  - projectName = AutomationPracticeForm
2025-11-27 21:57:30.385 INFO  c.k.katalon.core.main.TestSuiteExecutor  - hostName = USER - LAPTOP-KNF1HLK6
2025-11-27 21:57:30.386 INFO  c.k.katalon.core.main.TestSuiteExecutor  - os = Windows 11 64bit
2025-11-27 21:57:30.387 INFO  c.k.katalon.core.main.TestSuiteExecutor  - hostAddress = 10.156.170.155
2025-11-27 21:57:30.388 INFO  c.k.katalon.core.main.TestSuiteExecutor  - katalonVersion = 10.4.2.0
2025-11-27 21:57:31.353 INFO  c.k.katalon.core.main.TestCaseExecutor   - --------------------
2025-11-27 21:57:31.354 INFO  c.k.katalon.core.main.TestCaseExecutor   - START Test Cases/Negative/Case01-2-N2 Alert Notification For Mandatory Field On First Name Field
2025-11-27 21:57:31.489 INFO  c.k.katalon.core.main.TestCaseExecutor   - (Default) Firstname = 
2025-11-27 21:57:32.151 DEBUG  For Mandatory Field On First Name Field - 1: openBrowser("")
2025-11-27 21:57:32.601 INFO  c.k.k.core.webui.driver.DriverFactory    - Starting 'Chrome (headless)' driver
2025-11-27 21:57:32.702 INFO  c.k.k.core.webui.driver.DriverFactory    - Action delay is set to 0 milliseconds
Nov 27, 2025 9:57:35 PM org.openqa.selenium.devtools.CdpVersionFinder findNearestMatch
WARNING: Unable to find an exact match for CDP version 142, returning the closest version; found: 138; Please update to a Selenium version that supports CDP version 142
2025-11-27 21:57:36.037 INFO  c.k.k.core.webui.driver.DriverFactory    - sessionId = 619263c7c9106edd4ffc158fd01cc104
2025-11-27 21:57:36.039 INFO  c.k.k.core.webui.driver.DriverFactory    - browser = Chrome 142.0.7444.176
2025-11-27 21:57:36.040 INFO  c.k.k.core.webui.driver.DriverFactory    - platform = Windows 11
2025-11-27 21:57:36.044 INFO  c.k.k.core.webui.driver.DriverFactory    - seleniumVersion = 4.34.0
2025-11-27 21:57:36.062 INFO  c.k.k.core.webui.driver.DriverFactory    - proxyInformation = ProxyInformation { proxyOption=NO_PROXY, proxyServerType=HTTP, username=, password=********, proxyServerAddress=, proxyServerPort=0, executionList="", isApplyToDesiredCapabilities=true }
2025-11-27 21:57:36.148 DEBUG  For Mandatory Field On First Name Field - 2: navigateToUrl("https://demoqa.com/automation-practice-form")
2025-11-27 21:58:03.297 DEBUG  For Mandatory Field On First Name Field - 3: maximizeWindow()
2025-11-27 21:58:03.420 DEBUG  For Mandatory Field On First Name Field - 4: delay(2)
2025-11-27 21:58:05.497 DEBUG  For Mandatory Field On First Name Field - 5: verifyElementPresent(findTestObject("Page_DEMOQA/input_Name_firstName"), 8)
2025-11-27 21:58:05.971 DEBUG  For Mandatory Field On First Name Field - 6: verifyElementVisible(findTestObject("Page_DEMOQA/input_Name_firstName"), STOP_ON_FAILURE)
2025-11-27 21:58:06.456 DEBUG  For Mandatory Field On First Name Field - 7: delay(2)
2025-11-27 21:58:08.499 DEBUG  For Mandatory Field On First Name Field - 8: setText(findTestObject("Page_DEMOQA/input_Name_firstName"), Firstname)
2025-11-27 21:58:09.586 DEBUG  For Mandatory Field On First Name Field - 9: delay(2)
2025-11-27 21:58:11.612 DEBUG  For Mandatory Field On First Name Field - 10: verifyElementPresent(findTestObject("Object Repository/Page_DEMOQA/button_Submit"), 0)
2025-11-27 21:58:11.622 WARN  c.k.k.c.webui.common.WebUiCommonHelper   - Timeout '0' is invalid. Using default page load timeout: '10'
2025-11-27 21:58:11.934 DEBUG  For Mandatory Field On First Name Field - 11: delay(2)
2025-11-27 21:58:13.954 DEBUG  For Mandatory Field On First Name Field - 12: scrollToElement(findTestObject("Page_DEMOQA/button_Submit"), 100)
2025-11-27 21:58:14.362 DEBUG  For Mandatory Field On First Name Field - 13: delay(2)
2025-11-27 21:58:16.396 DEBUG  For Mandatory Field On First Name Field - 14: verifyElementVisible(findTestObject("Object Repository/Page_DEMOQA/button_Submit"), STOP_ON_FAILURE)
2025-11-27 21:58:16.714 DEBUG  For Mandatory Field On First Name Field - 15: delay(2)
2025-11-27 21:58:18.734 DEBUG  For Mandatory Field On First Name Field - 16: click(findTestObject("Object Repository/Page_DEMOQA/button_Submit"))
2025-11-27 21:58:19.217 DEBUG  For Mandatory Field On First Name Field - 17: delay(2)
2025-11-27 21:58:21.237 DEBUG  For Mandatory Field On First Name Field - 18: scrollToElement(findTestObject("Page_DEMOQA/input_Name_firstName"), 0)
2025-11-27 21:58:21.248 WARN  c.k.k.c.webui.common.WebUiCommonHelper   - Timeout '0' is invalid. Using default page load timeout: '10'
2025-11-27 21:58:21.530 DEBUG  For Mandatory Field On First Name Field - 19: delay(2)
2025-11-27 21:58:23.544 DEBUG  For Mandatory Field On First Name Field - 20: verifyElementPresent(findTestObject("Page_DEMOQA/input_Name_firstName"), 8)
2025-11-27 21:58:23.834 DEBUG  For Mandatory Field On First Name Field - 21: click(findTestObject("Page_DEMOQA/input_Name_firstName"))
2025-11-27 21:58:24.302 DEBUG  For Mandatory Field On First Name Field - 22: verifyElementPresent(findTestObject("Page_DEMOQA/class_Firstname_Invalid"), 8)
2025-11-27 21:58:24.576 INFO  c.k.katalon.core.main.TestCaseExecutor   - END Test Cases/Negative/Case01-2-N2 Alert Notification For Mandatory Field On First Name Field
2025-11-27 21:58:24.581 INFO  c.k.katalon.core.main.TestCaseExecutor   - --------------------
2025-11-27 21:58:24.582 INFO  c.k.katalon.core.main.TestCaseExecutor   - START Test Cases/Negative/Case01-2-N2 Alert Notification For Mandatory Field On First Name Field
2025-11-27 21:58:24.602 INFO  c.k.katalon.core.main.TestCaseExecutor   - (Default) Firstname = 
2025-11-27 21:58:24.605 DEBUG  For Mandatory Field On First Name Field - 1: openBrowser("")
2025-11-27 21:58:24.614 WARN  c.k.k.core.webui.driver.DriverFactory    - A browser is already opened. Closing browser and opening a new one
2025-11-27 21:58:25.281 INFO  c.k.k.core.webui.driver.DriverFactory    - Starting 'Chrome (headless)' driver
2025-11-27 21:58:25.283 INFO  c.k.k.core.webui.driver.DriverFactory    - Action delay is set to 0 milliseconds
Nov 27, 2025 9:58:26 PM org.openqa.selenium.devtools.CdpVersionFinder findNearestMatch
WARNING: Unable to find an exact match for CDP version 142, returning the closest version; found: 138; Please update to a Selenium version that supports CDP version 142
2025-11-27 21:58:26.450 INFO  c.k.k.core.webui.driver.DriverFactory    - sessionId = 205b75d2c17a2a0d04376bc8df43c03a
2025-11-27 21:58:26.451 INFO  c.k.k.core.webui.driver.DriverFactory    - browser = Chrome 142.0.7444.176
2025-11-27 21:58:26.452 INFO  c.k.k.core.webui.driver.DriverFactory    - platform = Windows 11
2025-11-27 21:58:26.453 INFO  c.k.k.core.webui.driver.DriverFactory    - seleniumVersion = 4.34.0
2025-11-27 21:58:26.454 INFO  c.k.k.core.webui.driver.DriverFactory    - proxyInformation = ProxyInformation { proxyOption=NO_PROXY, proxyServerType=HTTP, username=, password=********, proxyServerAddress=, proxyServerPort=0, executionList="", isApplyToDesiredCapabilities=true }
2025-11-27 21:58:26.498 DEBUG  For Mandatory Field On First Name Field - 2: navigateToUrl("https://demoqa.com/automation-practice-form")
2025-11-27 21:58:36.588 DEBUG  For Mandatory Field On First Name Field - 3: maximizeWindow()
2025-11-27 21:58:36.650 DEBUG  For Mandatory Field On First Name Field - 4: delay(2)
2025-11-27 21:58:38.662 DEBUG  For Mandatory Field On First Name Field - 5: verifyElementPresent(findTestObject("Page_DEMOQA/input_Name_firstName"), 8)
2025-11-27 21:58:40.029 DEBUG  For Mandatory Field On First Name Field - 6: verifyElementVisible(findTestObject("Page_DEMOQA/input_Name_firstName"), STOP_ON_FAILURE)
2025-11-27 21:58:40.319 DEBUG  For Mandatory Field On First Name Field - 7: delay(2)
2025-11-27 21:58:42.343 DEBUG  For Mandatory Field On First Name Field - 8: setText(findTestObject("Page_DEMOQA/input_Name_firstName"), Firstname)
2025-11-27 21:58:43.250 DEBUG  For Mandatory Field On First Name Field - 9: delay(2)
2025-11-27 21:58:45.262 DEBUG  For Mandatory Field On First Name Field - 10: verifyElementPresent(findTestObject("Object Repository/Page_DEMOQA/button_Submit"), 0)
2025-11-27 21:58:45.269 WARN  c.k.k.c.webui.common.WebUiCommonHelper   - Timeout '0' is invalid. Using default page load timeout: '10'
2025-11-27 21:58:45.527 DEBUG  For Mandatory Field On First Name Field - 11: delay(2)
2025-11-27 21:58:47.544 DEBUG  For Mandatory Field On First Name Field - 12: scrollToElement(findTestObject("Page_DEMOQA/button_Submit"), 100)
2025-11-27 21:58:47.822 DEBUG  For Mandatory Field On First Name Field - 13: delay(2)
2025-11-27 21:58:49.834 DEBUG  For Mandatory Field On First Name Field - 14: verifyElementVisible(findTestObject("Object Repository/Page_DEMOQA/button_Submit"), STOP_ON_FAILURE)
2025-11-27 21:58:50.110 DEBUG  For Mandatory Field On First Name Field - 15: delay(2)
2025-11-27 21:58:52.127 DEBUG  For Mandatory Field On First Name Field - 16: click(findTestObject("Object Repository/Page_DEMOQA/button_Submit"))
2025-11-27 21:58:52.529 DEBUG  For Mandatory Field On First Name Field - 17: delay(2)
2025-11-27 21:58:54.534 DEBUG  For Mandatory Field On First Name Field - 18: scrollToElement(findTestObject("Page_DEMOQA/input_Name_firstName"), 0)
2025-11-27 21:58:54.544 WARN  c.k.k.c.webui.common.WebUiCommonHelper   - Timeout '0' is invalid. Using default page load timeout: '10'
2025-11-27 21:58:54.793 DEBUG  For Mandatory Field On First Name Field - 19: delay(2)
2025-11-27 21:58:56.813 DEBUG  For Mandatory Field On First Name Field - 20: verifyElementPresent(findTestObject("Page_DEMOQA/input_Name_firstName"), 8)
2025-11-27 21:58:57.096 DEBUG  For Mandatory Field On First Name Field - 21: click(findTestObject("Page_DEMOQA/input_Name_firstName"))
2025-11-27 21:58:57.511 DEBUG  For Mandatory Field On First Name Field - 22: verifyElementPresent(findTestObject("Page_DEMOQA/class_Firstname_Invalid"), 8)
2025-11-27 21:58:57.779 INFO  c.k.katalon.core.main.TestCaseExecutor   - END Test Cases/Negative/Case01-2-N2 Alert Notification For Mandatory Field On First Name Field
2025-11-27 21:58:57.783 INFO  c.k.katalon.core.main.TestCaseExecutor   - --------------------
2025-11-27 21:58:57.783 INFO  c.k.katalon.core.main.TestCaseExecutor   - START Test Cases/Negative/Case01-2-N2 Alert Notification For Mandatory Field On First Name Field
2025-11-27 21:58:57.810 INFO  c.k.katalon.core.main.TestCaseExecutor   - (Default) Firstname = 
2025-11-27 21:58:57.813 DEBUG  For Mandatory Field On First Name Field - 1: openBrowser("")
2025-11-27 21:58:57.819 WARN  c.k.k.core.webui.driver.DriverFactory    - A browser is already opened. Closing browser and opening a new one
2025-11-27 21:58:58.486 INFO  c.k.k.core.webui.driver.DriverFactory    - Starting 'Chrome (headless)' driver
2025-11-27 21:58:58.491 INFO  c.k.k.core.webui.driver.DriverFactory    - Action delay is set to 0 milliseconds
Nov 27, 2025 9:58:59 PM org.openqa.selenium.devtools.CdpVersionFinder findNearestMatch
WARNING: Unable to find an exact match for CDP version 142, returning the closest version; found: 138; Please update to a Selenium version that supports CDP version 142
2025-11-27 21:58:59.834 INFO  c.k.k.core.webui.driver.DriverFactory    - sessionId = a9f428535a032f11a27520aa4112c3c6
2025-11-27 21:58:59.835 INFO  c.k.k.core.webui.driver.DriverFactory    - browser = Chrome 142.0.7444.176
2025-11-27 21:58:59.835 INFO  c.k.k.core.webui.driver.DriverFactory    - platform = Windows 11
2025-11-27 21:58:59.836 INFO  c.k.k.core.webui.driver.DriverFactory    - seleniumVersion = 4.34.0
2025-11-27 21:58:59.837 INFO  c.k.k.core.webui.driver.DriverFactory    - proxyInformation = ProxyInformation { proxyOption=NO_PROXY, proxyServerType=HTTP, username=, password=********, proxyServerAddress=, proxyServerPort=0, executionList="", isApplyToDesiredCapabilities=true }
2025-11-27 21:58:59.870 DEBUG  For Mandatory Field On First Name Field - 2: navigateToUrl("https://demoqa.com/automation-practice-form")
2025-11-27 21:59:49.032 DEBUG  For Mandatory Field On First Name Field - 3: maximizeWindow()
2025-11-27 21:59:49.079 DEBUG  For Mandatory Field On First Name Field - 4: delay(2)
2025-11-27 21:59:51.096 DEBUG  For Mandatory Field On First Name Field - 5: verifyElementPresent(findTestObject("Page_DEMOQA/input_Name_firstName"), 8)
2025-11-27 21:59:51.364 DEBUG  For Mandatory Field On First Name Field - 6: verifyElementVisible(findTestObject("Page_DEMOQA/input_Name_firstName"), STOP_ON_FAILURE)
2025-11-27 21:59:51.627 DEBUG  For Mandatory Field On First Name Field - 7: delay(2)
2025-11-27 21:59:53.644 DEBUG  For Mandatory Field On First Name Field - 8: setText(findTestObject("Page_DEMOQA/input_Name_firstName"), Firstname)
2025-11-27 21:59:54.306 DEBUG  For Mandatory Field On First Name Field - 9: delay(2)
2025-11-27 21:59:56.324 DEBUG  For Mandatory Field On First Name Field - 10: verifyElementPresent(findTestObject("Object Repository/Page_DEMOQA/button_Submit"), 0)
2025-11-27 21:59:56.329 WARN  c.k.k.c.webui.common.WebUiCommonHelper   - Timeout '0' is invalid. Using default page load timeout: '10'
2025-11-27 21:59:56.560 DEBUG  For Mandatory Field On First Name Field - 11: delay(2)
2025-11-27 21:59:58.571 DEBUG  For Mandatory Field On First Name Field - 12: scrollToElement(findTestObject("Page_DEMOQA/button_Submit"), 100)
2025-11-27 21:59:58.827 DEBUG  For Mandatory Field On First Name Field - 13: delay(2)
2025-11-27 22:00:00.841 DEBUG  For Mandatory Field On First Name Field - 14: verifyElementVisible(findTestObject("Object Repository/Page_DEMOQA/button_Submit"), STOP_ON_FAILURE)
2025-11-27 22:00:01.112 DEBUG  For Mandatory Field On First Name Field - 15: delay(2)
2025-11-27 22:00:03.125 DEBUG  For Mandatory Field On First Name Field - 16: click(findTestObject("Object Repository/Page_DEMOQA/button_Submit"))
2025-11-27 22:00:03.520 DEBUG  For Mandatory Field On First Name Field - 17: delay(2)
2025-11-27 22:00:05.527 DEBUG  For Mandatory Field On First Name Field - 18: scrollToElement(findTestObject("Page_DEMOQA/input_Name_firstName"), 0)
2025-11-27 22:00:05.532 WARN  c.k.k.c.webui.common.WebUiCommonHelper   - Timeout '0' is invalid. Using default page load timeout: '10'
2025-11-27 22:00:05.794 DEBUG  For Mandatory Field On First Name Field - 19: delay(2)
2025-11-27 22:00:07.808 DEBUG  For Mandatory Field On First Name Field - 20: verifyElementPresent(findTestObject("Page_DEMOQA/input_Name_firstName"), 8)
2025-11-27 22:00:08.067 DEBUG  For Mandatory Field On First Name Field - 21: click(findTestObject("Page_DEMOQA/input_Name_firstName"))
2025-11-27 22:00:08.408 DEBUG  For Mandatory Field On First Name Field - 22: verifyElementPresent(findTestObject("Page_DEMOQA/class_Firstname_Invalid"), 8)
2025-11-27 22:00:08.649 INFO  c.k.katalon.core.main.TestCaseExecutor   - END Test Cases/Negative/Case01-2-N2 Alert Notification For Mandatory Field On First Name Field
2025-11-27 22:00:08.652 INFO  c.k.katalon.core.main.TestCaseExecutor   - --------------------
2025-11-27 22:00:08.652 INFO  c.k.katalon.core.main.TestCaseExecutor   - START Test Cases/Negative/Case01-3-N3 Alert Notification For Mandatory Field On Last Name Field
2025-11-27 22:00:08.665 INFO  c.k.katalon.core.main.TestCaseExecutor   - (Default) Lastname = 
2025-11-27 22:00:08.742 DEBUG  For Mandatory Field On First Name Field - 1: openBrowser("")
2025-11-27 22:00:08.745 WARN  c.k.k.core.webui.driver.DriverFactory    - A browser is already opened. Closing browser and opening a new one
2025-11-27 22:00:09.413 INFO  c.k.k.core.webui.driver.DriverFactory    - Starting 'Chrome (headless)' driver
2025-11-27 22:00:09.414 INFO  c.k.k.core.webui.driver.DriverFactory    - Action delay is set to 0 milliseconds
Nov 27, 2025 10:00:10 PM org.openqa.selenium.devtools.CdpVersionFinder findNearestMatch
WARNING: Unable to find an exact match for CDP version 142, returning the closest version; found: 138; Please update to a Selenium version that supports CDP version 142
2025-11-27 22:00:10.195 INFO  c.k.k.core.webui.driver.DriverFactory    - sessionId = 8f7001afc0b5119110f9a103b680e6e5
2025-11-27 22:00:10.196 INFO  c.k.k.core.webui.driver.DriverFactory    - browser = Chrome 142.0.7444.176
2025-11-27 22:00:10.196 INFO  c.k.k.core.webui.driver.DriverFactory    - platform = Windows 11
2025-11-27 22:00:10.197 INFO  c.k.k.core.webui.driver.DriverFactory    - seleniumVersion = 4.34.0
2025-11-27 22:00:10.197 INFO  c.k.k.core.webui.driver.DriverFactory    - proxyInformation = ProxyInformation { proxyOption=NO_PROXY, proxyServerType=HTTP, username=, password=********, proxyServerAddress=, proxyServerPort=0, executionList="", isApplyToDesiredCapabilities=true }
2025-11-27 22:00:10.211 DEBUG  For Mandatory Field On First Name Field - 2: navigateToUrl("https://demoqa.com/automation-practice-form")
2025-11-27 22:00:47.972 DEBUG  For Mandatory Field On First Name Field - 3: maximizeWindow()
2025-11-27 22:00:48.013 DEBUG  For Mandatory Field On First Name Field - 4: delay(2)
2025-11-27 22:00:50.028 DEBUG  For Mandatory Field On First Name Field - 5: verifyElementPresent(findTestObject("Page_DEMOQA/input_Name_lastName"), 8)
2025-11-27 22:00:50.297 DEBUG  For Mandatory Field On First Name Field - 6: verifyElementVisible(findTestObject("Page_DEMOQA/input_Name_lastName"), STOP_ON_FAILURE)
2025-11-27 22:00:50.562 DEBUG  For Mandatory Field On First Name Field - 7: delay(2)
2025-11-27 22:00:52.574 DEBUG  For Mandatory Field On First Name Field - 8: setText(findTestObject("Page_DEMOQA/input_Name_lastName"), Lastname)
2025-11-27 22:00:53.254 DEBUG  For Mandatory Field On First Name Field - 9: delay(2)
2025-11-27 22:00:55.269 DEBUG  For Mandatory Field On First Name Field - 10: verifyElementPresent(findTestObject("Object Repository/Page_DEMOQA/button_Submit"), 8)
2025-11-27 22:00:55.512 DEBUG  For Mandatory Field On First Name Field - 11: delay(2)
2025-11-27 22:00:57.520 DEBUG  For Mandatory Field On First Name Field - 12: scrollToElement(findTestObject("Page_DEMOQA/button_Submit"), 100)
2025-11-27 22:00:57.777 DEBUG  For Mandatory Field On First Name Field - 13: delay(2)
2025-11-27 22:00:59.790 DEBUG  For Mandatory Field On First Name Field - 14: verifyElementVisible(findTestObject("Object Repository/Page_DEMOQA/button_Submit"), STOP_ON_FAILURE)
2025-11-27 22:01:00.062 DEBUG  For Mandatory Field On First Name Field - 15: delay(2)
2025-11-27 22:01:02.070 DEBUG  For Mandatory Field On First Name Field - 16: click(findTestObject("Object Repository/Page_DEMOQA/button_Submit"))
2025-11-27 22:01:02.442 DEBUG  For Mandatory Field On First Name Field - 17: delay(2)
2025-11-27 22:01:04.448 DEBUG  For Mandatory Field On First Name Field - 18: scrollToElement(findTestObject("Page_DEMOQA/input_Name_lastName"), 0)
2025-11-27 22:01:04.457 WARN  c.k.k.c.webui.common.WebUiCommonHelper   - Timeout '0' is invalid. Using default page load timeout: '10'
2025-11-27 22:01:04.700 DEBUG  For Mandatory Field On First Name Field - 19: delay(2)
2025-11-27 22:01:06.721 DEBUG  For Mandatory Field On First Name Field - 20: verifyElementPresent(findTestObject("Page_DEMOQA/input_Name_lastName"), 8)
2025-11-27 22:01:06.963 DEBUG  For Mandatory Field On First Name Field - 21: click(findTestObject("Page_DEMOQA/input_Name_lastName"))
2025-11-27 22:01:07.327 DEBUG  For Mandatory Field On First Name Field - 22: verifyElementPresent(findTestObject("Page_DEMOQA/class_Lastname_Invalid"), 8)
2025-11-27 22:01:07.588 INFO  c.k.katalon.core.main.TestCaseExecutor   - END Test Cases/Negative/Case01-3-N3 Alert Notification For Mandatory Field On Last Name Field
2025-11-27 22:01:07.590 INFO  c.k.katalon.core.main.TestCaseExecutor   - --------------------
2025-11-27 22:01:07.590 INFO  c.k.katalon.core.main.TestCaseExecutor   - START Test Cases/Negative/Case01-3-N3 Alert Notification For Mandatory Field On Last Name Field
2025-11-27 22:01:07.603 INFO  c.k.katalon.core.main.TestCaseExecutor   - (Default) Lastname = 
2025-11-27 22:01:07.605 DEBUG  For Mandatory Field On First Name Field - 1: openBrowser("")
2025-11-27 22:01:07.607 WARN  c.k.k.core.webui.driver.DriverFactory    - A browser is already opened. Closing browser and opening a new one
2025-11-27 22:01:08.896 INFO  c.k.k.core.webui.driver.DriverFactory    - Starting 'Chrome (headless)' driver
2025-11-27 22:01:08.897 INFO  c.k.k.core.webui.driver.DriverFactory    - Action delay is set to 0 milliseconds
Nov 27, 2025 10:01:09 PM org.openqa.selenium.devtools.CdpVersionFinder findNearestMatch
WARNING: Unable to find an exact match for CDP version 142, returning the closest version; found: 138; Please update to a Selenium version that supports CDP version 142
2025-11-27 22:01:09.657 INFO  c.k.k.core.webui.driver.DriverFactory    - sessionId = 51b337f07d95f8fb0e1c011d8c151fdd
2025-11-27 22:01:09.658 INFO  c.k.k.core.webui.driver.DriverFactory    - browser = Chrome 142.0.7444.176
2025-11-27 22:01:09.658 INFO  c.k.k.core.webui.driver.DriverFactory    - platform = Windows 11
2025-11-27 22:01:09.658 INFO  c.k.k.core.webui.driver.DriverFactory    - seleniumVersion = 4.34.0
2025-11-27 22:01:09.659 INFO  c.k.k.core.webui.driver.DriverFactory    - proxyInformation = ProxyInformation { proxyOption=NO_PROXY, proxyServerType=HTTP, username=, password=********, proxyServerAddress=, proxyServerPort=0, executionList="", isApplyToDesiredCapabilities=true }
2025-11-27 22:01:09.679 DEBUG  For Mandatory Field On First Name Field - 2: navigateToUrl("https://demoqa.com/automation-practice-form")
2025-11-27 22:01:31.170 DEBUG  For Mandatory Field On First Name Field - 3: maximizeWindow()
2025-11-27 22:01:31.218 DEBUG  For Mandatory Field On First Name Field - 4: delay(2)
2025-11-27 22:01:33.237 DEBUG  For Mandatory Field On First Name Field - 5: verifyElementPresent(findTestObject("Page_DEMOQA/input_Name_lastName"), 8)
2025-11-27 22:01:33.506 DEBUG  For Mandatory Field On First Name Field - 6: verifyElementVisible(findTestObject("Page_DEMOQA/input_Name_lastName"), STOP_ON_FAILURE)
2025-11-27 22:01:33.757 DEBUG  For Mandatory Field On First Name Field - 7: delay(2)
2025-11-27 22:01:35.775 DEBUG  For Mandatory Field On First Name Field - 8: setText(findTestObject("Page_DEMOQA/input_Name_lastName"), Lastname)
2025-11-27 22:01:36.437 DEBUG  For Mandatory Field On First Name Field - 9: delay(2)
2025-11-27 22:01:38.446 DEBUG  For Mandatory Field On First Name Field - 10: verifyElementPresent(findTestObject("Object Repository/Page_DEMOQA/button_Submit"), 8)
2025-11-27 22:01:38.689 DEBUG  For Mandatory Field On First Name Field - 11: delay(2)
2025-11-27 22:01:40.694 DEBUG  For Mandatory Field On First Name Field - 12: scrollToElement(findTestObject("Page_DEMOQA/button_Submit"), 100)
2025-11-27 22:01:40.945 DEBUG  For Mandatory Field On First Name Field - 13: delay(2)
2025-11-27 22:01:42.963 DEBUG  For Mandatory Field On First Name Field - 14: verifyElementVisible(findTestObject("Object Repository/Page_DEMOQA/button_Submit"), STOP_ON_FAILURE)
2025-11-27 22:01:43.217 DEBUG  For Mandatory Field On First Name Field - 15: delay(2)
2025-11-27 22:01:45.227 DEBUG  For Mandatory Field On First Name Field - 16: click(findTestObject("Object Repository/Page_DEMOQA/button_Submit"))
2025-11-27 22:01:45.566 DEBUG  For Mandatory Field On First Name Field - 17: delay(2)
2025-11-27 22:01:47.581 DEBUG  For Mandatory Field On First Name Field - 18: scrollToElement(findTestObject("Page_DEMOQA/input_Name_lastName"), 0)
2025-11-27 22:01:47.589 WARN  c.k.k.c.webui.common.WebUiCommonHelper   - Timeout '0' is invalid. Using default page load timeout: '10'
2025-11-27 22:01:47.828 DEBUG  For Mandatory Field On First Name Field - 19: delay(2)
2025-11-27 22:01:49.835 DEBUG  For Mandatory Field On First Name Field - 20: verifyElementPresent(findTestObject("Page_DEMOQA/input_Name_lastName"), 8)
2025-11-27 22:01:50.069 DEBUG  For Mandatory Field On First Name Field - 21: click(findTestObject("Page_DEMOQA/input_Name_lastName"))
2025-11-27 22:01:50.397 DEBUG  For Mandatory Field On First Name Field - 22: verifyElementPresent(findTestObject("Page_DEMOQA/class_Lastname_Invalid"), 8)
2025-11-27 22:01:50.646 INFO  c.k.katalon.core.main.TestCaseExecutor   - END Test Cases/Negative/Case01-3-N3 Alert Notification For Mandatory Field On Last Name Field
2025-11-27 22:01:50.652 INFO  c.k.katalon.core.main.TestCaseExecutor   - --------------------
2025-11-27 22:01:50.652 INFO  c.k.katalon.core.main.TestCaseExecutor   - START Test Cases/Negative/Case01-3-N3 Alert Notification For Mandatory Field On Last Name Field
2025-11-27 22:01:50.662 INFO  c.k.katalon.core.main.TestCaseExecutor   - (Default) Lastname = 
2025-11-27 22:01:50.665 DEBUG  For Mandatory Field On First Name Field - 1: openBrowser("")
2025-11-27 22:01:50.669 WARN  c.k.k.core.webui.driver.DriverFactory    - A browser is already opened. Closing browser and opening a new one
2025-11-27 22:01:51.959 INFO  c.k.k.core.webui.driver.DriverFactory    - Starting 'Chrome (headless)' driver
2025-11-27 22:01:51.960 INFO  c.k.k.core.webui.driver.DriverFactory    - Action delay is set to 0 milliseconds
Nov 27, 2025 10:01:53 PM org.openqa.selenium.devtools.CdpVersionFinder findNearestMatch
WARNING: Unable to find an exact match for CDP version 142, returning the closest version; found: 138; Please update to a Selenium version that supports CDP version 142
2025-11-27 22:01:53.133 INFO  c.k.k.core.webui.driver.DriverFactory    - sessionId = 3904dbadd28885ea09e1f39cc600a077
2025-11-27 22:01:53.134 INFO  c.k.k.core.webui.driver.DriverFactory    - browser = Chrome 142.0.7444.176
2025-11-27 22:01:53.134 INFO  c.k.k.core.webui.driver.DriverFactory    - platform = Windows 11
2025-11-27 22:01:53.135 INFO  c.k.k.core.webui.driver.DriverFactory    - seleniumVersion = 4.34.0
2025-11-27 22:01:53.135 INFO  c.k.k.core.webui.driver.DriverFactory    - proxyInformation = ProxyInformation { proxyOption=NO_PROXY, proxyServerType=HTTP, username=, password=********, proxyServerAddress=, proxyServerPort=0, executionList="", isApplyToDesiredCapabilities=true }
2025-11-27 22:01:53.152 DEBUG  For Mandatory Field On First Name Field - 2: navigateToUrl("https://demoqa.com/automation-practice-form")
2025-11-27 22:02:00.688 DEBUG  For Mandatory Field On First Name Field - 3: maximizeWindow()
2025-11-27 22:02:00.726 DEBUG  For Mandatory Field On First Name Field - 4: delay(2)
2025-11-27 22:02:02.735 DEBUG  For Mandatory Field On First Name Field - 5: verifyElementPresent(findTestObject("Page_DEMOQA/input_Name_lastName"), 8)
2025-11-27 22:02:02.986 DEBUG  For Mandatory Field On First Name Field - 6: verifyElementVisible(findTestObject("Page_DEMOQA/input_Name_lastName"), STOP_ON_FAILURE)
2025-11-27 22:02:03.239 DEBUG  For Mandatory Field On First Name Field - 7: delay(2)
2025-11-27 22:02:05.251 DEBUG  For Mandatory Field On First Name Field - 8: setText(findTestObject("Page_DEMOQA/input_Name_lastName"), Lastname)
2025-11-27 22:02:05.900 DEBUG  For Mandatory Field On First Name Field - 9: delay(2)
2025-11-27 22:02:07.917 DEBUG  For Mandatory Field On First Name Field - 10: verifyElementPresent(findTestObject("Object Repository/Page_DEMOQA/button_Submit"), 8)
2025-11-27 22:02:08.167 DEBUG  For Mandatory Field On First Name Field - 11: delay(2)
2025-11-27 22:02:10.183 DEBUG  For Mandatory Field On First Name Field - 12: scrollToElement(findTestObject("Page_DEMOQA/button_Submit"), 100)
2025-11-27 22:02:10.438 DEBUG  For Mandatory Field On First Name Field - 13: delay(2)
2025-11-27 22:02:12.453 DEBUG  For Mandatory Field On First Name Field - 14: verifyElementVisible(findTestObject("Object Repository/Page_DEMOQA/button_Submit"), STOP_ON_FAILURE)
2025-11-27 22:02:12.720 DEBUG  For Mandatory Field On First Name Field - 15: delay(2)
2025-11-27 22:02:14.734 DEBUG  For Mandatory Field On First Name Field - 16: click(findTestObject("Object Repository/Page_DEMOQA/button_Submit"))
2025-11-27 22:02:15.078 DEBUG  For Mandatory Field On First Name Field - 17: delay(2)
2025-11-27 22:02:17.099 DEBUG  For Mandatory Field On First Name Field - 18: scrollToElement(findTestObject("Page_DEMOQA/input_Name_lastName"), 0)
2025-11-27 22:02:17.104 WARN  c.k.k.c.webui.common.WebUiCommonHelper   - Timeout '0' is invalid. Using default page load timeout: '10'
2025-11-27 22:02:17.355 DEBUG  For Mandatory Field On First Name Field - 19: delay(2)
2025-11-27 22:02:19.368 DEBUG  For Mandatory Field On First Name Field - 20: verifyElementPresent(findTestObject("Page_DEMOQA/input_Name_lastName"), 8)
2025-11-27 22:02:19.625 DEBUG  For Mandatory Field On First Name Field - 21: click(findTestObject("Page_DEMOQA/input_Name_lastName"))
2025-11-27 22:02:20.106 DEBUG  For Mandatory Field On First Name Field - 22: verifyElementPresent(findTestObject("Page_DEMOQA/class_Lastname_Invalid"), 8)
2025-11-27 22:02:20.356 INFO  c.k.katalon.core.main.TestCaseExecutor   - END Test Cases/Negative/Case01-3-N3 Alert Notification For Mandatory Field On Last Name Field
2025-11-27 22:02:20.360 INFO  c.k.katalon.core.main.TestCaseExecutor   - --------------------
2025-11-27 22:02:20.360 INFO  c.k.katalon.core.main.TestCaseExecutor   - START Test Cases/Negative/Case01-4-N4 Alert Notification For Mandatory Field On Gender Field
2025-11-27 22:02:20.376 INFO  c.k.katalon.core.main.TestCaseExecutor   - (Default) Gender = 
2025-11-27 22:02:20.459 DEBUG  For Mandatory Field On First Name Field - 1: openBrowser("")
2025-11-27 22:02:20.462 WARN  c.k.k.core.webui.driver.DriverFactory    - A browser is already opened. Closing browser and opening a new one
2025-11-27 22:02:21.775 INFO  c.k.k.core.webui.driver.DriverFactory    - Starting 'Chrome (headless)' driver
2025-11-27 22:02:21.776 INFO  c.k.k.core.webui.driver.DriverFactory    - Action delay is set to 0 milliseconds
Nov 27, 2025 10:02:22 PM org.openqa.selenium.devtools.CdpVersionFinder findNearestMatch
WARNING: Unable to find an exact match for CDP version 142, returning the closest version; found: 138; Please update to a Selenium version that supports CDP version 142
2025-11-27 22:02:23.009 INFO  c.k.k.core.webui.driver.DriverFactory    - sessionId = 6faf8cefaf60406e560d6df0dfb5cb34
2025-11-27 22:02:23.010 INFO  c.k.k.core.webui.driver.DriverFactory    - browser = Chrome 142.0.7444.176
2025-11-27 22:02:23.010 INFO  c.k.k.core.webui.driver.DriverFactory    - platform = Windows 11
2025-11-27 22:02:23.011 INFO  c.k.k.core.webui.driver.DriverFactory    - seleniumVersion = 4.34.0
2025-11-27 22:02:23.012 INFO  c.k.k.core.webui.driver.DriverFactory    - proxyInformation = ProxyInformation { proxyOption=NO_PROXY, proxyServerType=HTTP, username=, password=********, proxyServerAddress=, proxyServerPort=0, executionList="", isApplyToDesiredCapabilities=true }
2025-11-27 22:02:23.034 DEBUG  For Mandatory Field On First Name Field - 2: navigateToUrl("https://demoqa.com/automation-practice-form")
2025-11-27 22:02:48.194 DEBUG  For Mandatory Field On First Name Field - 3: maximizeWindow()
2025-11-27 22:02:48.228 DEBUG  For Mandatory Field On First Name Field - 4: delay(2)
2025-11-27 22:02:50.235 DEBUG  For Mandatory Field On First Name Field - 5: verifyElementPresent(findTestObject("Page_DEMOQA/label_Male"), 0)
2025-11-27 22:02:50.241 WARN  c.k.k.c.webui.common.WebUiCommonHelper   - Timeout '0' is invalid. Using default page load timeout: '10'
2025-11-27 22:02:50.492 DEBUG  For Mandatory Field On First Name Field - 6: verifyElementVisible(findTestObject("Page_DEMOQA/label_Male"), STOP_ON_FAILURE)
2025-11-27 22:02:50.764 DEBUG  For Mandatory Field On First Name Field - 7: delay(2)
2025-11-27 22:02:52.783 DEBUG  For Mandatory Field On First Name Field - 8: verifyElementPresent(findTestObject("Object Repository/Page_DEMOQA/button_Submit"), 0)
2025-11-27 22:02:52.788 WARN  c.k.k.c.webui.common.WebUiCommonHelper   - Timeout '0' is invalid. Using default page load timeout: '10'
2025-11-27 22:02:53.028 DEBUG  For Mandatory Field On First Name Field - 9: delay(2)
2025-11-27 22:02:55.042 DEBUG  For Mandatory Field On First Name Field - 10: scrollToElement(findTestObject("Page_DEMOQA/button_Submit"), 100)
2025-11-27 22:02:55.299 DEBUG  For Mandatory Field On First Name Field - 11: delay(2)
2025-11-27 22:02:57.304 DEBUG  For Mandatory Field On First Name Field - 12: verifyElementVisible(findTestObject("Object Repository/Page_DEMOQA/button_Submit"), STOP_ON_FAILURE)
2025-11-27 22:02:57.568 DEBUG  For Mandatory Field On First Name Field - 13: delay(2)
2025-11-27 22:02:59.583 DEBUG  For Mandatory Field On First Name Field - 14: click(findTestObject("Object Repository/Page_DEMOQA/button_Submit"))
2025-11-27 22:02:59.948 DEBUG  For Mandatory Field On First Name Field - 15: delay(2)
2025-11-27 22:03:01.954 DEBUG  For Mandatory Field On First Name Field - 16: scrollToElement(findTestObject("Page_DEMOQA/label_Male"), 0)
2025-11-27 22:03:01.959 WARN  c.k.k.c.webui.common.WebUiCommonHelper   - Timeout '0' is invalid. Using default page load timeout: '10'
2025-11-27 22:03:02.225 DEBUG  For Mandatory Field On First Name Field - 17: delay(2)
2025-11-27 22:03:04.233 DEBUG  For Mandatory Field On First Name Field - 18: verifyElementPresent(findTestObject("Page_DEMOQA/label_Male"), 0)
2025-11-27 22:03:04.237 WARN  c.k.k.c.webui.common.WebUiCommonHelper   - Timeout '0' is invalid. Using default page load timeout: '10'
2025-11-27 22:03:04.493 DEBUG  For Mandatory Field On First Name Field - 19: delay(2)
2025-11-27 22:03:06.504 DEBUG  For Mandatory Field On First Name Field - 20: verifyElementPresent(findTestObject("Page_DEMOQA/class_Gender_Invalid"), 8)
2025-11-27 22:03:06.769 INFO  c.k.katalon.core.main.TestCaseExecutor   - END Test Cases/Negative/Case01-4-N4 Alert Notification For Mandatory Field On Gender Field
2025-11-27 22:03:06.771 INFO  c.k.katalon.core.main.TestCaseExecutor   - --------------------
2025-11-27 22:03:06.771 INFO  c.k.katalon.core.main.TestCaseExecutor   - START Test Cases/Negative/Case01-4-N4 Alert Notification For Mandatory Field On Gender Field
2025-11-27 22:03:06.784 INFO  c.k.katalon.core.main.TestCaseExecutor   - (Default) Gender = 
2025-11-27 22:03:06.785 DEBUG  For Mandatory Field On First Name Field - 1: openBrowser("")
2025-11-27 22:03:06.787 WARN  c.k.k.core.webui.driver.DriverFactory    - A browser is already opened. Closing browser and opening a new one
2025-11-27 22:03:08.077 INFO  c.k.k.core.webui.driver.DriverFactory    - Starting 'Chrome (headless)' driver
2025-11-27 22:03:08.081 INFO  c.k.k.core.webui.driver.DriverFactory    - Action delay is set to 0 milliseconds
Nov 27, 2025 10:03:09 PM org.openqa.selenium.devtools.CdpVersionFinder findNearestMatch
WARNING: Unable to find an exact match for CDP version 142, returning the closest version; found: 138; Please update to a Selenium version that supports CDP version 142
2025-11-27 22:03:09.256 INFO  c.k.k.core.webui.driver.DriverFactory    - sessionId = dfc83613e799af35b2d5a3dc31f0acd0
2025-11-27 22:03:09.257 INFO  c.k.k.core.webui.driver.DriverFactory    - browser = Chrome 142.0.7444.176
2025-11-27 22:03:09.257 INFO  c.k.k.core.webui.driver.DriverFactory    - platform = Windows 11
2025-11-27 22:03:09.257 INFO  c.k.k.core.webui.driver.DriverFactory    - seleniumVersion = 4.34.0
2025-11-27 22:03:09.258 INFO  c.k.k.core.webui.driver.DriverFactory    - proxyInformation = ProxyInformation { proxyOption=NO_PROXY, proxyServerType=HTTP, username=, password=********, proxyServerAddress=, proxyServerPort=0, executionList="", isApplyToDesiredCapabilities=true }
2025-11-27 22:03:09.269 DEBUG  For Mandatory Field On First Name Field - 2: navigateToUrl("https://demoqa.com/automation-practice-form")
2025-11-27 22:03:36.705 DEBUG  For Mandatory Field On First Name Field - 3: maximizeWindow()
2025-11-27 22:03:36.751 DEBUG  For Mandatory Field On First Name Field - 4: delay(2)
2025-11-27 22:03:38.755 DEBUG  For Mandatory Field On First Name Field - 5: verifyElementPresent(findTestObject("Page_DEMOQA/label_Male"), 0)
2025-11-27 22:03:38.759 WARN  c.k.k.c.webui.common.WebUiCommonHelper   - Timeout '0' is invalid. Using default page load timeout: '10'
2025-11-27 22:03:39.007 DEBUG  For Mandatory Field On First Name Field - 6: verifyElementVisible(findTestObject("Page_DEMOQA/label_Male"), STOP_ON_FAILURE)
2025-11-27 22:03:39.286 DEBUG  For Mandatory Field On First Name Field - 7: delay(2)
2025-11-27 22:03:41.301 DEBUG  For Mandatory Field On First Name Field - 8: verifyElementPresent(findTestObject("Object Repository/Page_DEMOQA/button_Submit"), 0)
2025-11-27 22:03:41.305 WARN  c.k.k.c.webui.common.WebUiCommonHelper   - Timeout '0' is invalid. Using default page load timeout: '10'
2025-11-27 22:03:41.561 DEBUG  For Mandatory Field On First Name Field - 9: delay(2)
2025-11-27 22:03:43.574 DEBUG  For Mandatory Field On First Name Field - 10: scrollToElement(findTestObject("Page_DEMOQA/button_Submit"), 100)
2025-11-27 22:03:43.829 DEBUG  For Mandatory Field On First Name Field - 11: delay(2)
2025-11-27 22:03:45.841 DEBUG  For Mandatory Field On First Name Field - 12: verifyElementVisible(findTestObject("Object Repository/Page_DEMOQA/button_Submit"), STOP_ON_FAILURE)
2025-11-27 22:03:46.096 DEBUG  For Mandatory Field On First Name Field - 13: delay(2)
2025-11-27 22:03:48.100 DEBUG  For Mandatory Field On First Name Field - 14: click(findTestObject("Object Repository/Page_DEMOQA/button_Submit"))
2025-11-27 22:03:48.463 DEBUG  For Mandatory Field On First Name Field - 15: delay(2)
2025-11-27 22:03:50.479 DEBUG  For Mandatory Field On First Name Field - 16: scrollToElement(findTestObject("Page_DEMOQA/label_Male"), 0)
2025-11-27 22:03:50.484 WARN  c.k.k.c.webui.common.WebUiCommonHelper   - Timeout '0' is invalid. Using default page load timeout: '10'
2025-11-27 22:03:50.735 DEBUG  For Mandatory Field On First Name Field - 17: delay(2)
2025-11-27 22:03:52.740 DEBUG  For Mandatory Field On First Name Field - 18: verifyElementPresent(findTestObject("Page_DEMOQA/label_Male"), 0)
2025-11-27 22:03:52.747 WARN  c.k.k.c.webui.common.WebUiCommonHelper   - Timeout '0' is invalid. Using default page load timeout: '10'
2025-11-27 22:03:52.988 DEBUG  For Mandatory Field On First Name Field - 19: delay(2)
2025-11-27 22:03:54.991 DEBUG  For Mandatory Field On First Name Field - 20: verifyElementPresent(findTestObject("Page_DEMOQA/class_Gender_Invalid"), 8)
2025-11-27 22:03:55.241 INFO  c.k.katalon.core.main.TestCaseExecutor   - END Test Cases/Negative/Case01-4-N4 Alert Notification For Mandatory Field On Gender Field
2025-11-27 22:03:55.245 INFO  c.k.katalon.core.main.TestCaseExecutor   - --------------------
2025-11-27 22:03:55.245 INFO  c.k.katalon.core.main.TestCaseExecutor   - START Test Cases/Negative/Case01-4-N4 Alert Notification For Mandatory Field On Gender Field
2025-11-27 22:03:55.255 INFO  c.k.katalon.core.main.TestCaseExecutor   - (Default) Gender = 
2025-11-27 22:03:55.257 DEBUG  For Mandatory Field On First Name Field - 1: openBrowser("")
2025-11-27 22:03:55.260 WARN  c.k.k.core.webui.driver.DriverFactory    - A browser is already opened. Closing browser and opening a new one
2025-11-27 22:03:56.557 INFO  c.k.k.core.webui.driver.DriverFactory    - Starting 'Chrome (headless)' driver
2025-11-27 22:03:56.558 INFO  c.k.k.core.webui.driver.DriverFactory    - Action delay is set to 0 milliseconds
Nov 27, 2025 10:03:57 PM org.openqa.selenium.devtools.CdpVersionFinder findNearestMatch
WARNING: Unable to find an exact match for CDP version 142, returning the closest version; found: 138; Please update to a Selenium version that supports CDP version 142
2025-11-27 22:03:57.322 INFO  c.k.k.core.webui.driver.DriverFactory    - sessionId = c604552fa3668e9c1d7a8e79a06fbd5f
2025-11-27 22:03:57.322 INFO  c.k.k.core.webui.driver.DriverFactory    - browser = Chrome 142.0.7444.176
2025-11-27 22:03:57.322 INFO  c.k.k.core.webui.driver.DriverFactory    - platform = Windows 11
2025-11-27 22:03:57.322 INFO  c.k.k.core.webui.driver.DriverFactory    - seleniumVersion = 4.34.0
2025-11-27 22:03:57.323 INFO  c.k.k.core.webui.driver.DriverFactory    - proxyInformation = ProxyInformation { proxyOption=NO_PROXY, proxyServerType=HTTP, username=, password=********, proxyServerAddress=, proxyServerPort=0, executionList="", isApplyToDesiredCapabilities=true }
2025-11-27 22:03:57.334 DEBUG  For Mandatory Field On First Name Field - 2: navigateToUrl("https://demoqa.com/automation-practice-form")
2025-11-27 22:04:05.464 DEBUG  For Mandatory Field On First Name Field - 3: maximizeWindow()
2025-11-27 22:04:05.506 DEBUG  For Mandatory Field On First Name Field - 4: delay(2)
2025-11-27 22:04:07.512 DEBUG  For Mandatory Field On First Name Field - 5: verifyElementPresent(findTestObject("Page_DEMOQA/label_Male"), 0)
2025-11-27 22:04:07.520 WARN  c.k.k.c.webui.common.WebUiCommonHelper   - Timeout '0' is invalid. Using default page load timeout: '10'
2025-11-27 22:04:07.766 DEBUG  For Mandatory Field On First Name Field - 6: verifyElementVisible(findTestObject("Page_DEMOQA/label_Male"), STOP_ON_FAILURE)
2025-11-27 22:04:08.017 DEBUG  For Mandatory Field On First Name Field - 7: delay(2)
2025-11-27 22:04:10.029 DEBUG  For Mandatory Field On First Name Field - 8: verifyElementPresent(findTestObject("Object Repository/Page_DEMOQA/button_Submit"), 0)
2025-11-27 22:04:10.034 WARN  c.k.k.c.webui.common.WebUiCommonHelper   - Timeout '0' is invalid. Using default page load timeout: '10'
2025-11-27 22:04:10.291 DEBUG  For Mandatory Field On First Name Field - 9: delay(2)
2025-11-27 22:04:12.308 DEBUG  For Mandatory Field On First Name Field - 10: scrollToElement(findTestObject("Page_DEMOQA/button_Submit"), 100)
2025-11-27 22:04:12.565 DEBUG  For Mandatory Field On First Name Field - 11: delay(2)
2025-11-27 22:04:14.579 DEBUG  For Mandatory Field On First Name Field - 12: verifyElementVisible(findTestObject("Object Repository/Page_DEMOQA/button_Submit"), STOP_ON_FAILURE)
2025-11-27 22:04:14.831 DEBUG  For Mandatory Field On First Name Field - 13: delay(2)
2025-11-27 22:04:16.841 DEBUG  For Mandatory Field On First Name Field - 14: click(findTestObject("Object Repository/Page_DEMOQA/button_Submit"))
2025-11-27 22:04:17.195 DEBUG  For Mandatory Field On First Name Field - 15: delay(2)
2025-11-27 22:04:19.203 DEBUG  For Mandatory Field On First Name Field - 16: scrollToElement(findTestObject("Page_DEMOQA/label_Male"), 0)
2025-11-27 22:04:19.207 WARN  c.k.k.c.webui.common.WebUiCommonHelper   - Timeout '0' is invalid. Using default page load timeout: '10'
2025-11-27 22:04:19.470 DEBUG  For Mandatory Field On First Name Field - 17: delay(2)
2025-11-27 22:04:21.474 DEBUG  For Mandatory Field On First Name Field - 18: verifyElementPresent(findTestObject("Page_DEMOQA/label_Male"), 0)
2025-11-27 22:04:21.481 WARN  c.k.k.c.webui.common.WebUiCommonHelper   - Timeout '0' is invalid. Using default page load timeout: '10'
2025-11-27 22:04:21.719 DEBUG  For Mandatory Field On First Name Field - 19: delay(2)
2025-11-27 22:04:23.724 DEBUG  For Mandatory Field On First Name Field - 20: verifyElementPresent(findTestObject("Page_DEMOQA/class_Gender_Invalid"), 8)
2025-11-27 22:04:23.972 INFO  c.k.katalon.core.main.TestCaseExecutor   - END Test Cases/Negative/Case01-4-N4 Alert Notification For Mandatory Field On Gender Field
2025-11-27 22:04:23.978 INFO  c.k.katalon.core.main.TestCaseExecutor   - --------------------
2025-11-27 22:04:23.978 INFO  c.k.katalon.core.main.TestCaseExecutor   - START Test Cases/Negative/Case01-5-N5 Alert Notification For Mandatory Field On Mobile Number Field
2025-11-27 22:04:23.986 INFO  c.k.katalon.core.main.TestCaseExecutor   - (Default) MobileNumber = 
2025-11-27 22:04:24.069 DEBUG  For Mandatory Field On First Name Field - 1: openBrowser("")
2025-11-27 22:04:24.072 WARN  c.k.k.core.webui.driver.DriverFactory    - A browser is already opened. Closing browser and opening a new one
2025-11-27 22:04:25.367 INFO  c.k.k.core.webui.driver.DriverFactory    - Starting 'Chrome (headless)' driver
2025-11-27 22:04:25.368 INFO  c.k.k.core.webui.driver.DriverFactory    - Action delay is set to 0 milliseconds
Nov 27, 2025 10:04:26 PM org.openqa.selenium.devtools.CdpVersionFinder findNearestMatch
WARNING: Unable to find an exact match for CDP version 142, returning the closest version; found: 138; Please update to a Selenium version that supports CDP version 142
2025-11-27 22:04:26.138 INFO  c.k.k.core.webui.driver.DriverFactory    - sessionId = 155c8a0117664c8328b91db67e5338b0
2025-11-27 22:04:26.138 INFO  c.k.k.core.webui.driver.DriverFactory    - browser = Chrome 142.0.7444.176
2025-11-27 22:04:26.138 INFO  c.k.k.core.webui.driver.DriverFactory    - platform = Windows 11
2025-11-27 22:04:26.139 INFO  c.k.k.core.webui.driver.DriverFactory    - seleniumVersion = 4.34.0
2025-11-27 22:04:26.139 INFO  c.k.k.core.webui.driver.DriverFactory    - proxyInformation = ProxyInformation { proxyOption=NO_PROXY, proxyServerType=HTTP, username=, password=********, proxyServerAddress=, proxyServerPort=0, executionList="", isApplyToDesiredCapabilities=true }
2025-11-27 22:04:26.154 DEBUG  For Mandatory Field On First Name Field - 2: navigateToUrl("https://demoqa.com/automation-practice-form")
2025-11-27 22:04:52.733 DEBUG  For Mandatory Field On First Name Field - 3: maximizeWindow()
2025-11-27 22:04:52.779 DEBUG  For Mandatory Field On First Name Field - 4: delay(2)
2025-11-27 22:04:54.798 DEBUG  For Mandatory Field On First Name Field - 5: verifyElementPresent(findTestObject("Page_DEMOQA/input_(10 Digits)_userNumber"), 8)
2025-11-27 22:04:55.066 DEBUG  For Mandatory Field On First Name Field - 6: verifyElementVisible(findTestObject("Page_DEMOQA/input_(10 Digits)_userNumber"), STOP_ON_FAILURE)
2025-11-27 22:04:55.318 DEBUG  For Mandatory Field On First Name Field - 7: delay(2)
2025-11-27 22:04:57.328 DEBUG  For Mandatory Field On First Name Field - 8: setText(findTestObject("Page_DEMOQA/input_(10 Digits)_userNumber"), MobileNumber)
2025-11-27 22:04:57.984 DEBUG  For Mandatory Field On First Name Field - 9: delay(2)
2025-11-27 22:04:59.995 DEBUG  For Mandatory Field On First Name Field - 10: verifyElementPresent(findTestObject("Object Repository/Page_DEMOQA/button_Submit"), 8)
2025-11-27 22:05:00.238 DEBUG  For Mandatory Field On First Name Field - 11: delay(2)
2025-11-27 22:05:02.245 DEBUG  For Mandatory Field On First Name Field - 12: scrollToElement(findTestObject("Page_DEMOQA/button_Submit"), 100)
2025-11-27 22:05:02.498 DEBUG  For Mandatory Field On First Name Field - 13: delay(2)
2025-11-27 22:05:04.503 DEBUG  For Mandatory Field On First Name Field - 14: verifyElementVisible(findTestObject("Object Repository/Page_DEMOQA/button_Submit"), STOP_ON_FAILURE)
2025-11-27 22:05:04.769 DEBUG  For Mandatory Field On First Name Field - 15: delay(2)
2025-11-27 22:05:06.782 DEBUG  For Mandatory Field On First Name Field - 16: click(findTestObject("Object Repository/Page_DEMOQA/button_Submit"))
2025-11-27 22:05:07.133 DEBUG  For Mandatory Field On First Name Field - 17: delay(2)
2025-11-27 22:05:09.139 DEBUG  For Mandatory Field On First Name Field - 18: scrollToElement(findTestObject("Page_DEMOQA/input_(10 Digits)_userNumber"), 0)
2025-11-27 22:05:09.146 WARN  c.k.k.c.webui.common.WebUiCommonHelper   - Timeout '0' is invalid. Using default page load timeout: '10'
2025-11-27 22:05:09.386 DEBUG  For Mandatory Field On First Name Field - 19: delay(2)
2025-11-27 22:05:11.403 DEBUG  For Mandatory Field On First Name Field - 20: verifyElementPresent(findTestObject("Page_DEMOQA/input_(10 Digits)_userNumber"), 8)
2025-11-27 22:05:11.654 DEBUG  For Mandatory Field On First Name Field - 21: click(findTestObject("Page_DEMOQA/input_(10 Digits)_userNumber"))
2025-11-27 22:05:11.983 DEBUG  For Mandatory Field On First Name Field - 22: verifyElementPresent(findTestObject("Page_DEMOQA/class_Mobile_Number_Invalid"), 8)
2025-11-27 22:05:12.225 INFO  c.k.katalon.core.main.TestCaseExecutor   - END Test Cases/Negative/Case01-5-N5 Alert Notification For Mandatory Field On Mobile Number Field
2025-11-27 22:05:12.228 INFO  c.k.katalon.core.main.TestCaseExecutor   - --------------------
2025-11-27 22:05:12.228 INFO  c.k.katalon.core.main.TestCaseExecutor   - START Test Cases/Negative/Case01-5-N5 Alert Notification For Mandatory Field On Mobile Number Field
2025-11-27 22:05:12.235 INFO  c.k.katalon.core.main.TestCaseExecutor   - (Default) MobileNumber = 
2025-11-27 22:05:12.236 DEBUG  For Mandatory Field On First Name Field - 1: openBrowser("")
2025-11-27 22:05:12.238 WARN  c.k.k.core.webui.driver.DriverFactory    - A browser is already opened. Closing browser and opening a new one
2025-11-27 22:05:13.538 INFO  c.k.k.core.webui.driver.DriverFactory    - Starting 'Chrome (headless)' driver
2025-11-27 22:05:13.541 INFO  c.k.k.core.webui.driver.DriverFactory    - Action delay is set to 0 milliseconds
Nov 27, 2025 10:05:14 PM org.openqa.selenium.devtools.CdpVersionFinder findNearestMatch
WARNING: Unable to find an exact match for CDP version 142, returning the closest version; found: 138; Please update to a Selenium version that supports CDP version 142
2025-11-27 22:05:14.753 INFO  c.k.k.core.webui.driver.DriverFactory    - sessionId = c0a6b86527f1c7c5d4bce24a4d95d9e7
2025-11-27 22:05:14.754 INFO  c.k.k.core.webui.driver.DriverFactory    - browser = Chrome 142.0.7444.176
2025-11-27 22:05:14.754 INFO  c.k.k.core.webui.driver.DriverFactory    - platform = Windows 11
2025-11-27 22:05:14.754 INFO  c.k.k.core.webui.driver.DriverFactory    - seleniumVersion = 4.34.0
2025-11-27 22:05:14.755 INFO  c.k.k.core.webui.driver.DriverFactory    - proxyInformation = ProxyInformation { proxyOption=NO_PROXY, proxyServerType=HTTP, username=, password=********, proxyServerAddress=, proxyServerPort=0, executionList="", isApplyToDesiredCapabilities=true }
2025-11-27 22:05:14.768 DEBUG  For Mandatory Field On First Name Field - 2: navigateToUrl("https://demoqa.com/automation-practice-form")
2025-11-27 22:06:19.363 DEBUG  For Mandatory Field On First Name Field - 3: maximizeWindow()
2025-11-27 22:06:19.398 DEBUG  For Mandatory Field On First Name Field - 4: delay(2)
2025-11-27 22:06:21.412 DEBUG  For Mandatory Field On First Name Field - 5: verifyElementPresent(findTestObject("Page_DEMOQA/input_(10 Digits)_userNumber"), 8)
2025-11-27 22:06:21.683 DEBUG  For Mandatory Field On First Name Field - 6: verifyElementVisible(findTestObject("Page_DEMOQA/input_(10 Digits)_userNumber"), STOP_ON_FAILURE)
2025-11-27 22:06:21.948 DEBUG  For Mandatory Field On First Name Field - 7: delay(2)
2025-11-27 22:06:23.964 DEBUG  For Mandatory Field On First Name Field - 8: setText(findTestObject("Page_DEMOQA/input_(10 Digits)_userNumber"), MobileNumber)
2025-11-27 22:06:24.627 DEBUG  For Mandatory Field On First Name Field - 9: delay(2)
2025-11-27 22:06:26.636 DEBUG  For Mandatory Field On First Name Field - 10: verifyElementPresent(findTestObject("Object Repository/Page_DEMOQA/button_Submit"), 8)
2025-11-27 22:06:26.884 DEBUG  For Mandatory Field On First Name Field - 11: delay(2)
2025-11-27 22:06:28.903 DEBUG  For Mandatory Field On First Name Field - 12: scrollToElement(findTestObject("Page_DEMOQA/button_Submit"), 100)
2025-11-27 22:06:29.152 DEBUG  For Mandatory Field On First Name Field - 13: delay(2)
2025-11-27 22:06:31.161 DEBUG  For Mandatory Field On First Name Field - 14: verifyElementVisible(findTestObject("Object Repository/Page_DEMOQA/button_Submit"), STOP_ON_FAILURE)
2025-11-27 22:06:31.431 DEBUG  For Mandatory Field On First Name Field - 15: delay(2)
2025-11-27 22:06:33.444 DEBUG  For Mandatory Field On First Name Field - 16: click(findTestObject("Object Repository/Page_DEMOQA/button_Submit"))
2025-11-27 22:06:33.767 DEBUG  For Mandatory Field On First Name Field - 17: delay(2)
2025-11-27 22:06:35.778 DEBUG  For Mandatory Field On First Name Field - 18: scrollToElement(findTestObject("Page_DEMOQA/input_(10 Digits)_userNumber"), 0)
2025-11-27 22:06:35.786 WARN  c.k.k.c.webui.common.WebUiCommonHelper   - Timeout '0' is invalid. Using default page load timeout: '10'
2025-11-27 22:06:36.074 DEBUG  For Mandatory Field On First Name Field - 19: delay(2)
2025-11-27 22:06:38.080 DEBUG  For Mandatory Field On First Name Field - 20: verifyElementPresent(findTestObject("Page_DEMOQA/input_(10 Digits)_userNumber"), 8)
2025-11-27 22:06:38.341 DEBUG  For Mandatory Field On First Name Field - 21: click(findTestObject("Page_DEMOQA/input_(10 Digits)_userNumber"))
2025-11-27 22:06:38.678 DEBUG  For Mandatory Field On First Name Field - 22: verifyElementPresent(findTestObject("Page_DEMOQA/class_Mobile_Number_Invalid"), 8)
2025-11-27 22:06:38.916 INFO  c.k.katalon.core.main.TestCaseExecutor   - END Test Cases/Negative/Case01-5-N5 Alert Notification For Mandatory Field On Mobile Number Field
2025-11-27 22:06:38.918 INFO  c.k.katalon.core.main.TestCaseExecutor   - --------------------
2025-11-27 22:06:38.918 INFO  c.k.katalon.core.main.TestCaseExecutor   - START Test Cases/Negative/Case01-5-N5 Alert Notification For Mandatory Field On Mobile Number Field
2025-11-27 22:06:38.930 INFO  c.k.katalon.core.main.TestCaseExecutor   - (Default) MobileNumber = 
2025-11-27 22:06:38.931 DEBUG  For Mandatory Field On First Name Field - 1: openBrowser("")
2025-11-27 22:06:38.933 WARN  c.k.k.core.webui.driver.DriverFactory    - A browser is already opened. Closing browser and opening a new one
2025-11-27 22:06:39.614 INFO  c.k.k.core.webui.driver.DriverFactory    - Starting 'Chrome (headless)' driver
2025-11-27 22:06:39.615 INFO  c.k.k.core.webui.driver.DriverFactory    - Action delay is set to 0 milliseconds
Nov 27, 2025 10:06:40 PM org.openqa.selenium.devtools.CdpVersionFinder findNearestMatch
WARNING: Unable to find an exact match for CDP version 142, returning the closest version; found: 138; Please update to a Selenium version that supports CDP version 142
2025-11-27 22:06:40.816 INFO  c.k.k.core.webui.driver.DriverFactory    - sessionId = 6b483bb6c854b8eca600f3e131116365
2025-11-27 22:06:40.816 INFO  c.k.k.core.webui.driver.DriverFactory    - browser = Chrome 142.0.7444.176
2025-11-27 22:06:40.816 INFO  c.k.k.core.webui.driver.DriverFactory    - platform = Windows 11
2025-11-27 22:06:40.817 INFO  c.k.k.core.webui.driver.DriverFactory    - seleniumVersion = 4.34.0
2025-11-27 22:06:40.817 INFO  c.k.k.core.webui.driver.DriverFactory    - proxyInformation = ProxyInformation { proxyOption=NO_PROXY, proxyServerType=HTTP, username=, password=********, proxyServerAddress=, proxyServerPort=0, executionList="", isApplyToDesiredCapabilities=true }
2025-11-27 22:06:40.828 DEBUG  For Mandatory Field On First Name Field - 2: navigateToUrl("https://demoqa.com/automation-practice-form")
2025-11-27 22:07:06.155 DEBUG  For Mandatory Field On First Name Field - 3: maximizeWindow()
2025-11-27 22:07:06.192 DEBUG  For Mandatory Field On First Name Field - 4: delay(2)
2025-11-27 22:07:08.206 DEBUG  For Mandatory Field On First Name Field - 5: verifyElementPresent(findTestObject("Page_DEMOQA/input_(10 Digits)_userNumber"), 8)
2025-11-27 22:07:08.474 DEBUG  For Mandatory Field On First Name Field - 6: verifyElementVisible(findTestObject("Page_DEMOQA/input_(10 Digits)_userNumber"), STOP_ON_FAILURE)
2025-11-27 22:07:08.727 DEBUG  For Mandatory Field On First Name Field - 7: delay(2)
2025-11-27 22:07:10.742 DEBUG  For Mandatory Field On First Name Field - 8: setText(findTestObject("Page_DEMOQA/input_(10 Digits)_userNumber"), MobileNumber)
2025-11-27 22:07:11.423 DEBUG  For Mandatory Field On First Name Field - 9: delay(2)
2025-11-27 22:07:13.427 DEBUG  For Mandatory Field On First Name Field - 10: verifyElementPresent(findTestObject("Object Repository/Page_DEMOQA/button_Submit"), 8)
2025-11-27 22:07:13.677 DEBUG  For Mandatory Field On First Name Field - 11: delay(2)
2025-11-27 22:07:15.681 DEBUG  For Mandatory Field On First Name Field - 12: scrollToElement(findTestObject("Page_DEMOQA/button_Submit"), 100)
2025-11-27 22:07:15.940 DEBUG  For Mandatory Field On First Name Field - 13: delay(2)
2025-11-27 22:07:17.955 DEBUG  For Mandatory Field On First Name Field - 14: verifyElementVisible(findTestObject("Object Repository/Page_DEMOQA/button_Submit"), STOP_ON_FAILURE)
2025-11-27 22:07:18.206 DEBUG  For Mandatory Field On First Name Field - 15: delay(2)
2025-11-27 22:07:20.222 DEBUG  For Mandatory Field On First Name Field - 16: click(findTestObject("Object Repository/Page_DEMOQA/button_Submit"))
2025-11-27 22:07:20.559 DEBUG  For Mandatory Field On First Name Field - 17: delay(2)
2025-11-27 22:07:22.567 DEBUG  For Mandatory Field On First Name Field - 18: scrollToElement(findTestObject("Page_DEMOQA/input_(10 Digits)_userNumber"), 0)
2025-11-27 22:07:22.574 WARN  c.k.k.c.webui.common.WebUiCommonHelper   - Timeout '0' is invalid. Using default page load timeout: '10'
2025-11-27 22:07:22.823 DEBUG  For Mandatory Field On First Name Field - 19: delay(2)
2025-11-27 22:07:24.838 DEBUG  For Mandatory Field On First Name Field - 20: verifyElementPresent(findTestObject("Page_DEMOQA/input_(10 Digits)_userNumber"), 8)
2025-11-27 22:07:25.081 DEBUG  For Mandatory Field On First Name Field - 21: click(findTestObject("Page_DEMOQA/input_(10 Digits)_userNumber"))
2025-11-27 22:07:25.422 DEBUG  For Mandatory Field On First Name Field - 22: verifyElementPresent(findTestObject("Page_DEMOQA/class_Mobile_Number_Invalid"), 8)
2025-11-27 22:07:25.674 INFO  c.k.katalon.core.main.TestCaseExecutor   - END Test Cases/Negative/Case01-5-N5 Alert Notification For Mandatory Field On Mobile Number Field
2025-11-27 22:07:27.005 INFO  c.k.katalon.core.main.TestSuiteExecutor  - --------------------
2025-11-27 22:07:27.005 INFO  c.k.katalon.core.main.TestSuiteExecutor  - END Test Suites/TSPracticeFormNegativeMandatory
2025-11-27 22:07:27.005 INFO  c.k.katalon.core.main.TestSuiteExecutor  - ====================
