2025-11-27 20:53:06.481 INFO  c.k.k.c.l.logback.LogbackConfigurator    - Logback default configuration initialized from: C:\Users\USER\.katalon\packages\KSE-10.4.2\configuration\org.eclipse.osgi\132\0\.cp\resources\logback\logback-execution.xml
2025-11-27 20:53:06.484 INFO  c.k.k.c.l.logback.LogbackConfigurator    - Logback custom configuration initialized from: T:\Lawrencon\Interview\Fix\case01\AutomationPracticeForm\AutomationPracticeForm\Include\config\log.properties
2025-11-27 20:53:06.900 INFO  c.k.katalon.core.main.TestSuiteExecutor  - START Test Suites/TSPractiveFormInvalidFormatEmail
2025-11-27 20:53:07.051 INFO  c.k.katalon.core.main.TestSuiteExecutor  - userFullName = Taufik Romadhon
2025-11-27 20:53:07.053 INFO  c.k.katalon.core.main.TestSuiteExecutor  - projectName = AutomationPracticeForm
2025-11-27 20:53:07.054 INFO  c.k.katalon.core.main.TestSuiteExecutor  - hostName = USER - LAPTOP-KNF1HLK6
2025-11-27 20:53:07.055 INFO  c.k.katalon.core.main.TestSuiteExecutor  - os = Windows 11 64bit
2025-11-27 20:53:07.056 INFO  c.k.katalon.core.main.TestSuiteExecutor  - hostAddress = 10.156.170.155
2025-11-27 20:53:07.057 INFO  c.k.katalon.core.main.TestSuiteExecutor  - katalonVersion = 10.4.2.0
2025-11-27 20:53:07.706 INFO  c.k.katalon.core.main.TestCaseExecutor   - --------------------
2025-11-27 20:53:07.706 INFO  c.k.katalon.core.main.TestCaseExecutor   - START Test Cases/Negative/Case01-1-N1 Alert Notification For Invalid Format Email On Email Field
2025-11-27 20:53:07.768 INFO  c.k.katalon.core.main.TestCaseExecutor   - EmailAddress = NotAnEmail1
2025-11-27 20:53:08.220 DEBUG  For Invalid Format Email On Email Field - 1: openBrowser("")
2025-11-27 20:53:08.469 INFO  c.k.k.core.webui.driver.DriverFactory    - Starting 'Firefox (headless)' driver
2025-11-27 20:53:08.569 INFO  c.k.k.core.webui.driver.DriverFactory    - Action delay is set to 0 milliseconds
2025-11-27 20:53:12.547 INFO  c.k.k.core.webui.driver.DriverFactory    - sessionId = b3597969-7601-4b7b-9d80-e690fb53aea1
2025-11-27 20:53:12.548 INFO  c.k.k.core.webui.driver.DriverFactory    - browser = Firefox 145.0.1
2025-11-27 20:53:12.549 INFO  c.k.k.core.webui.driver.DriverFactory    - platform = Windows 11
2025-11-27 20:53:12.550 INFO  c.k.k.core.webui.driver.DriverFactory    - seleniumVersion = 4.34.0
2025-11-27 20:53:12.560 INFO  c.k.k.core.webui.driver.DriverFactory    - proxyInformation = ProxyInformation { proxyOption=NO_PROXY, proxyServerType=HTTP, username=, password=********, proxyServerAddress=, proxyServerPort=0, executionList="", isApplyToDesiredCapabilities=true }
2025-11-27 20:53:12.606 DEBUG  For Invalid Format Email On Email Field - 2: navigateToUrl("https://demoqa.com/automation-practice-form")
2025-11-27 20:54:25.565 DEBUG  For Invalid Format Email On Email Field - 3: maximizeWindow()
2025-11-27 20:54:25.590 DEBUG  For Invalid Format Email On Email Field - 4: delay(2)
2025-11-27 20:54:27.625 DEBUG  For Invalid Format Email On Email Field - 5: verifyElementPresent(findTestObject("Object Repository/Page_DEMOQA/input_Email_userEmail"), 8)
2025-11-27 20:54:27.947 DEBUG  For Invalid Format Email On Email Field - 6: verifyElementVisible(findTestObject("Object Repository/Page_DEMOQA/input_Email_userEmail"), STOP_ON_FAILURE)
2025-11-27 20:54:28.243 DEBUG  For Invalid Format Email On Email Field - 7: delay(2)
2025-11-27 20:54:30.258 DEBUG  For Invalid Format Email On Email Field - 8: setText(findTestObject("Object Repository/Page_DEMOQA/input_Email_userEmail"), EmailAddress)
2025-11-27 20:54:30.891 DEBUG  For Invalid Format Email On Email Field - 9: delay(2)
2025-11-27 20:54:32.908 DEBUG  For Invalid Format Email On Email Field - 10: verifyElementPresent(findTestObject("Object Repository/Page_DEMOQA/button_Submit"), 8)
2025-11-27 20:54:33.149 DEBUG  For Invalid Format Email On Email Field - 11: delay(2)
2025-11-27 20:54:35.158 DEBUG  For Invalid Format Email On Email Field - 12: scrollToElement(findTestObject("Page_DEMOQA/button_Submit"), 100)
2025-11-27 20:54:35.416 DEBUG  For Invalid Format Email On Email Field - 13: delay(2)
2025-11-27 20:54:37.428 DEBUG  For Invalid Format Email On Email Field - 14: verifyElementVisible(findTestObject("Object Repository/Page_DEMOQA/button_Submit"), STOP_ON_FAILURE)
2025-11-27 20:54:37.672 DEBUG  For Invalid Format Email On Email Field - 15: delay(2)
2025-11-27 20:54:39.690 DEBUG  For Invalid Format Email On Email Field - 16: click(findTestObject("Object Repository/Page_DEMOQA/button_Submit"))
2025-11-27 20:54:40.051 DEBUG  For Invalid Format Email On Email Field - 17: delay(2)
2025-11-27 20:54:42.072 DEBUG  For Invalid Format Email On Email Field - 18: scrollToElement(findTestObject("Page_DEMOQA/input_Email_userEmail"), 0)
2025-11-27 20:54:42.082 WARN  c.k.k.c.webui.common.WebUiCommonHelper   - Timeout '0' is invalid. Using default page load timeout: '10'
2025-11-27 20:54:42.320 DEBUG  For Invalid Format Email On Email Field - 19: delay(2)
2025-11-27 20:54:44.325 DEBUG  For Invalid Format Email On Email Field - 20: verifyElementPresent(findTestObject("Page_DEMOQA/div_Email"), 8)
2025-11-27 20:54:44.565 DEBUG  For Invalid Format Email On Email Field - 21: click(findTestObject("Page_DEMOQA/input_Email_userEmail"))
2025-11-27 20:54:44.902 DEBUG  For Invalid Format Email On Email Field - 22: verifyElementPresent(findTestObject("Page_DEMOQA/class_Email_Invalid"), 8)
2025-11-27 20:54:45.138 INFO  c.k.katalon.core.main.TestCaseExecutor   - END Test Cases/Negative/Case01-1-N1 Alert Notification For Invalid Format Email On Email Field
2025-11-27 20:54:45.153 INFO  c.k.katalon.core.main.TestCaseExecutor   - --------------------
2025-11-27 20:54:45.153 INFO  c.k.katalon.core.main.TestCaseExecutor   - START Test Cases/Negative/Case01-1-N1 Alert Notification For Invalid Format Email On Email Field
2025-11-27 20:54:45.164 INFO  c.k.katalon.core.main.TestCaseExecutor   - EmailAddress = NotAnEmail2
2025-11-27 20:54:45.166 DEBUG  For Invalid Format Email On Email Field - 1: openBrowser("")
2025-11-27 20:54:45.169 WARN  c.k.k.core.webui.driver.DriverFactory    - A browser is already opened. Closing browser and opening a new one
2025-11-27 20:54:46.077 INFO  c.k.k.core.webui.driver.DriverFactory    - Starting 'Firefox (headless)' driver
2025-11-27 20:54:46.084 INFO  c.k.k.core.webui.driver.DriverFactory    - Action delay is set to 0 milliseconds
2025-11-27 20:54:48.081 INFO  c.k.k.core.webui.driver.DriverFactory    - sessionId = b27e5535-2a15-4861-967f-46e38e17146a
2025-11-27 20:54:48.082 INFO  c.k.k.core.webui.driver.DriverFactory    - browser = Firefox 145.0.1
2025-11-27 20:54:48.083 INFO  c.k.k.core.webui.driver.DriverFactory    - platform = Windows 11
2025-11-27 20:54:48.084 INFO  c.k.k.core.webui.driver.DriverFactory    - seleniumVersion = 4.34.0
2025-11-27 20:54:48.094 INFO  c.k.k.core.webui.driver.DriverFactory    - proxyInformation = ProxyInformation { proxyOption=NO_PROXY, proxyServerType=HTTP, username=, password=********, proxyServerAddress=, proxyServerPort=0, executionList="", isApplyToDesiredCapabilities=true }
2025-11-27 20:54:48.117 DEBUG  For Invalid Format Email On Email Field - 2: navigateToUrl("https://demoqa.com/automation-practice-form")
2025-11-27 20:55:49.917 DEBUG  For Invalid Format Email On Email Field - 3: maximizeWindow()
2025-11-27 20:55:49.932 DEBUG  For Invalid Format Email On Email Field - 4: delay(2)
2025-11-27 20:55:51.943 DEBUG  For Invalid Format Email On Email Field - 5: verifyElementPresent(findTestObject("Object Repository/Page_DEMOQA/input_Email_userEmail"), 8)
2025-11-27 20:55:52.204 DEBUG  For Invalid Format Email On Email Field - 6: verifyElementVisible(findTestObject("Object Repository/Page_DEMOQA/input_Email_userEmail"), STOP_ON_FAILURE)
2025-11-27 20:55:52.444 DEBUG  For Invalid Format Email On Email Field - 7: delay(2)
2025-11-27 20:55:54.458 DEBUG  For Invalid Format Email On Email Field - 8: setText(findTestObject("Object Repository/Page_DEMOQA/input_Email_userEmail"), EmailAddress)
2025-11-27 20:55:55.031 DEBUG  For Invalid Format Email On Email Field - 9: delay(2)
2025-11-27 20:55:57.050 DEBUG  For Invalid Format Email On Email Field - 10: verifyElementPresent(findTestObject("Object Repository/Page_DEMOQA/button_Submit"), 8)
2025-11-27 20:55:57.287 DEBUG  For Invalid Format Email On Email Field - 11: delay(2)
2025-11-27 20:55:59.291 DEBUG  For Invalid Format Email On Email Field - 12: scrollToElement(findTestObject("Page_DEMOQA/button_Submit"), 100)
2025-11-27 20:55:59.539 DEBUG  For Invalid Format Email On Email Field - 13: delay(2)
2025-11-27 20:56:01.551 DEBUG  For Invalid Format Email On Email Field - 14: verifyElementVisible(findTestObject("Object Repository/Page_DEMOQA/button_Submit"), STOP_ON_FAILURE)
2025-11-27 20:56:01.802 DEBUG  For Invalid Format Email On Email Field - 15: delay(2)
2025-11-27 20:56:03.814 DEBUG  For Invalid Format Email On Email Field - 16: click(findTestObject("Object Repository/Page_DEMOQA/button_Submit"))
2025-11-27 20:56:04.149 DEBUG  For Invalid Format Email On Email Field - 17: delay(2)
2025-11-27 20:56:06.162 DEBUG  For Invalid Format Email On Email Field - 18: scrollToElement(findTestObject("Page_DEMOQA/input_Email_userEmail"), 0)
2025-11-27 20:56:06.168 WARN  c.k.k.c.webui.common.WebUiCommonHelper   - Timeout '0' is invalid. Using default page load timeout: '10'
2025-11-27 20:56:06.412 DEBUG  For Invalid Format Email On Email Field - 19: delay(2)
2025-11-27 20:56:08.425 DEBUG  For Invalid Format Email On Email Field - 20: verifyElementPresent(findTestObject("Page_DEMOQA/div_Email"), 8)
2025-11-27 20:56:08.665 DEBUG  For Invalid Format Email On Email Field - 21: click(findTestObject("Page_DEMOQA/input_Email_userEmail"))
2025-11-27 20:56:08.985 DEBUG  For Invalid Format Email On Email Field - 22: verifyElementPresent(findTestObject("Page_DEMOQA/class_Email_Invalid"), 8)
2025-11-27 20:56:09.224 INFO  c.k.katalon.core.main.TestCaseExecutor   - END Test Cases/Negative/Case01-1-N1 Alert Notification For Invalid Format Email On Email Field
2025-11-27 20:56:09.235 INFO  c.k.katalon.core.main.TestCaseExecutor   - --------------------
2025-11-27 20:56:09.236 INFO  c.k.katalon.core.main.TestCaseExecutor   - START Test Cases/Negative/Case01-1-N1 Alert Notification For Invalid Format Email On Email Field
2025-11-27 20:56:09.246 INFO  c.k.katalon.core.main.TestCaseExecutor   - EmailAddress = NotAnEmail3
2025-11-27 20:56:09.248 DEBUG  For Invalid Format Email On Email Field - 1: openBrowser("")
2025-11-27 20:56:09.251 WARN  c.k.k.core.webui.driver.DriverFactory    - A browser is already opened. Closing browser and opening a new one
2025-11-27 20:56:10.150 INFO  c.k.k.core.webui.driver.DriverFactory    - Starting 'Firefox (headless)' driver
2025-11-27 20:56:10.156 INFO  c.k.k.core.webui.driver.DriverFactory    - Action delay is set to 0 milliseconds
2025-11-27 20:56:12.657 INFO  c.k.k.core.webui.driver.DriverFactory    - sessionId = cf3c6bb8-f3e7-44c7-bb52-5263ef7ab2d8
2025-11-27 20:56:12.658 INFO  c.k.k.core.webui.driver.DriverFactory    - browser = Firefox 145.0.1
2025-11-27 20:56:12.659 INFO  c.k.k.core.webui.driver.DriverFactory    - platform = Windows 11
2025-11-27 20:56:12.660 INFO  c.k.k.core.webui.driver.DriverFactory    - seleniumVersion = 4.34.0
2025-11-27 20:56:12.661 INFO  c.k.k.core.webui.driver.DriverFactory    - proxyInformation = ProxyInformation { proxyOption=NO_PROXY, proxyServerType=HTTP, username=, password=********, proxyServerAddress=, proxyServerPort=0, executionList="", isApplyToDesiredCapabilities=true }
2025-11-27 20:56:12.691 DEBUG  For Invalid Format Email On Email Field - 2: navigateToUrl("https://demoqa.com/automation-practice-form")
2025-11-27 20:57:12.775 DEBUG  For Invalid Format Email On Email Field - 3: maximizeWindow()
2025-11-27 20:57:12.789 DEBUG  For Invalid Format Email On Email Field - 4: delay(2)
2025-11-27 20:57:14.808 DEBUG  For Invalid Format Email On Email Field - 5: verifyElementPresent(findTestObject("Object Repository/Page_DEMOQA/input_Email_userEmail"), 8)
2025-11-27 20:57:15.058 DEBUG  For Invalid Format Email On Email Field - 6: verifyElementVisible(findTestObject("Object Repository/Page_DEMOQA/input_Email_userEmail"), STOP_ON_FAILURE)
2025-11-27 20:57:15.293 DEBUG  For Invalid Format Email On Email Field - 7: delay(2)
2025-11-27 20:57:17.305 DEBUG  For Invalid Format Email On Email Field - 8: setText(findTestObject("Object Repository/Page_DEMOQA/input_Email_userEmail"), EmailAddress)
2025-11-27 20:57:17.874 DEBUG  For Invalid Format Email On Email Field - 9: delay(2)
2025-11-27 20:57:19.879 DEBUG  For Invalid Format Email On Email Field - 10: verifyElementPresent(findTestObject("Object Repository/Page_DEMOQA/button_Submit"), 8)
2025-11-27 20:57:20.118 DEBUG  For Invalid Format Email On Email Field - 11: delay(2)
2025-11-27 20:57:22.123 DEBUG  For Invalid Format Email On Email Field - 12: scrollToElement(findTestObject("Page_DEMOQA/button_Submit"), 100)
2025-11-27 20:57:22.370 DEBUG  For Invalid Format Email On Email Field - 13: delay(2)
2025-11-27 20:57:24.375 DEBUG  For Invalid Format Email On Email Field - 14: verifyElementVisible(findTestObject("Object Repository/Page_DEMOQA/button_Submit"), STOP_ON_FAILURE)
2025-11-27 20:57:24.611 DEBUG  For Invalid Format Email On Email Field - 15: delay(2)
2025-11-27 20:57:26.627 DEBUG  For Invalid Format Email On Email Field - 16: click(findTestObject("Object Repository/Page_DEMOQA/button_Submit"))
2025-11-27 20:57:26.968 DEBUG  For Invalid Format Email On Email Field - 17: delay(2)
2025-11-27 20:57:28.973 DEBUG  For Invalid Format Email On Email Field - 18: scrollToElement(findTestObject("Page_DEMOQA/input_Email_userEmail"), 0)
2025-11-27 20:57:28.979 WARN  c.k.k.c.webui.common.WebUiCommonHelper   - Timeout '0' is invalid. Using default page load timeout: '10'
2025-11-27 20:57:29.223 DEBUG  For Invalid Format Email On Email Field - 19: delay(2)
2025-11-27 20:57:31.239 DEBUG  For Invalid Format Email On Email Field - 20: verifyElementPresent(findTestObject("Page_DEMOQA/div_Email"), 8)
2025-11-27 20:57:31.464 DEBUG  For Invalid Format Email On Email Field - 21: click(findTestObject("Page_DEMOQA/input_Email_userEmail"))
2025-11-27 20:57:31.791 DEBUG  For Invalid Format Email On Email Field - 22: verifyElementPresent(findTestObject("Page_DEMOQA/class_Email_Invalid"), 8)
2025-11-27 20:57:32.034 INFO  c.k.katalon.core.main.TestCaseExecutor   - END Test Cases/Negative/Case01-1-N1 Alert Notification For Invalid Format Email On Email Field
2025-11-27 20:57:32.941 INFO  c.k.katalon.core.main.TestSuiteExecutor  - --------------------
2025-11-27 20:57:32.941 INFO  c.k.katalon.core.main.TestSuiteExecutor  - END Test Suites/TSPractiveFormInvalidFormatEmail
2025-11-27 20:57:32.941 INFO  c.k.katalon.core.main.TestSuiteExecutor  - ====================
